#
# A fatal error has been detected by the Java Runtime Environment:
#
#  EXCEPTION_ACCESS_VIOLATION (0xc0000005) at pc=0x0000000180052acb, pid=17096, tid=0x0000000000000bc4
#
# JRE version: Java(TM) SE Runtime Environment (8.0_131-b11) (build 1.8.0_131-b11)
# Java VM: Java HotSpot(TM) 64-Bit Server VM (25.131-b11 mixed mode windows-amd64 compressed oops)
# Problematic frame:
# C  [zkemkeeper.dll+0x52acb]
#
# Failed to write core dump. Minidumps are not enabled by default on client versions of Windows
#
# If you would like to submit a bug report, please visit:
#   http://bugreport.java.com/bugreport/crash.jsp
# The crash happened outside the Java Virtual Machine in native code.
# See problematic frame for where to report the bug.
#

---------------  T H R E A D  ---------------

Current thread (0x000000001f166800):  JavaThread "pool-1-thread-1" [_thread_in_native, id=3012, stack(0x0000000025150000,0x0000000025250000)]

siginfo: ExceptionCode=0xc0000005, reading address 0x00000000000000d0

Registers:
RAX=0x0000000000000000, RBX=0x00000000029c0450, RCX=0x0000000023a34432, RDX=0x0000000000000001
RSP=0x000000002524db10, RBP=0x000000002524db80, RSI=0x000000002524dbf8, RDI=0x0000000180018af0
R8 =0x000000002524dd70, R9 =0x0000000000000000, R10=0x000000000296ce48, R11=0x0000000000000fff
R12=0x000000002524dbf8, R13=0x0000000000000018, R14=0x000000002524dbe0, R15=0x000000002524dbf0
RIP=0x0000000180052acb, EFLAGS=0x0000000000010202

Top of Stack: (sp=0x000000002524db10)
0x000000002524db10:   000000002524db50 0000000023862460
0x000000002524db20:   0000000000000000 0000000180018b37
0x000000002524db30:   0000000023a34432 0000000000000001
0x000000002524db40:   000000002524dd70 0000000004ad08da
0x000000002524db50:   00000000d6539860 00007ffb9a8cd3df
0x000000002524db60:   0000000023a30080 0000000000000001
0x000000002524db70:   000000002524dd70 0000000000000000
0x000000002524db80:   0000000000000000 0000000000000000
0x000000002524db90:   0000000000000000 0000000000000000
0x000000002524dba0:   000000002524dc00 000000000296ce50
0x000000002524dbb0:   000000000296ce6a 00007ffb9a8bef0e
0x000000002524dbc0:   0000000000000000 000000000296ce48
0x000000002524dbd0:   0000000000000fff 00007ffb9a8bee4d
0x000000002524dbe0:   0000000023a30080 0000000000000001
0x000000002524dbf0:   000000002524dd70 0000000023847348
0x000000002524dc00:   000000000000000a 0000000180018af0 

Instructions: (pc=0x0000000180052acb)
0x0000000180052aab:   cc cc cc cc cc 4c 89 44 24 18 89 54 24 10 48 89
0x0000000180052abb:   4c 24 08 48 83 ec 18 48 8b 44 24 20 48 8b 40 10
0x0000000180052acb:   83 b8 d0 00 00 00 01 75 0b b8 01 00 00 00 66 89
0x0000000180052adb:   04 24 eb 06 33 c0 66 89 04 24 48 8b 4c 24 30 0f 


Register to memory mapping:

RAX=0x0000000000000000 is an unknown value
RBX=0x00000000029c0450 is an unknown value
RCX=0x0000000023a34432 is an unknown value
RDX=0x0000000000000001 is an unknown value
RSP=0x000000002524db10 is pointing into the stack for thread: 0x000000001f166800
RBP=0x000000002524db80 is pointing into the stack for thread: 0x000000001f166800
RSI=0x000000002524dbf8 is pointing into the stack for thread: 0x000000001f166800
RDI=0x0000000180018af0 is an unknown value
R8 =0x000000002524dd70 is pointing into the stack for thread: 0x000000001f166800
R9 =0x0000000000000000 is an unknown value
R10=0x000000000296ce48 is an unknown value
R11=0x0000000000000fff is an unknown value
R12=0x000000002524dbf8 is pointing into the stack for thread: 0x000000001f166800
R13=0x0000000000000018 is an unknown value
R14=0x000000002524dbe0 is pointing into the stack for thread: 0x000000001f166800
R15=0x000000002524dbf0 is pointing into the stack for thread: 0x000000001f166800


Stack: [0x0000000025150000,0x0000000025250000],  sp=0x000000002524db10,  free space=1014k
Native frames: (J=compiled Java code, j=interpreted, Vv=VM code, C=native code)
C  [zkemkeeper.dll+0x52acb]
C  [zkemkeeper.dll+0x18b37]
C  [OLEAUT32.dll+0x1d3df]
C  [OLEAUT32.dll+0xef0e]
C  [OLEAUT32.dll+0xbd17]
C  [zkemkeeper.dll+0x28f59]
C  [zkemkeeper.dll+0x28ebb]
C  [jacob-1.18-x64.dll+0x22a8]
C  0x0000000004ae7f74

Java frames: (J=compiled Java code, j=interpreted, Vv=VM code)
j  com.jacob.com.Dispatch.invokev(Lcom/jacob/com/Dispatch;Ljava/lang/String;III[Lcom/jacob/com/Variant;[I)Lcom/jacob/com/Variant;+0
j  com.jacob.com.Dispatch.invokev(Lcom/jacob/com/Dispatch;Ljava/lang/String;I[Lcom/jacob/com/Variant;[I)Lcom/jacob/com/Variant;+14
j  com.jacob.com.Dispatch.callN(Lcom/jacob/com/Dispatch;Ljava/lang/String;[Ljava/lang/Object;)Lcom/jacob/com/Variant;+15
j  com.jacob.activeX.ActiveXComponent.invoke(Ljava/lang/String;[Lcom/jacob/com/Variant;)Lcom/jacob/com/Variant;+3
j  com.wemarklinks.method.ZkemSDK.isTFTMachine(I)Z+21
j  com.wemarklinks.common.ScheduledTasks.cheakSDK()V+5
v  ~StubRoutines::call_stub
J 1051  sun.reflect.NativeMethodAccessorImpl.invoke0(Ljava/lang/reflect/Method;Ljava/lang/Object;[Ljava/lang/Object;)Ljava/lang/Object; (0 bytes) @ 0x0000000004e5e0bf [0x0000000004e5e040+0x7f]
J 1050 C1 sun.reflect.NativeMethodAccessorImpl.invoke(Ljava/lang/Object;[Ljava/lang/Object;)Ljava/lang/Object; (104 bytes) @ 0x0000000004eb8c64 [0x0000000004eb7ac0+0x11a4]
J 3047 C2 java.lang.reflect.Method.invoke(Ljava/lang/Object;[Ljava/lang/Object;)Ljava/lang/Object; (62 bytes) @ 0x000000000564db80 [0x000000000564dae0+0xa0]
j  org.springframework.scheduling.support.ScheduledMethodRunnable.run()V+19
j  org.springframework.scheduling.support.DelegatingErrorHandlingRunnable.run()V+4
j  org.springframework.scheduling.concurrent.ReschedulingRunnable.run()V+9
j  java.util.concurrent.Executors$RunnableAdapter.call()Ljava/lang/Object;+4
j  java.util.concurrent.FutureTask.run()V+42
j  java.util.concurrent.ScheduledThreadPoolExecutor$ScheduledFutureTask.access$201(Ljava/util/concurrent/ScheduledThreadPoolExecutor$ScheduledFutureTask;)V+1
j  java.util.concurrent.ScheduledThreadPoolExecutor$ScheduledFutureTask.run()V+30
j  java.util.concurrent.ThreadPoolExecutor.runWorker(Ljava/util/concurrent/ThreadPoolExecutor$Worker;)V+95
j  java.util.concurrent.ThreadPoolExecutor$Worker.run()V+5
j  java.lang.Thread.run()V+11
v  ~StubRoutines::call_stub

---------------  P R O C E S S  ---------------

Java Threads: ( => current thread )
  0x000000001f207000 JavaThread "DestroyJavaVM" [_thread_blocked, id=15876, stack(0x00000000048a0000,0x00000000049a0000)]
  0x000000001f206800 JavaThread "Thread-12" [_thread_in_native, id=8384, stack(0x0000000026150000,0x0000000026250000)]
  0x000000001f205000 JavaThread "http-nio-8080-AsyncTimeout" daemon [_thread_blocked, id=6028, stack(0x0000000026050000,0x0000000026150000)]
  0x000000001f205800 JavaThread "http-nio-8080-Acceptor-0" daemon [_thread_in_native, id=10596, stack(0x0000000025f50000,0x0000000026050000)]
  0x000000001f1f9000 JavaThread "http-nio-8080-ClientPoller-1" daemon [_thread_in_native, id=19352, stack(0x0000000025e50000,0x0000000025f50000)]
  0x000000001f1fd800 JavaThread "http-nio-8080-ClientPoller-0" daemon [_thread_in_native, id=10064, stack(0x0000000025d50000,0x0000000025e50000)]
  0x000000001f1f9800 JavaThread "http-nio-8080-exec-10" daemon [_thread_blocked, id=260, stack(0x0000000025c50000,0x0000000025d50000)]
  0x000000001f1fe000 JavaThread "http-nio-8080-exec-9" daemon [_thread_blocked, id=2936, stack(0x0000000025b50000,0x0000000025c50000)]
  0x000000001f1fa800 JavaThread "http-nio-8080-exec-8" daemon [_thread_blocked, id=2712, stack(0x0000000025a50000,0x0000000025b50000)]
  0x000000001f1fc800 JavaThread "http-nio-8080-exec-7" daemon [_thread_blocked, id=6836, stack(0x0000000025950000,0x0000000025a50000)]
  0x000000001f1ff000 JavaThread "http-nio-8080-exec-6" daemon [_thread_blocked, id=8952, stack(0x0000000025850000,0x0000000025950000)]
  0x000000001f1fc000 JavaThread "http-nio-8080-exec-5" daemon [_thread_blocked, id=2992, stack(0x0000000025750000,0x0000000025850000)]
  0x000000001f1fb000 JavaThread "http-nio-8080-exec-4" daemon [_thread_blocked, id=4872, stack(0x0000000025650000,0x0000000025750000)]
  0x000000001f1ff800 JavaThread "http-nio-8080-exec-3" daemon [_thread_blocked, id=13024, stack(0x0000000025550000,0x0000000025650000)]
  0x000000001f164800 JavaThread "http-nio-8080-exec-2" daemon [_thread_blocked, id=15616, stack(0x0000000025450000,0x0000000025550000)]
  0x000000001f166000 JavaThread "http-nio-8080-exec-1" daemon [_thread_blocked, id=14916, stack(0x0000000025350000,0x0000000025450000)]
  0x000000001f167800 JavaThread "NioBlockingSelector.BlockPoller-1" daemon [_thread_in_native, id=19392, stack(0x0000000025250000,0x0000000025350000)]
=>0x000000001f166800 JavaThread "pool-1-thread-1" [_thread_in_native, id=3012, stack(0x0000000025150000,0x0000000025250000)]
  0x000000001f161800 JavaThread "Live Reload Server" daemon [_thread_in_native, id=11136, stack(0x0000000024e50000,0x0000000024f50000)]
  0x000000001f162000 JavaThread "File Watcher" daemon [_thread_blocked, id=8732, stack(0x00000000249f0000,0x0000000024af0000)]
  0x000000001f163800 JavaThread "Thread-6" [_thread_in_native, id=19040, stack(0x0000000024790000,0x0000000024890000)]
  0x000000001f165000 JavaThread "Thread-5" [_thread_in_native, id=11352, stack(0x0000000024690000,0x0000000024790000)]
  0x0000000021155000 JavaThread "container-0" [_thread_blocked, id=15396, stack(0x0000000023730000,0x0000000023830000)]
  0x0000000020a22800 JavaThread "ContainerBackgroundProcessor[StandardEngine[Tomcat]]" daemon [_thread_blocked, id=7264, stack(0x0000000023630000,0x0000000023730000)]
  0x000000001ba38000 JavaThread "Service Thread" daemon [_thread_blocked, id=7164, stack(0x000000001c480000,0x000000001c580000)]
  0x000000001b9ae800 JavaThread "C1 CompilerThread3" daemon [_thread_blocked, id=10056, stack(0x000000001c380000,0x000000001c480000)]
  0x000000001b9a8000 JavaThread "C2 CompilerThread2" daemon [_thread_blocked, id=10488, stack(0x000000001c280000,0x000000001c380000)]
  0x000000001b9a6800 JavaThread "C2 CompilerThread1" daemon [_thread_blocked, id=9596, stack(0x000000001c180000,0x000000001c280000)]
  0x000000001b9a3800 JavaThread "C2 CompilerThread0" daemon [_thread_blocked, id=16688, stack(0x000000001c080000,0x000000001c180000)]
  0x000000001b9a2800 JavaThread "Attach Listener" daemon [_thread_blocked, id=9392, stack(0x000000001bf80000,0x000000001c080000)]
  0x000000001b949000 JavaThread "Signal Dispatcher" daemon [_thread_blocked, id=1300, stack(0x000000001be80000,0x000000001bf80000)]
  0x000000001b930800 JavaThread "Finalizer" daemon [_thread_blocked, id=20364, stack(0x000000001bd10000,0x000000001be10000)]
  0x0000000004abb000 JavaThread "Reference Handler" daemon [_thread_blocked, id=8532, stack(0x000000001b810000,0x000000001b910000)]

Other Threads:
  0x0000000019a39000 VMThread [stack: 0x000000001b710000,0x000000001b810000] [id=17596]
  0x000000001b9c4000 WatcherThread [stack: 0x000000001c580000,0x000000001c680000] [id=15160]

VM state:not at safepoint (normal execution)

VM Mutex/Monitor currently owned by a thread: None

Heap:
 PSYoungGen      total 140288K, used 5981K [0x00000000d6000000, 0x00000000e2700000, 0x0000000100000000)
  eden space 126464K, 4% used [0x00000000d6000000,0x00000000d65d7790,0x00000000ddb80000)
  from space 13824K, 0% used [0x00000000dec80000,0x00000000dec80000,0x00000000dfa00000)
  to   space 17408K, 0% used [0x00000000ddb80000,0x00000000ddb80000,0x00000000dec80000)
 ParOldGen       total 105472K, used 23409K [0x0000000082000000, 0x0000000088700000, 0x00000000d6000000)
  object space 105472K, 22% used [0x0000000082000000,0x00000000836dc418,0x0000000088700000)
 Metaspace       used 35108K, capacity 35606K, committed 35880K, reserved 1081344K
  class space    used 4410K, capacity 4548K, committed 4648K, reserved 1048576K

Card table byte_map: [0x0000000013e90000,0x0000000014290000] byte_map_base: 0x0000000013a80000

Marking Bits: (ParMarkBitMap*) 0x000000006c03c720
 Begin Bits: [0x0000000014d30000, 0x0000000016cb0000)
 End Bits:   [0x0000000016cb0000, 0x0000000018c30000)

Polling page: 0x00000000049a0000

CodeCache: size=245760Kb used=13502Kb max_used=14492Kb free=232257Kb
 bounds [0x0000000004ad0000, 0x0000000005960000, 0x0000000013ad0000]
 total_blobs=3852 nmethods=3401 adapters=362
 compilation: enabled

Compilation events (10 events):
Event: 146.886 Thread 0x000000001b9ae800 nmethod 3977 0x0000000004d0a5d0 code [0x0000000004d0a780, 0x0000000004d0adf8]
Event: 146.945 Thread 0x000000001b9a8000 nmethod 3975 0x0000000004f5b010 code [0x0000000004f5b440, 0x0000000004f5d658]
Event: 146.945 Thread 0x000000001b9a8000 3976       4       org.springframework.core.ResolvableType::getInterfaces (50 bytes)
Event: 146.952 Thread 0x000000001b9a8000 nmethod 3976 0x0000000004c6c5d0 code [0x0000000004c6c780, 0x0000000004c6cdb0]
Event: 147.032 Thread 0x000000001b9a6800 nmethod 3954 0x00000000053cd490 code [0x00000000053cd860, 0x00000000053d6078]
Event: 147.660 Thread 0x000000001b9a3800 nmethod 3948 0x0000000005943790 code [0x0000000005944140, 0x000000000594d9a0]
Event: 148.007 Thread 0x000000001b9a8000 3978       4       java.io.File::equals (30 bytes)
Event: 148.014 Thread 0x000000001b9a8000 nmethod 3978 0x00000000053382d0 code [0x0000000005338460, 0x0000000005338c78]
Event: 148.608 Thread 0x000000001b9ae800 3979       3       java.io.File::isFile (43 bytes)
Event: 148.609 Thread 0x000000001b9ae800 nmethod 3979 0x0000000004f44210 code [0x0000000004f443a0, 0x0000000004f44808]

GC Heap History (10 events):
Event: 1.414 GC heap before
{Heap before GC invocations=6 (full 1):
 PSYoungGen      total 70656K, used 5112K [0x00000000d6000000, 0x00000000df300000, 0x0000000100000000)
  eden space 65536K, 0% used [0x00000000d6000000,0x00000000d6000000,0x00000000da000000)
  from space 5120K, 99% used [0x00000000da000000,0x00000000da4fe010,0x00000000da500000)
  to   space 9728K, 0% used [0x00000000de980000,0x00000000de980000,0x00000000df300000)
 ParOldGen       total 86016K, used 10108K [0x0000000082000000, 0x0000000087400000, 0x00000000d6000000)
  object space 86016K, 11% used [0x0000000082000000,0x00000000829df338,0x0000000087400000)
 Metaspace       used 20808K, capacity 21192K, committed 21296K, reserved 1069056K
  class space    used 2552K, capacity 2627K, committed 2688K, reserved 1048576K
Event: 1.458 GC heap after
Heap after GC invocations=6 (full 1):
 PSYoungGen      total 70656K, used 0K [0x00000000d6000000, 0x00000000df300000, 0x0000000100000000)
  eden space 65536K, 0% used [0x00000000d6000000,0x00000000d6000000,0x00000000da000000)
  from space 5120K, 0% used [0x00000000da000000,0x00000000da000000,0x00000000da500000)
  to   space 9728K, 0% used [0x00000000de980000,0x00000000de980000,0x00000000df300000)
 ParOldGen       total 63488K, used 9349K [0x0000000082000000, 0x0000000085e00000, 0x00000000d6000000)
  object space 63488K, 14% used [0x0000000082000000,0x00000000829215d0,0x0000000085e00000)
 Metaspace       used 20808K, capacity 21192K, committed 21296K, reserved 1069056K
  class space    used 2552K, capacity 2627K, committed 2688K, reserved 1048576K
}
Event: 2.143 GC heap before
{Heap before GC invocations=7 (full 1):
 PSYoungGen      total 70656K, used 65536K [0x00000000d6000000, 0x00000000df300000, 0x0000000100000000)
  eden space 65536K, 100% used [0x00000000d6000000,0x00000000da000000,0x00000000da000000)
  from space 5120K, 0% used [0x00000000da000000,0x00000000da000000,0x00000000da500000)
  to   space 9728K, 0% used [0x00000000de980000,0x00000000de980000,0x00000000df300000)
 ParOldGen       total 63488K, used 9349K [0x0000000082000000, 0x0000000085e00000, 0x00000000d6000000)
  object space 63488K, 14% used [0x0000000082000000,0x00000000829215d0,0x0000000085e00000)
 Metaspace       used 26240K, capacity 26656K, committed 27008K, reserved 1073152K
  class space    used 3247K, capacity 3399K, committed 3456K, reserved 1048576K
Event: 2.149 GC heap after
Heap after GC invocations=7 (full 1):
 PSYoungGen      total 104448K, used 9709K [0x00000000d6000000, 0x00000000df300000, 0x0000000100000000)
  eden space 94720K, 0% used [0x00000000d6000000,0x00000000d6000000,0x00000000dbc80000)
  from space 9728K, 99% used [0x00000000de980000,0x00000000df2fb778,0x00000000df300000)
  to   space 10752K, 0% used [0x00000000dde00000,0x00000000dde00000,0x00000000de880000)
 ParOldGen       total 63488K, used 9700K [0x0000000082000000, 0x0000000085e00000, 0x00000000d6000000)
  object space 63488K, 15% used [0x0000000082000000,0x00000000829793e8,0x0000000085e00000)
 Metaspace       used 26240K, capacity 26656K, committed 27008K, reserved 1073152K
  class space    used 3247K, capacity 3399K, committed 3456K, reserved 1048576K
}
Event: 28.261 GC heap before
{Heap before GC invocations=8 (full 1):
 PSYoungGen      total 104448K, used 104429K [0x00000000d6000000, 0x00000000df300000, 0x0000000100000000)
  eden space 94720K, 100% used [0x00000000d6000000,0x00000000dbc80000,0x00000000dbc80000)
  from space 9728K, 99% used [0x00000000de980000,0x00000000df2fb778,0x00000000df300000)
  to   space 10752K, 0% used [0x00000000dde00000,0x00000000dde00000,0x00000000de880000)
 ParOldGen       total 63488K, used 9700K [0x0000000082000000, 0x0000000085e00000, 0x00000000d6000000)
  object space 63488K, 15% used [0x0000000082000000,0x00000000829793e8,0x0000000085e00000)
 Metaspace       used 29932K, capacity 30432K, committed 30720K, reserved 1077248K
  class space    used 3705K, capacity 3831K, committed 3840K, reserved 1048576K
Event: 28.271 GC heap after
Heap after GC invocations=8 (full 1):
 PSYoungGen      total 139776K, used 10741K [0x00000000d6000000, 0x00000000dfa00000, 0x0000000100000000)
  eden space 129024K, 0% used [0x00000000d6000000,0x00000000d6000000,0x00000000dde00000)
  from space 10752K, 99% used [0x00000000dde00000,0x00000000de87d7f0,0x00000000de880000)
  to   space 13824K, 0% used [0x00000000dec80000,0x00000000dec80000,0x00000000dfa00000)
 ParOldGen       total 63488K, used 13212K [0x0000000082000000, 0x0000000085e00000, 0x00000000d6000000)
  object space 63488K, 20% used [0x0000000082000000,0x0000000082ce7258,0x0000000085e00000)
 Metaspace       used 29932K, capacity 30432K, committed 30720K, reserved 1077248K
  class space    used 3705K, capacity 3831K, committed 3840K, reserved 1048576K
}
Event: 146.786 GC heap before
{Heap before GC invocations=9 (full 1):
 PSYoungGen      total 139776K, used 132158K [0x00000000d6000000, 0x00000000dfa00000, 0x0000000100000000)
  eden space 129024K, 94% used [0x00000000d6000000,0x00000000dd6921f0,0x00000000dde00000)
  from space 10752K, 99% used [0x00000000dde00000,0x00000000de87d7f0,0x00000000de880000)
  to   space 13824K, 0% used [0x00000000dec80000,0x00000000dec80000,0x00000000dfa00000)
 ParOldGen       total 63488K, used 13212K [0x0000000082000000, 0x0000000085e00000, 0x00000000d6000000)
  object space 63488K, 20% used [0x0000000082000000,0x0000000082ce7258,0x0000000085e00000)
 Metaspace       used 34935K, capacity 35382K, committed 35496K, reserved 1081344K
  class space    used 4387K, capacity 4516K, committed 4520K, reserved 1048576K
Event: 146.798 GC heap after
Heap after GC invocations=9 (full 1):
 PSYoungGen      total 140288K, used 13793K [0x00000000d6000000, 0x00000000e2700000, 0x0000000100000000)
  eden space 126464K, 0% used [0x00000000d6000000,0x00000000d6000000,0x00000000ddb80000)
  from space 13824K, 99% used [0x00000000dec80000,0x00000000df9f8560,0x00000000dfa00000)
  to   space 17408K, 0% used [0x00000000ddb80000,0x00000000ddb80000,0x00000000dec80000)
 ParOldGen       total 63488K, used 17338K [0x0000000082000000, 0x0000000085e00000, 0x00000000d6000000)
  object space 63488K, 27% used [0x0000000082000000,0x00000000830ee810,0x0000000085e00000)
 Metaspace       used 34935K, capacity 35382K, committed 35496K, reserved 1081344K
  class space    used 4387K, capacity 4516K, committed 4520K, reserved 1048576K
}
Event: 146.798 GC heap before
{Heap before GC invocations=10 (full 2):
 PSYoungGen      total 140288K, used 13793K [0x00000000d6000000, 0x00000000e2700000, 0x0000000100000000)
  eden space 126464K, 0% used [0x00000000d6000000,0x00000000d6000000,0x00000000ddb80000)
  from space 13824K, 99% used [0x00000000dec80000,0x00000000df9f8560,0x00000000dfa00000)
  to   space 17408K, 0% used [0x00000000ddb80000,0x00000000ddb80000,0x00000000dec80000)
 ParOldGen       total 63488K, used 17338K [0x0000000082000000, 0x0000000085e00000, 0x00000000d6000000)
  object space 63488K, 27% used [0x0000000082000000,0x00000000830ee810,0x0000000085e00000)
 Metaspace       used 34935K, capacity 35382K, committed 35496K, reserved 1081344K
  class space    used 4387K, capacity 4516K, committed 4520K, reserved 1048576K
Event: 146.864 GC heap after
Heap after GC invocations=10 (full 2):
 PSYoungGen      total 140288K, used 0K [0x00000000d6000000, 0x00000000e2700000, 0x0000000100000000)
  eden space 126464K, 0% used [0x00000000d6000000,0x00000000d6000000,0x00000000ddb80000)
  from space 13824K, 0% used [0x00000000dec80000,0x00000000dec80000,0x00000000dfa00000)
  to   space 17408K, 0% used [0x00000000ddb80000,0x00000000ddb80000,0x00000000dec80000)
 ParOldGen       total 105472K, used 23409K [0x0000000082000000, 0x0000000088700000, 0x00000000d6000000)
  object space 105472K, 22% used [0x0000000082000000,0x00000000836dc418,0x0000000088700000)
 Metaspace       used 34935K, capacity 35382K, committed 35496K, reserved 1081344K
  class space    used 4387K, capacity 4516K, committed 4520K, reserved 1048576K
}

Deoptimization events (10 events):
Event: 28.931 Thread 0x000000001c8f2000 Uncommon trap: reason=unstable_if action=reinterpret pc=0x000000000514153c method=org.springframework.util.ConcurrentReferenceHashMap$Segment.restructureIfNecessary(Z)V @ 33
Event: 146.725 Thread 0x000000001f166000 Uncommon trap: reason=unstable_if action=reinterpret pc=0x0000000005042cf8 method=java.io.WinNTFileSystem.isLetter(C)Z @ 3
Event: 146.729 Thread 0x000000001f166000 Uncommon trap: reason=unstable_if action=reinterpret pc=0x00000000051e8df8 method=java.io.File.isFile()Z @ 34
Event: 146.760 Thread 0x000000001f166000 Uncommon trap: reason=class_check action=maybe_recompile pc=0x00000000058d0b30 method=java.util.regex.Pattern$CharProperty$1.isSatisfiedBy(I)Z @ 5
Event: 146.760 Thread 0x000000001f166000 Uncommon trap: reason=class_check action=maybe_recompile pc=0x00000000058d0b30 method=java.util.regex.Pattern$CharProperty$1.isSatisfiedBy(I)Z @ 5
Event: 146.760 Thread 0x000000001f166000 Uncommon trap: reason=class_check action=maybe_recompile pc=0x00000000058d0b30 method=java.util.regex.Pattern$CharProperty$1.isSatisfiedBy(I)Z @ 5
Event: 146.760 Thread 0x000000001f166000 Uncommon trap: reason=class_check action=maybe_recompile pc=0x00000000058d0b30 method=java.util.regex.Pattern$CharProperty$1.isSatisfiedBy(I)Z @ 5
Event: 146.773 Thread 0x000000001f166000 Uncommon trap: reason=unstable_if action=reinterpret pc=0x00000000050df008 method=java.util.concurrent.ConcurrentHashMap.get(Ljava/lang/Object;)Ljava/lang/Object; @ 76
Event: 146.782 Thread 0x000000001f166000 Uncommon trap: reason=bimorphic action=maybe_recompile pc=0x00000000056275fc method=java.util.AbstractList$Itr.next()Ljava/lang/Object; @ 14
Event: 146.864 Thread 0x0000000004abb000 Uncommon trap: reason=unstable_if action=reinterpret pc=0x0000000004d3f6f4 method=java.lang.ref.Reference.tryHandlePending(Z)Z @ 20

Internal exceptions (10 events):
Event: 146.737 Thread 0x000000001f166000 Exception <a 'java/lang/ClassNotFoundException': org/springframework/web/servlet/theme/AbstractThemeResolverCustomizer> (0x00000000dd306a48) thrown at [C:\re\workspace\8-2-build-windows-amd64-cygwin\jdk8u131\8869\hotspot\src\share\vm\classfile\systemDicti
Event: 146.738 Thread 0x000000001f166000 Exception <a 'java/lang/ClassNotFoundException': org/springframework/web/servlet/theme/FixedThemeResolverCustomizer> (0x00000000dd31de70) thrown at [C:\re\workspace\8-2-build-windows-amd64-cygwin\jdk8u131\8869\hotspot\src\share\vm\classfile\systemDictiona
Event: 146.739 Thread 0x000000001f166000 Exception <a 'java/lang/ClassNotFoundException': org/springframework/web/servlet/ThemeResolverCustomizer> (0x00000000dd3330b0) thrown at [C:\re\workspace\8-2-build-windows-amd64-cygwin\jdk8u131\8869\hotspot\src\share\vm\classfile\systemDictionary.cpp, lin
Event: 146.742 Thread 0x000000001f166000 Exception <a 'java/lang/ClassNotFoundException': java/lang/ObjectCustomizer> (0x00000000dd351e60) thrown at [C:\re\workspace\8-2-build-windows-amd64-cygwin\jdk8u131\8869\hotspot\src\share\vm\classfile\systemDictionary.cpp, line 210]
Event: 146.743 Thread 0x000000001f166000 Exception <a 'java/lang/ClassNotFoundException': org/springframework/web/servlet/view/DefaultRequestToViewNameTranslatorCustomizer> (0x00000000dd36c1b0) thrown at [C:\re\workspace\8-2-build-windows-amd64-cygwin\jdk8u131\8869\hotspot\src\share\vm\classfile
Event: 146.743 Thread 0x000000001f166000 Exception <a 'java/lang/ClassNotFoundException': org/springframework/web/servlet/RequestToViewNameTranslatorCustomizer> (0x00000000dd392350) thrown at [C:\re\workspace\8-2-build-windows-amd64-cygwin\jdk8u131\8869\hotspot\src\share\vm\classfile\systemDicti
Event: 146.745 Thread 0x000000001f166000 Exception <a 'java/lang/ClassNotFoundException': java/lang/ObjectCustomizer> (0x00000000dd3bf138) thrown at [C:\re\workspace\8-2-build-windows-amd64-cygwin\jdk8u131\8869\hotspot\src\share\vm\classfile\systemDictionary.cpp, line 210]
Event: 146.746 Thread 0x000000001f166000 Exception <a 'java/lang/ClassNotFoundException': org/springframework/web/servlet/support/AbstractFlashMapManagerCustomizer> (0x00000000dd3d7c28) thrown at [C:\re\workspace\8-2-build-windows-amd64-cygwin\jdk8u131\8869\hotspot\src\share\vm\classfile\systemD
Event: 146.746 Thread 0x000000001f166000 Exception <a 'java/lang/ClassNotFoundException': org/springframework/web/servlet/support/SessionFlashMapManagerCustomizer> (0x00000000dd3f4598) thrown at [C:\re\workspace\8-2-build-windows-amd64-cygwin\jdk8u131\8869\hotspot\src\share\vm\classfile\systemDi
Event: 146.747 Thread 0x000000001f166000 Exception <a 'java/lang/ClassNotFoundException': org/springframework/web/servlet/FlashMapManagerCustomizer> (0x00000000dd409550) thrown at [C:\re\workspace\8-2-build-windows-amd64-cygwin\jdk8u131\8869\hotspot\src\share\vm\classfile\systemDictionary.cpp, l

Events (10 events):
Event: 146.883 loading class org/apache/tomcat/util/net/NioBlockingSelector$KeyReference
Event: 146.884 loading class org/apache/tomcat/util/net/NioBlockingSelector$KeyReference done
Event: 146.884 loading class org/apache/tomcat/util/net/NioBlockingSelector$BlockPoller$3
Event: 146.884 loading class org/apache/tomcat/util/net/NioBlockingSelector$BlockPoller$3 done
Event: 146.885 Executing VM operation: RevokeBias
Event: 146.885 Executing VM operation: RevokeBias done
Event: 146.885 Executing VM operation: RevokeBias
Event: 146.885 Executing VM operation: RevokeBias done
Event: 146.887 Executing VM operation: RevokeBias
Event: 146.887 Executing VM operation: RevokeBias done


Dynamic libraries:
0x00007ff6949d0000 - 0x00007ff694a07000 	C:\Program Files\Java\jdk1.8.0_131\bin\javaw.exe
0x00007ffb9ad50000 - 0x00007ffb9af30000 	C:\WINDOWS\SYSTEM32\ntdll.dll
0x00007ffb9a220000 - 0x00007ffb9a2ce000 	C:\WINDOWS\System32\KERNEL32.DLL
0x00007ffb975f0000 - 0x00007ffb97856000 	C:\WINDOWS\System32\KERNELBASE.dll
0x00007ffb957d0000 - 0x00007ffb95858000 	C:\WINDOWS\SYSTEM32\apphelp.dll
0x00007ffb765a0000 - 0x00007ffb765f7000 	C:\WINDOWS\SYSTEM32\AcGenral.DLL
0x00007ffb9a500000 - 0x00007ffb9a59d000 	C:\WINDOWS\System32\msvcrt.dll
0x00007ffb9acc0000 - 0x00007ffb9ad1b000 	C:\WINDOWS\System32\sechost.dll
0x00007ffb999d0000 - 0x00007ffb99aef000 	C:\WINDOWS\System32\RPCRT4.dll
0x00007ffb984d0000 - 0x00007ffb98521000 	C:\WINDOWS\System32\SHLWAPI.dll
0x00007ffb9a980000 - 0x00007ffb9ac88000 	C:\WINDOWS\System32\combase.dll
0x00007ffb971d0000 - 0x00007ffb972c6000 	C:\WINDOWS\System32\ucrtbase.dll
0x00007ffb97150000 - 0x00007ffb971c2000 	C:\WINDOWS\System32\bcryptPrimitives.dll
0x00007ffb9ac90000 - 0x00007ffb9acb8000 	C:\WINDOWS\System32\GDI32.dll
0x00007ffb98080000 - 0x00007ffb98213000 	C:\WINDOWS\System32\gdi32full.dll
0x00007ffb972d0000 - 0x00007ffb9736b000 	C:\WINDOWS\System32\msvcp_win.dll
0x00007ffb9a370000 - 0x00007ffb9a4ff000 	C:\WINDOWS\System32\USER32.dll
0x00007ffb97910000 - 0x00007ffb97930000 	C:\WINDOWS\System32\win32u.dll
0x00007ffb99f40000 - 0x00007ffb9a089000 	C:\WINDOWS\System32\ole32.dll
0x00007ffb98530000 - 0x00007ffb99966000 	C:\WINDOWS\System32\SHELL32.dll
0x00007ffb975a0000 - 0x00007ffb975ea000 	C:\WINDOWS\System32\cfgmgr32.dll
0x00007ffb9a0c0000 - 0x00007ffb9a166000 	C:\WINDOWS\System32\shcore.dll
0x00007ffb97930000 - 0x00007ffb98077000 	C:\WINDOWS\System32\windows.storage.dll
0x00007ffb9a170000 - 0x00007ffb9a211000 	C:\WINDOWS\System32\advapi32.dll
0x00007ffb97110000 - 0x00007ffb97121000 	C:\WINDOWS\System32\kernel.appcore.dll
0x00007ffb970c0000 - 0x00007ffb9710c000 	C:\WINDOWS\System32\powrprof.dll
0x00007ffb97130000 - 0x00007ffb9714b000 	C:\WINDOWS\System32\profapi.dll
0x00007ffb96fa0000 - 0x00007ffb96fd0000 	C:\WINDOWS\SYSTEM32\SspiCli.dll
0x00007ffb96fd0000 - 0x00007ffb96ff9000 	C:\WINDOWS\SYSTEM32\USERENV.dll
0x00007ffb87670000 - 0x00007ffb8768b000 	C:\WINDOWS\SYSTEM32\MPR.dll
0x00007ffb9a090000 - 0x00007ffb9a0bd000 	C:\WINDOWS\System32\IMM32.DLL
0x00007ffb906c0000 - 0x00007ffb90929000 	C:\WINDOWS\WinSxS\amd64_microsoft.windows.common-controls_6595b64144ccf1df_6.0.16299.192_none_15c8cdae9364c23b\COMCTL32.dll
0x000000006b5b0000 - 0x000000006b682000 	C:\Program Files\Java\jdk1.8.0_131\jre\bin\msvcr100.dll
0x000000006b820000 - 0x000000006c0bc000 	C:\Program Files\Java\jdk1.8.0_131\jre\bin\server\jvm.dll
0x00007ffb9a8a0000 - 0x00007ffb9a8a8000 	C:\WINDOWS\System32\PSAPI.DLL
0x00007ffb91d80000 - 0x00007ffb91da3000 	C:\WINDOWS\SYSTEM32\WINMM.dll
0x00007ffb8a1a0000 - 0x00007ffb8a1a9000 	C:\WINDOWS\SYSTEM32\WSOCK32.dll
0x00007ffb934c0000 - 0x00007ffb934ca000 	C:\WINDOWS\SYSTEM32\VERSION.dll
0x00007ffb9a770000 - 0x00007ffb9a7dc000 	C:\WINDOWS\System32\WS2_32.dll
0x00007ffb91d50000 - 0x00007ffb91d7a000 	C:\WINDOWS\SYSTEM32\WINMMBASE.dll
0x000000006b810000 - 0x000000006b81f000 	C:\Program Files\Java\jdk1.8.0_131\jre\bin\verify.dll
0x000000006b7e0000 - 0x000000006b809000 	C:\Program Files\Java\jdk1.8.0_131\jre\bin\java.dll
0x000000006b790000 - 0x000000006b7a6000 	C:\Program Files\Java\jdk1.8.0_131\jre\bin\zip.dll
0x000000006b5a0000 - 0x000000006b5ad000 	C:\Program Files\Java\jdk1.8.0_131\jre\bin\management.dll
0x000000006b770000 - 0x000000006b78a000 	C:\Program Files\Java\jdk1.8.0_131\jre\bin\net.dll
0x00007ffb968d0000 - 0x00007ffb96936000 	C:\WINDOWS\system32\mswsock.dll
0x00007ffb80fe0000 - 0x00007ffb80ff6000 	C:\WINDOWS\system32\napinsp.dll
0x00007ffb80fc0000 - 0x00007ffb80fda000 	C:\WINDOWS\system32\pnrpnsp.dll
0x00007ffb93f40000 - 0x00007ffb93f58000 	C:\WINDOWS\system32\NLAapi.dll
0x00007ffb966a0000 - 0x00007ffb96756000 	C:\WINDOWS\SYSTEM32\DNSAPI.dll
0x00007ffb9a870000 - 0x00007ffb9a878000 	C:\WINDOWS\System32\NSI.dll
0x00007ffb96660000 - 0x00007ffb96699000 	C:\WINDOWS\SYSTEM32\IPHLPAPI.DLL
0x00007ffb80fb0000 - 0x00007ffb80fbe000 	C:\WINDOWS\System32\winrnr.dll
0x00007ffb928c0000 - 0x00007ffb928ca000 	C:\Windows\System32\rasadhlp.dll
0x00007ffb90e30000 - 0x00007ffb90ea0000 	C:\WINDOWS\System32\fwpuclnt.dll
0x00007ffb96c00000 - 0x00007ffb96c25000 	C:\WINDOWS\SYSTEM32\bcrypt.dll
0x000000006b750000 - 0x000000006b761000 	C:\Program Files\Java\jdk1.8.0_131\jre\bin\nio.dll
0x00007ffb96af0000 - 0x00007ffb96b07000 	C:\WINDOWS\SYSTEM32\CRYPTSP.dll
0x00007ffb964e0000 - 0x00007ffb96513000 	C:\WINDOWS\system32\rsaenh.dll
0x00007ffb96b10000 - 0x00007ffb96b1b000 	C:\WINDOWS\SYSTEM32\CRYPTBASE.dll
0x00007ffb92970000 - 0x00007ffb92986000 	C:\WINDOWS\SYSTEM32\dhcpcsvc6.DLL
0x00007ffb92af0000 - 0x00007ffb92b0a000 	C:\WINDOWS\SYSTEM32\dhcpcsvc.DLL
0x00007ffb6d6e0000 - 0x00007ffb6d718000 	C:\Windows\System32\jacob-1.18-x64.dll
0x00007ffb9a8b0000 - 0x00007ffb9a975000 	C:\WINDOWS\System32\OLEAUT32.dll
0x00007ffb9a2d0000 - 0x00007ffb9a36e000 	C:\WINDOWS\System32\clbcatq.dll
0x0000000180000000 - 0x00000001800e3000 	C:\WINDOWS\system32\zkemkeeper.dll
0x000000001e3f0000 - 0x000000001e439000 	C:\WINDOWS\system32\zkemsdk.dll
0x000000001fd60000 - 0x000000001fd8d000 	C:\WINDOWS\system32\plcommpro.dll
0x000000001fb40000 - 0x000000001fb5c000 	C:\WINDOWS\system32\commpro.dll
0x00007ffb96f00000 - 0x00007ffb96f9a000 	C:\WINDOWS\SYSTEM32\sxs.dll
0x00007ffb95a90000 - 0x00007ffb95b25000 	C:\WINDOWS\system32\uxtheme.dll
0x00007ffb9a5a0000 - 0x00007ffb9a707000 	C:\WINDOWS\System32\MSCTF.dll
0x00007ffb88770000 - 0x00007ffb88938000 	C:\WINDOWS\SYSTEM32\dbghelp.dll

VM Arguments:
jvm_args: -Dfile.encoding=UTF-8 
java_command: com.wemarklinks.Demo1Application
java_class_path (initial): E:\workplace\ZkemProject\target\classes;E:\workplace\ZkemProject\lib\jacob.jar;C:\Users\dell\.m2\repository\org\springframework\boot\spring-boot-starter-web\1.5.9.RELEASE\spring-boot-starter-web-1.5.9.RELEASE.jar;C:\Users\dell\.m2\repository\org\springframework\boot\spring-boot-starter\1.5.9.RELEASE\spring-boot-starter-1.5.9.RELEASE.jar;C:\Users\dell\.m2\repository\org\springframework\boot\spring-boot-starter-logging\1.5.9.RELEASE\spring-boot-starter-logging-1.5.9.RELEASE.jar;C:\Users\dell\.m2\repository\ch\qos\logback\logback-classic\1.1.11\logback-classic-1.1.11.jar;C:\Users\dell\.m2\repository\ch\qos\logback\logback-core\1.1.11\logback-core-1.1.11.jar;C:\Users\dell\.m2\repository\org\slf4j\jcl-over-slf4j\1.7.25\jcl-over-slf4j-1.7.25.jar;C:\Users\dell\.m2\repository\org\slf4j\jul-to-slf4j\1.7.25\jul-to-slf4j-1.7.25.jar;C:\Users\dell\.m2\repository\org\slf4j\log4j-over-slf4j\1.7.25\log4j-over-slf4j-1.7.25.jar;C:\Users\dell\.m2\repository\org\yaml\snakeyaml\1.17\snakeyaml-1.17.jar;C:\Users\dell\.m2\repository\org\hibernate\hibernate-validator\5.3.6.Final\hibernate-validator-5.3.6.Final.jar;C:\Users\dell\.m2\repository\javax\validation\validation-api\1.1.0.Final\validation-api-1.1.0.Final.jar;C:\Users\dell\.m2\repository\org\jboss\logging\jboss-logging\3.3.1.Final\jboss-logging-3.3.1.Final.jar;C:\Users\dell\.m2\repository\com\fasterxml\jackson\core\jackson-databind\2.8.10\jackson-databind-2.8.10.jar;C:\Users\dell\.m2\repository\com\fasterxml\jackson\core\jackson-annotations\2.8.0\jackson-annotations-2.8.0.jar;C:\Users\dell\.m2\repository\com\fasterxml\jackson\core\jackson-core\2.8.10\jackson-core-2.8.10.jar;C:\Users\dell\.m2\repository\org\springframework\spring-web\4.3.13.RELEASE\spring-web-4.3.13.RELEASE.jar;C:\Users\dell\.m2\repository\org\springframework\spring-aop\4.3.13.RELEASE\spring-aop-4.3.13.RELEASE.jar;C:\Users\dell\.m2\repository\org\springframework\spring-beans\4.3.13.RELEASE\spring-beans-4.3.13.RELEASE.jar;C:\Users\dell\.m2\
Launcher Type: SUN_STANDARD

Environment Variables:
PATH=C:/Program Files/Java/jdk1.8.0_131/bin/../jre/bin/server;C:/Program Files/Java/jdk1.8.0_131/bin/../jre/bin;C:/Program Files/Java/jdk1.8.0_131/bin/../jre/lib/amd64;C:\Program Files (x86)\Intel\iCLS Client\;C:\Program Files\Intel\iCLS Client\;C:\WINDOWS\system32;"E:\apache-tomcat-8.0.44\lib;E:\apache-tomcat-8.0.44\bin";E:\apache-maven-3.5.0\bin;C:\WINDOWS;C:\WINDOWS\System32\Wbem;C:\WINDOWS\System32\WindowsPowerShell\v1.0\;C:\Program Files (x86)\Intel\Intel(R) Management Engine Components\DAL;C:\Program Files\Intel\Intel(R) Management Engine Components\DAL;C:\Program Files (x86)\Intel\Intel(R) Management Engine Components\IPT;C:\Program Files\Intel\Intel(R) Management Engine Components\IPT;C:\Python27;C:\Python27\Scripts;C:\PostgreSQL\pg96\bin;E:\git\Git\cmd;E:\mysql-5.7\mysql-5.7.20-winx64\bin;C:\Program Files\Java\jdk1.8.0_131\bin;C:\Program Files\dotnet\;C:\Windows\Microsoft.NET\Framework\v2.0.50727\;C:\WINDOWS\syswow64;C:\Users\dell\AppData\Local\Microsoft\WindowsApps;C:\Users\dell\AppData\Local\atom\bin;C:\Users\dell\AppData\Local\Microsoft\WindowsApps;E:\mysql-5.7\mysql-5.7.20-winx64\bin;E:\Microsoft VS Code\bin;E:\mingw-w64\mingw64\bin;C:\WINDOWS\syswow64;C:\WINDOWS\system32;;E:\fiddler;C:\Users\dell\eclipse\jee-neon\eclipse;
USERNAME=dell
OS=Windows_NT
PROCESSOR_IDENTIFIER=Intel64 Family 6 Model 94 Stepping 3, GenuineIntel



---------------  S Y S T E M  ---------------

OS: Windows 10.0 , 64 bit Build 16299 (10.0.16299.15)

CPU:total 8 (initial active 8) (4 cores per cpu, 2 threads per core) family 6 model 94 stepping 3, cmov, cx8, fxsr, mmx, sse, sse2, sse3, ssse3, sse4.1, sse4.2, popcnt, avx, avx2, aes, clmul, erms, rtm, 3dnowpref, lzcnt, ht, tsc, tscinvbit, bmi1, bmi2, adx

Memory: 4k page, physical 8250008k(1400956k free), swap 15921664k(4702792k free)

vm_info: Java HotSpot(TM) 64-Bit Server VM (25.131-b11) for windows-amd64 JRE (1.8.0_131-b11), built on Mar 15 2017 01:23:53 by "java_re" with MS VC++ 10.0 (VS2010)

time: Fri Jan 19 17:48:00 2018
elapsed time: 148 seconds (0d 0h 2m 28s)

