#
# A fatal error has been detected by the Java Runtime Environment:
#
#  EXCEPTION_ACCESS_VIOLATION (0xc0000005) at pc=0x000000001ea0263a, pid=19284, tid=0x0000000000002e84
#
# JRE version: Java(TM) SE Runtime Environment (8.0_131-b11) (build 1.8.0_131-b11)
# Java VM: Java HotSpot(TM) 64-Bit Server VM (25.131-b11 mixed mode windows-amd64 compressed oops)
# Problematic frame:
# C  [commpro.dll+0x263a]
#
# Failed to write core dump. Minidumps are not enabled by default on client versions of Windows
#
# If you would like to submit a bug report, please visit:
#   http://bugreport.java.com/bugreport/crash.jsp
# The crash happened outside the Java Virtual Machine in native code.
# See problematic frame for where to report the bug.
#

---------------  T H R E A D  ---------------

Current thread (0x000000001f8bb800):  JavaThread "Thread-104" [_thread_in_native, id=11908, stack(0x000000003bde0000,0x000000003bee0000)]

siginfo: ExceptionCode=0xc0000005, reading address 0x00000000000001c8

Registers:
RAX=0x0000000000000000, RBX=0x00000000000003e9, RCX=0x0000000000000032, RDX=0x000000000000044c
RSP=0x000000003beddac0, RBP=0x000000003beddb90, RSI=0x0000000000000000, RDI=0x0000000000000000
R8 =0x0000000000000000, R9 =0x0000000000000000, R10=0x0000000000000000, R11=0x00000000243fc688
R12=0x00000000000007d0, R13=0x0000000000000000, R14=0x000000003beddc90, R15=0x0000000000000002
RIP=0x000000001ea0263a, EFLAGS=0x0000000000010202

Top of Stack: (sp=0x000000003beddac0)
0x000000003beddac0:   000000003beddb98 000000018001fd85
0x000000003beddad0:   000000003beddb70 000000003beddb98
0x000000003beddae0:   0000000023c450c0 000000018001fba7
0x000000003beddaf0:   0000000000000001 00000000243fc680
0x000000003beddb00:   0000000000000000 000000018001ef9a
0x000000003beddb10:   000000003beddc90 000000003beddc90
0x000000003beddb20:   0000000000000008 000000003beddc98
0x000000003beddb30:   0000000000000000 000000003beddc98
0x000000003beddb40:   000000003beddc30 000000001ea052f5
0x000000003beddb50:   0000000024433410 0000000000000000
0x000000003beddb60:   0000000000000000 0000000000000000
0x000000003beddb70:   0000000000000000 000000000000000a
0x000000003beddb80:   0000000000000000 000000002064c85f
0x000000003beddb90:   00000000243f03e9 00000000251c9040
0x000000003beddba0:   00000000243fc680 000000003beddbb8
0x000000003beddbb0:   0000000002ecce20 000000018005c851 

Instructions: (pc=0x000000001ea0263a)
0x000000001ea0261a:   89 4c 24 40 b9 32 00 00 00 41 ff c7 48 8b ea 41
0x000000001ea0262a:   8b c1 49 8b f8 41 bc d0 07 00 00 ba 4c 04 00 00
0x000000001ea0263a:   66 39 8e c8 01 00 00 75 2f 66 3b cb 75 2a 44 39
0x000000001ea0264a:   ae 04 02 00 00 75 6c 49 8b c8 48 8d 96 00 01 00 


Register to memory mapping:

RAX=0x0000000000000000 is an unknown value
RBX=0x00000000000003e9 is an unknown value
RCX=0x0000000000000032 is an unknown value
RDX=0x000000000000044c is an unknown value
RSP=0x000000003beddac0 is pointing into the stack for thread: 0x000000001f8bb800
RBP=0x000000003beddb90 is pointing into the stack for thread: 0x000000001f8bb800
RSI=0x0000000000000000 is an unknown value
RDI=0x0000000000000000 is an unknown value
R8 =0x0000000000000000 is an unknown value
R9 =0x0000000000000000 is an unknown value
R10=0x0000000000000000 is an unknown value
R11=0x00000000243fc688 is an unknown value
R12=0x00000000000007d0 is an unknown value
R13=0x0000000000000000 is an unknown value
R14=0x000000003beddc90 is pointing into the stack for thread: 0x000000001f8bb800
R15=0x0000000000000002 is an unknown value


Stack: [0x000000003bde0000,0x000000003bee0000],  sp=0x000000003beddac0,  free space=1014k
Native frames: (J=compiled Java code, j=interpreted, Vv=VM code, C=native code)
C  [commpro.dll+0x263a]
C  [commpro.dll+0x52f5]
C  [zkemsdk.dll+0xc85f]
C  [zkemkeeper.dll+0x5c851]
C  [zkemkeeper.dll+0xfd2d]
C  [OLEAUT32.dll+0x1d3df]
C  [OLEAUT32.dll+0xef0e]
C  [OLEAUT32.dll+0xbd17]
C  [zkemkeeper.dll+0x28f59]
C  [zkemkeeper.dll+0x28ebb]
C  [jacob-1.18-x64.dll+0x2307]
C  0x0000000005147f74

Java frames: (J=compiled Java code, j=interpreted, Vv=VM code)
j  com.jacob.com.Dispatch.invokev(Lcom/jacob/com/Dispatch;Ljava/lang/String;III[Lcom/jacob/com/Variant;[I)Lcom/jacob/com/Variant;+0
j  com.jacob.com.Dispatch.invokev(Lcom/jacob/com/Dispatch;Ljava/lang/String;I[Lcom/jacob/com/Variant;[I)Lcom/jacob/com/Variant;+14
j  com.jacob.com.Dispatch.callN(Lcom/jacob/com/Dispatch;Ljava/lang/String;[Ljava/lang/Object;)Lcom/jacob/com/Variant;+15
j  com.jacob.com.Dispatch.call(Lcom/jacob/com/Dispatch;Ljava/lang/String;)Lcom/jacob/com/Variant;+9
j  com.jacob.activeX.ActiveXComponent.invoke(Ljava/lang/String;)Lcom/jacob/com/Variant;+2
j  com.wemarklinks.method.ZkemSDK.Disconnect()V+5
j  com.wemarklinks.service.SdkListener$1.shutdown()V+7
j  org.springframework.scheduling.concurrent.ExecutorConfigurationSupport.destroy()V+1
J 6817 C1 org.springframework.beans.factory.support.DisposableBeanAdapter.destroy()V (273 bytes) @ 0x000000000681ce5c [0x000000000681bba0+0x12bc]
J 4746 C1 org.springframework.beans.factory.support.DefaultSingletonBeanRegistry.destroyBean(Ljava/lang/String;Lorg/springframework/beans/factory/DisposableBean;)V (329 bytes) @ 0x0000000006114ebc [0x0000000006113cc0+0x11fc]
J 5899 C1 org.springframework.beans.factory.support.DefaultSingletonBeanRegistry.destroySingleton(Ljava/lang/String;)V (45 bytes) @ 0x00000000065b67a4 [0x00000000065b6320+0x484]
J 5898 C1 org.springframework.beans.factory.support.DefaultListableBeanFactory.destroySingleton(Ljava/lang/String;)V (21 bytes) @ 0x00000000065b6d94 [0x00000000065b6d00+0x94]
j  org.springframework.beans.factory.support.DefaultSingletonBeanRegistry.destroySingletons()V+105
j  org.springframework.beans.factory.support.FactoryBeanRegistrySupport.destroySingletons()V+1
j  org.springframework.beans.factory.support.DefaultListableBeanFactory.destroySingletons()V+1
j  org.springframework.context.support.AbstractApplicationContext.destroyBeans()V+4
j  org.springframework.context.support.AbstractApplicationContext.doClose()V+127
j  org.springframework.context.support.AbstractApplicationContext.close()V+8
j  org.springframework.boot.devtools.restart.Restarter.stop()V+50
j  org.springframework.boot.devtools.restart.Restarter$2.call()Ljava/lang/Void;+4
j  org.springframework.boot.devtools.restart.Restarter$2.call()Ljava/lang/Object;+1
j  org.springframework.boot.devtools.restart.Restarter$LeakSafeThread.run()V+28
v  ~StubRoutines::call_stub

---------------  P R O C E S S  ---------------

Java Threads: ( => current thread )
=>0x000000001f8bb800 JavaThread "Thread-104" [_thread_in_native, id=11908, stack(0x000000003bde0000,0x000000003bee0000)]
  0x0000000022628000 JavaThread "Thread-112" [_thread_in_native, id=18088, stack(0x000000003bbe0000,0x000000003bce0000)]
  0x0000000022627800 JavaThread "http-nio-8080-AsyncTimeout" daemon [_thread_blocked, id=19660, stack(0x000000003bae0000,0x000000003bbe0000)]
  0x0000000022626800 JavaThread "http-nio-8080-Acceptor-0" daemon [_thread_in_native, id=9304, stack(0x000000003b9e0000,0x000000003bae0000)]
  0x0000000022622000 JavaThread "http-nio-8080-ClientPoller-1" daemon [_thread_in_native, id=3368, stack(0x000000003b8e0000,0x000000003b9e0000)]
  0x0000000022626000 JavaThread "http-nio-8080-ClientPoller-0" daemon [_thread_in_native, id=9240, stack(0x000000003b7e0000,0x000000003b8e0000)]
  0x0000000022625000 JavaThread "http-nio-8080-exec-10" daemon [_thread_blocked, id=11192, stack(0x000000003b6e0000,0x000000003b7e0000)]
  0x000000002261d800 JavaThread "http-nio-8080-exec-9" daemon [_thread_blocked, id=12876, stack(0x000000003b5e0000,0x000000003b6e0000)]
  0x0000000022624800 JavaThread "http-nio-8080-exec-8" daemon [_thread_blocked, id=10328, stack(0x000000003b4e0000,0x000000003b5e0000)]
  0x0000000022623800 JavaThread "http-nio-8080-exec-7" daemon [_thread_blocked, id=6912, stack(0x000000003b3e0000,0x000000003b4e0000)]
  0x0000000022619800 JavaThread "http-nio-8080-exec-6" daemon [_thread_blocked, id=18140, stack(0x000000003b2e0000,0x000000003b3e0000)]
  0x000000001f2fc000 JavaThread "http-nio-8080-exec-5" daemon [_thread_blocked, id=13400, stack(0x000000003b1e0000,0x000000003b2e0000)]
  0x000000001f2f9800 JavaThread "http-nio-8080-exec-4" daemon [_thread_blocked, id=16964, stack(0x000000003b0e0000,0x000000003b1e0000)]
  0x000000001f2f9000 JavaThread "http-nio-8080-exec-3" daemon [_thread_blocked, id=9568, stack(0x000000003afe0000,0x000000003b0e0000)]
  0x000000001f2f8000 JavaThread "http-nio-8080-exec-2" daemon [_thread_blocked, id=7748, stack(0x000000003aee0000,0x000000003afe0000)]
  0x000000001f2fb000 JavaThread "http-nio-8080-exec-1" daemon [_thread_blocked, id=7732, stack(0x000000003ade0000,0x000000003aee0000)]
  0x000000001f2fd800 JavaThread "NioBlockingSelector.BlockPoller-10" daemon [_thread_in_native, id=7296, stack(0x000000003ace0000,0x000000003ade0000)]
  0x000000001f2fc800 JavaThread "pool-10-thread-1" [_thread_blocked, id=10960, stack(0x000000003abe0000,0x000000003ace0000)]
  0x000000001f2ef000 JavaThread "Thread-108" [_thread_in_native, id=15620, stack(0x000000003a9e0000,0x000000003aae0000)]
  0x000000001f2f5000 JavaThread "Thread-107" [_thread_in_native, id=18156, stack(0x000000003a8e0000,0x000000003a9e0000)]
  0x000000001f2f1800 JavaThread "container-0" [_thread_blocked, id=9460, stack(0x000000003a4e0000,0x000000003a5e0000)]
  0x000000001f2f7800 JavaThread "ContainerBackgroundProcessor[StandardEngine[Tomcat]]" daemon [_thread_blocked, id=940, stack(0x000000003a3e0000,0x000000003a4e0000)]
  0x000000001f2f3800 JavaThread "restartedMain" [_thread_blocked, id=18556, stack(0x0000000039fe0000,0x000000003a0e0000)]
  0x000000001e6ba000 JavaThread "Thread-94" [_thread_blocked, id=18712, stack(0x0000000039be0000,0x0000000039ce0000)]
  0x000000001e6bc000 JavaThread "Thread-103" [_thread_in_native, id=7656, stack(0x00000000399e0000,0x0000000039ae0000)]
  0x000000001f2f6800 JavaThread "Thread-97" [_thread_in_native, id=12576, stack(0x00000000384e0000,0x00000000385e0000)]
  0x0000000022619000 JavaThread "Thread-88" [_thread_in_native, id=7664, stack(0x00000000361e0000,0x00000000362e0000)]
  0x000000002261f800 JavaThread "Thread-87" [_thread_in_native, id=17096, stack(0x00000000360e0000,0x00000000361e0000)]
  0x0000000022622800 JavaThread "Thread-84" [_thread_in_native, id=10772, stack(0x00000000353e0000,0x00000000354e0000)]
  0x000000001f2f6000 JavaThread "Thread-77" [_thread_in_native, id=19592, stack(0x0000000033ae0000,0x0000000033be0000)]
  0x000000002261a800 JavaThread "Thread-68" [_thread_in_native, id=8084, stack(0x00000000317e0000,0x00000000318e0000)]
  0x0000000022620800 JavaThread "Thread-67" [_thread_in_native, id=13888, stack(0x00000000316e0000,0x00000000317e0000)]
  0x000000001f2f0800 JavaThread "Thread-58" [_thread_in_native, id=13800, stack(0x000000002f3e0000,0x000000002f4e0000)]
  0x000000001f2ef800 JavaThread "Thread-57" [_thread_in_native, id=5812, stack(0x000000002f2e0000,0x000000002f3e0000)]
  0x000000002261e000 JavaThread "Thread-48" [_thread_in_native, id=20376, stack(0x000000002cfe0000,0x000000002d0e0000)]
  0x000000002261b000 JavaThread "Thread-47" [_thread_in_native, id=13964, stack(0x000000002cee0000,0x000000002cfe0000)]
  0x000000001f2f4800 JavaThread "Thread-34" [_thread_in_native, id=10468, stack(0x000000002abe0000,0x000000002ace0000)]
  0x000000001f2ee000 JavaThread "Thread-33" [_thread_in_native, id=16436, stack(0x000000002aae0000,0x000000002abe0000)]
  0x000000002261c800 JavaThread "Thread-22" [_thread_in_native, id=20020, stack(0x00000000287e0000,0x00000000288e0000)]
  0x000000002261f000 JavaThread "Thread-21" [_thread_in_native, id=3988, stack(0x00000000286e0000,0x00000000287e0000)]
  0x0000000022621000 JavaThread "DestroyJavaVM" [_thread_blocked, id=11120, stack(0x0000000004f30000,0x0000000005030000)]
  0x000000001e6b9000 JavaThread "Live Reload Server" daemon [_thread_in_native, id=5396, stack(0x00000000250c0000,0x00000000251c0000)]
  0x000000001e6bb800 JavaThread "Thread-6" [_thread_in_native, id=19856, stack(0x0000000024dc0000,0x0000000024ec0000)]
  0x000000001e6ba800 JavaThread "Thread-5" [_thread_in_native, id=2872, stack(0x0000000024cc0000,0x0000000024dc0000)]
  0x000000001c05c000 JavaThread "Service Thread" daemon [_thread_blocked, id=7972, stack(0x000000001ca40000,0x000000001cb40000)]
  0x000000001bfd6000 JavaThread "C1 CompilerThread3" daemon [_thread_blocked, id=11140, stack(0x000000001c940000,0x000000001ca40000)]
  0x000000001bfc8800 JavaThread "C2 CompilerThread2" daemon [_thread_blocked, id=11520, stack(0x000000001c840000,0x000000001c940000)]
  0x000000001bfc3800 JavaThread "C2 CompilerThread1" daemon [_thread_blocked, id=20288, stack(0x000000001c740000,0x000000001c840000)]
  0x000000001bfc0000 JavaThread "C2 CompilerThread0" daemon [_thread_blocked, id=18636, stack(0x000000001c640000,0x000000001c740000)]
  0x000000001bfbe800 JavaThread "Attach Listener" daemon [_thread_blocked, id=15664, stack(0x000000001c540000,0x000000001c640000)]
  0x000000001a07e800 JavaThread "Signal Dispatcher" daemon [_thread_blocked, id=13704, stack(0x000000001c440000,0x000000001c540000)]
  0x000000001bf50800 JavaThread "Finalizer" daemon [_thread_blocked, id=18172, stack(0x000000001c330000,0x000000001c430000)]
  0x0000000005129000 JavaThread "Reference Handler" daemon [_thread_blocked, id=18280, stack(0x000000001be30000,0x000000001bf30000)]

Other Threads:
  0x000000001a069800 VMThread [stack: 0x000000001bd30000,0x000000001be30000] [id=7932]
  0x000000001c0c7800 WatcherThread [stack: 0x000000001cb40000,0x000000001cc40000] [id=7164]

VM state:not at safepoint (normal execution)

VM Mutex/Monitor currently owned by a thread: None

Heap:
 PSYoungGen      total 218112K, used 158334K [0x00000000d6000000, 0x00000000e4a00000, 0x0000000100000000)
  eden space 211968K, 74% used [0x00000000d6000000,0x00000000dfa9fb18,0x00000000e2f00000)
  from space 6144K, 0% used [0x00000000e2f00000,0x00000000e2f00000,0x00000000e3500000)
  to   space 13824K, 0% used [0x00000000e3c80000,0x00000000e3c80000,0x00000000e4a00000)
 ParOldGen       total 59904K, used 23590K [0x0000000082000000, 0x0000000085a80000, 0x00000000d6000000)
  object space 59904K, 39% used [0x0000000082000000,0x0000000083709848,0x0000000085a80000)
 Metaspace       used 37768K, capacity 39038K, committed 39296K, reserved 1083392K
  class space    used 4553K, capacity 4933K, committed 4992K, reserved 1048576K

Card table byte_map: [0x00000000144f0000,0x00000000148f0000] byte_map_base: 0x00000000140e0000

Marking Bits: (ParMarkBitMap*) 0x000000006c03c720
 Begin Bits: [0x0000000015390000, 0x0000000017310000)
 End Bits:   [0x0000000017310000, 0x0000000019290000)

Polling page: 0x00000000030e0000

CodeCache: size=245760Kb used=23943Kb max_used=23984Kb free=221816Kb
 bounds [0x0000000005130000, 0x00000000068c0000, 0x0000000014130000]
 total_blobs=5948 nmethods=5503 adapters=356
 compilation: enabled

Compilation events (10 events):
Event: 1076.688 Thread 0x000000001bfd6000 nmethod 6968 0x000000000689f850 code [0x000000000689fa40, 0x00000000068a0598]
Event: 1076.689 Thread 0x000000001bfd6000 6969       3       jdk.internal.org.objectweb.asm.ClassWriter::newClass (9 bytes)
Event: 1076.689 Thread 0x000000001bfd6000 nmethod 6969 0x000000000689acd0 code [0x000000000689ae40, 0x000000000689afc8]
Event: 1077.443 Thread 0x000000001bfc8800 nmethod 6921 0x00000000068ac0d0 code [0x00000000068ac8e0, 0x00000000068b4f80]
Event: 1082.046 Thread 0x000000001bfc8800 6970       4       org.springframework.boot.devtools.filewatch.FileSnapshot::equals (110 bytes)
Event: 1082.046 Thread 0x000000001bfd6000 6971       3       org.springframework.boot.devtools.filewatch.FolderSnapshot::acceptChangedFile (23 bytes)
Event: 1082.047 Thread 0x000000001bfd6000 nmethod 6971 0x00000000068abb90 code [0x00000000068abd00, 0x00000000068abfe8]
Event: 1082.048 Thread 0x000000001bfd6000 6972       3       java.io.File::getAbsoluteFile (21 bytes)
Event: 1082.048 Thread 0x000000001bfd6000 nmethod 6972 0x00000000068a9fd0 code [0x00000000068aa160, 0x00000000068aa518]
Event: 1082.048 Thread 0x000000001bfc8800 nmethod 6970 0x00000000068a8110 code [0x00000000068a8260, 0x00000000068a8448]

GC Heap History (10 events):
Event: 923.025 GC heap before
{Heap before GC invocations=23 (full 8):
 PSYoungGen      total 218112K, used 5797K [0x00000000d6000000, 0x00000000e4c00000, 0x0000000100000000)
  eden space 211968K, 0% used [0x00000000d6000000,0x00000000d6000000,0x00000000e2f00000)
  from space 6144K, 94% used [0x00000000e2f00000,0x00000000e34a9548,0x00000000e3500000)
  to   space 14848K, 0% used [0x00000000e3d80000,0x00000000e3d80000,0x00000000e4c00000)
 ParOldGen       total 59904K, used 23186K [0x0000000082000000, 0x0000000085a80000, 0x00000000d6000000)
  object space 59904K, 38% used [0x0000000082000000,0x00000000836a49f8,0x0000000085a80000)
 Metaspace       used 36786K, capacity 37770K, committed 38144K, reserved 1083392K
  class space    used 4471K, capacity 4780K, committed 4864K, reserved 1048576K
Event: 923.072 GC heap after
Heap after GC invocations=23 (full 8):
 PSYoungGen      total 218112K, used 0K [0x00000000d6000000, 0x00000000e4c00000, 0x0000000100000000)
  eden space 211968K, 0% used [0x00000000d6000000,0x00000000d6000000,0x00000000e2f00000)
  from space 6144K, 0% used [0x00000000e2f00000,0x00000000e2f00000,0x00000000e3500000)
  to   space 14848K, 0% used [0x00000000e3d80000,0x00000000e3d80000,0x00000000e4c00000)
 ParOldGen       total 59904K, used 23301K [0x0000000082000000, 0x0000000085a80000, 0x00000000d6000000)
  object space 59904K, 38% used [0x0000000082000000,0x00000000836c16a0,0x0000000085a80000)
 Metaspace       used 36784K, capacity 37764K, committed 38144K, reserved 1083392K
  class space    used 4470K, capacity 4778K, committed 4864K, reserved 1048576K
}
Event: 1010.863 GC heap before
{Heap before GC invocations=24 (full 8):
 PSYoungGen      total 218112K, used 171050K [0x00000000d6000000, 0x00000000e4c00000, 0x0000000100000000)
  eden space 211968K, 80% used [0x00000000d6000000,0x00000000e070a890,0x00000000e2f00000)
  from space 6144K, 0% used [0x00000000e2f00000,0x00000000e2f00000,0x00000000e3500000)
  to   space 14848K, 0% used [0x00000000e3d80000,0x00000000e3d80000,0x00000000e4c00000)
 ParOldGen       total 59904K, used 23301K [0x0000000082000000, 0x0000000085a80000, 0x00000000d6000000)
  object space 59904K, 38% used [0x0000000082000000,0x00000000836c16a0,0x0000000085a80000)
 Metaspace       used 37185K, capacity 38396K, committed 38656K, reserved 1083392K
  class space    used 4509K, capacity 4851K, committed 4864K, reserved 1048576K
Event: 1010.867 GC heap after
Heap after GC invocations=24 (full 8):
 PSYoungGen      total 225792K, used 5705K [0x00000000d6000000, 0x00000000e4b00000, 0x0000000100000000)
  eden space 211968K, 0% used [0x00000000d6000000,0x00000000d6000000,0x00000000e2f00000)
  from space 13824K, 41% used [0x00000000e3d80000,0x00000000e43124b8,0x00000000e4b00000)
  to   space 14336K, 0% used [0x00000000e2f00000,0x00000000e2f00000,0x00000000e3d00000)
 ParOldGen       total 59904K, used 23309K [0x0000000082000000, 0x0000000085a80000, 0x00000000d6000000)
  object space 59904K, 38% used [0x0000000082000000,0x00000000836c36a0,0x0000000085a80000)
 Metaspace       used 37185K, capacity 38396K, committed 38656K, reserved 1083392K
  class space    used 4509K, capacity 4851K, committed 4864K, reserved 1048576K
}
Event: 1010.867 GC heap before
{Heap before GC invocations=25 (full 9):
 PSYoungGen      total 225792K, used 5705K [0x00000000d6000000, 0x00000000e4b00000, 0x0000000100000000)
  eden space 211968K, 0% used [0x00000000d6000000,0x00000000d6000000,0x00000000e2f00000)
  from space 13824K, 41% used [0x00000000e3d80000,0x00000000e43124b8,0x00000000e4b00000)
  to   space 14336K, 0% used [0x00000000e2f00000,0x00000000e2f00000,0x00000000e3d00000)
 ParOldGen       total 59904K, used 23309K [0x0000000082000000, 0x0000000085a80000, 0x00000000d6000000)
  object space 59904K, 38% used [0x0000000082000000,0x00000000836c36a0,0x0000000085a80000)
 Metaspace       used 37185K, capacity 38396K, committed 38656K, reserved 1083392K
  class space    used 4509K, capacity 4851K, committed 4864K, reserved 1048576K
Event: 1010.971 GC heap after
Heap after GC invocations=25 (full 9):
 PSYoungGen      total 225792K, used 0K [0x00000000d6000000, 0x00000000e4b00000, 0x0000000100000000)
  eden space 211968K, 0% used [0x00000000d6000000,0x00000000d6000000,0x00000000e2f00000)
  from space 13824K, 0% used [0x00000000e3d80000,0x00000000e3d80000,0x00000000e4b00000)
  to   space 14336K, 0% used [0x00000000e2f00000,0x00000000e2f00000,0x00000000e3d00000)
 ParOldGen       total 59904K, used 23426K [0x0000000082000000, 0x0000000085a80000, 0x00000000d6000000)
  object space 59904K, 39% used [0x0000000082000000,0x00000000836e0b40,0x0000000085a80000)
 Metaspace       used 37183K, capacity 38390K, committed 38656K, reserved 1083392K
  class space    used 4509K, capacity 4849K, committed 4864K, reserved 1048576K
}
Event: 1055.133 GC heap before
{Heap before GC invocations=26 (full 9):
 PSYoungGen      total 225792K, used 169116K [0x00000000d6000000, 0x00000000e4b00000, 0x0000000100000000)
  eden space 211968K, 79% used [0x00000000d6000000,0x00000000e0527288,0x00000000e2f00000)
  from space 13824K, 0% used [0x00000000e3d80000,0x00000000e3d80000,0x00000000e4b00000)
  to   space 14336K, 0% used [0x00000000e2f00000,0x00000000e2f00000,0x00000000e3d00000)
 ParOldGen       total 59904K, used 23426K [0x0000000082000000, 0x0000000085a80000, 0x00000000d6000000)
  object space 59904K, 39% used [0x0000000082000000,0x00000000836e0b40,0x0000000085a80000)
 Metaspace       used 37484K, capacity 38656K, committed 38784K, reserved 1083392K
  class space    used 4532K, capacity 4893K, committed 4992K, reserved 1048576K
Event: 1055.136 GC heap after
Heap after GC invocations=26 (full 9):
 PSYoungGen      total 218112K, used 5681K [0x00000000d6000000, 0x00000000e4a00000, 0x0000000100000000)
  eden space 211968K, 0% used [0x00000000d6000000,0x00000000d6000000,0x00000000e2f00000)
  from space 6144K, 92% used [0x00000000e2f00000,0x00000000e348c758,0x00000000e3500000)
  to   space 13824K, 0% used [0x00000000e3c80000,0x00000000e3c80000,0x00000000e4a00000)
 ParOldGen       total 59904K, used 23434K [0x0000000082000000, 0x0000000085a80000, 0x00000000d6000000)
  object space 59904K, 39% used [0x0000000082000000,0x00000000836e2b40,0x0000000085a80000)
 Metaspace       used 37484K, capacity 38656K, committed 38784K, reserved 1083392K
  class space    used 4532K, capacity 4893K, committed 4992K, reserved 1048576K
}
Event: 1055.136 GC heap before
{Heap before GC invocations=27 (full 10):
 PSYoungGen      total 218112K, used 5681K [0x00000000d6000000, 0x00000000e4a00000, 0x0000000100000000)
  eden space 211968K, 0% used [0x00000000d6000000,0x00000000d6000000,0x00000000e2f00000)
  from space 6144K, 92% used [0x00000000e2f00000,0x00000000e348c758,0x00000000e3500000)
  to   space 13824K, 0% used [0x00000000e3c80000,0x00000000e3c80000,0x00000000e4a00000)
 ParOldGen       total 59904K, used 23434K [0x0000000082000000, 0x0000000085a80000, 0x00000000d6000000)
  object space 59904K, 39% used [0x0000000082000000,0x00000000836e2b40,0x0000000085a80000)
 Metaspace       used 37484K, capacity 38656K, committed 38784K, reserved 1083392K
  class space    used 4532K, capacity 4893K, committed 4992K, reserved 1048576K
Event: 1055.210 GC heap after
Heap after GC invocations=27 (full 10):
 PSYoungGen      total 218112K, used 0K [0x00000000d6000000, 0x00000000e4a00000, 0x0000000100000000)
  eden space 211968K, 0% used [0x00000000d6000000,0x00000000d6000000,0x00000000e2f00000)
  from space 6144K, 0% used [0x00000000e2f00000,0x00000000e2f00000,0x00000000e3500000)
  to   space 13824K, 0% used [0x00000000e3c80000,0x00000000e3c80000,0x00000000e4a00000)
 ParOldGen       total 59904K, used 23590K [0x0000000082000000, 0x0000000085a80000, 0x00000000d6000000)
  object space 59904K, 39% used [0x0000000082000000,0x0000000083709848,0x0000000085a80000)
 Metaspace       used 37482K, capacity 38650K, committed 38784K, reserved 1083392K
  class space    used 4531K, capacity 4891K, committed 4992K, reserved 1048576K
}

Deoptimization events (10 events):
Event: 923.020 Thread 0x0000000022622000 Uncommon trap: reason=predicate action=maybe_recompile pc=0x0000000005a0bc54 method=java.util.Arrays.fill([Ljava/lang/Object;Ljava/lang/Object;)V @ 10
Event: 923.101 Thread 0x000000002261d800 Uncommon trap: reason=array_check action=maybe_recompile pc=0x000000000565e2f4 method=org.springframework.core.annotation.AnnotationUtils.synthesizeAnnotationArray([Ljava/lang/annotation/Annotation;Ljava/lang/Object;)[Ljava/lang/annotation/Annotation; @ 4
Event: 1010.859 Thread 0x000000001f2fc800 Uncommon trap: reason=array_check action=maybe_recompile pc=0x000000000561b0b4 method=java.util.Arrays.fill([Ljava/lang/Object;Ljava/lang/Object;)V @ 13
Event: 1010.859 Thread 0x000000001f2fc800 Uncommon trap: reason=array_check action=maybe_recompile pc=0x000000000561b0b4 method=java.util.Arrays.fill([Ljava/lang/Object;Ljava/lang/Object;)V @ 13
Event: 1010.859 Thread 0x000000001f2fc800 Uncommon trap: reason=array_check action=maybe_recompile pc=0x000000000561b0b4 method=java.util.Arrays.fill([Ljava/lang/Object;Ljava/lang/Object;)V @ 13
Event: 1010.863 Thread 0x000000001f2fd800 Uncommon trap: reason=array_check action=maybe_recompile pc=0x000000000561b0b4 method=java.util.Arrays.fill([Ljava/lang/Object;Ljava/lang/Object;)V @ 13
Event: 1010.999 Thread 0x000000001f2f5000 Uncommon trap: reason=array_check action=maybe_recompile pc=0x000000000565e2f4 method=org.springframework.core.annotation.AnnotationUtils.synthesizeAnnotationArray([Ljava/lang/annotation/Annotation;Ljava/lang/Object;)[Ljava/lang/annotation/Annotation; @ 4
Event: 1019.379 Thread 0x000000001f2f5000 Uncommon trap: reason=null_check action=make_not_entrant pc=0x0000000005831f50 method=org.springframework.beans.ExtendedBeanInfo.isCandidateWriteMethod(Ljava/lang/reflect/Method;)Z @ 47
Event: 1055.239 Thread 0x000000001f2f3800 Uncommon trap: reason=array_check action=maybe_recompile pc=0x000000000565e2f4 method=org.springframework.core.annotation.AnnotationUtils.synthesizeAnnotationArray([Ljava/lang/annotation/Annotation;Ljava/lang/Object;)[Ljava/lang/annotation/Annotation; @ 4
Event: 1065.402 Thread 0x000000001f2f3800 Uncommon trap: reason=null_check action=make_not_entrant pc=0x0000000005e99ccc method=org.springframework.context.support.PropertySourcesPlaceholderConfigurer$2.resolveStringValue(Ljava/lang/String;)Ljava/lang/String; @ 57

Internal exceptions (10 events):
Event: 1076.589 Thread 0x000000001f2f3800 Exception <a 'java/lang/ClassNotFoundException': org/springframework/scheduling/concurrent/ExecutorConfigurationSupportCustomizer> (0x00000000dd46a410) thrown at [C:\re\workspace\8-2-build-windows-amd64-cygwin\jdk8u131\8869\hotspot\src\share\vm\classfile\
Event: 1076.590 Thread 0x000000001f2f3800 Exception <a 'java/lang/ClassNotFoundException': org/springframework/scheduling/concurrent/ThreadPoolTaskExecutorCustomizer> (0x00000000dd488870) thrown at [C:\re\workspace\8-2-build-windows-amd64-cygwin\jdk8u131\8869\hotspot\src\share\vm\classfile\system
Event: 1076.590 Thread 0x000000001f2f3800 Exception <a 'java/lang/ClassNotFoundException': com/wemarklinks/service/SdkListener$1Customizer> (0x00000000dd4afc88) thrown at [C:\re\workspace\8-2-build-windows-amd64-cygwin\jdk8u131\8869\hotspot\src\share\vm\classfile\systemDictionary.cpp, line 210]
Event: 1076.590 Thread 0x000000001f2f3800 Exception <a 'java/lang/ClassNotFoundException': org/springframework/core/task/AsyncListenableTaskExecutorCustomizer> (0x00000000dd4e3678) thrown at [C:\re\workspace\8-2-build-windows-amd64-cygwin\jdk8u131\8869\hotspot\src\share\vm\classfile\systemDiction
Event: 1076.591 Thread 0x000000001f2f3800 Exception <a 'java/lang/ClassNotFoundException': org/springframework/scheduling/SchedulingTaskExecutorCustomizer> (0x00000000dd4f8ae0) thrown at [C:\re\workspace\8-2-build-windows-amd64-cygwin\jdk8u131\8869\hotspot\src\share\vm\classfile\systemDictionary.
Event: 1076.591 Thread 0x000000001f2f3800 Exception <a 'java/lang/ClassNotFoundException': org/springframework/beans/factory/BeanNameAwareCustomizer> (0x00000000dd509738) thrown at [C:\re\workspace\8-2-build-windows-amd64-cygwin\jdk8u131\8869\hotspot\src\share\vm\classfile\systemDictionary.cpp, l
Event: 1076.591 Thread 0x000000001f2f3800 Exception <a 'java/lang/ClassNotFoundException': org/springframework/beans/factory/InitializingBeanCustomizer> (0x00000000dd51b548) thrown at [C:\re\workspace\8-2-build-windows-amd64-cygwin\jdk8u131\8869\hotspot\src\share\vm\classfile\systemDictionary.cpp
Event: 1076.591 Thread 0x000000001f2f3800 Exception <a 'java/lang/ClassNotFoundException': org/springframework/beans/factory/DisposableBeanCustomizer> (0x00000000dd52c0a0) thrown at [C:\re\workspace\8-2-build-windows-amd64-cygwin\jdk8u131\8869\hotspot\src\share\vm\classfile\systemDictionary.cpp, 
Event: 1076.591 Thread 0x000000001f2f3800 Exception <a 'java/lang/ClassNotFoundException': java/util/concurrent/ThreadFactoryCustomizer> (0x00000000dd5346f0) thrown at [C:\re\workspace\8-2-build-windows-amd64-cygwin\jdk8u131\8869\hotspot\src\share\vm\classfile\systemDictionary.cpp, line 210]
Event: 1076.591 Thread 0x000000001f2f3800 Exception <a 'java/lang/ClassNotFoundException': java/io/SerializableCustomizer> (0x00000000dd53b5e8) thrown at [C:\re\workspace\8-2-build-windows-amd64-cygwin\jdk8u131\8869\hotspot\src\share\vm\classfile\systemDictionary.cpp, line 210]

Events (10 events):
Event: 1082.050 Executing VM operation: RevokeBias
Event: 1082.050 Executing VM operation: RevokeBias done
Event: 1082.050 Executing VM operation: RevokeBias
Event: 1082.050 Executing VM operation: RevokeBias done
Event: 1082.051 Executing VM operation: RevokeBias
Event: 1082.051 Executing VM operation: RevokeBias done
Event: 1082.051 Executing VM operation: RevokeBias
Event: 1082.051 Executing VM operation: RevokeBias done
Event: 1082.051 Executing VM operation: RevokeBias
Event: 1082.051 Executing VM operation: RevokeBias done


Dynamic libraries:
0x00007ff6949d0000 - 0x00007ff694a07000 	C:\Program Files\Java\jdk1.8.0_131\bin\javaw.exe
0x00007ffb9ad50000 - 0x00007ffb9af30000 	C:\WINDOWS\SYSTEM32\ntdll.dll
0x00007ffb9a220000 - 0x00007ffb9a2ce000 	C:\WINDOWS\System32\KERNEL32.DLL
0x00007ffb975f0000 - 0x00007ffb97856000 	C:\WINDOWS\System32\KERNELBASE.dll
0x00007ffb957d0000 - 0x00007ffb95858000 	C:\WINDOWS\SYSTEM32\apphelp.dll
0x00007ffb6d9c0000 - 0x00007ffb6da17000 	C:\WINDOWS\SYSTEM32\AcGenral.DLL
0x00007ffb9a500000 - 0x00007ffb9a59d000 	C:\WINDOWS\System32\msvcrt.dll
0x00007ffb9acc0000 - 0x00007ffb9ad1b000 	C:\WINDOWS\System32\sechost.dll
0x00007ffb999d0000 - 0x00007ffb99aef000 	C:\WINDOWS\System32\RPCRT4.dll
0x00007ffb984d0000 - 0x00007ffb98521000 	C:\WINDOWS\System32\SHLWAPI.dll
0x00007ffb9a980000 - 0x00007ffb9ac88000 	C:\WINDOWS\System32\combase.dll
0x00007ffb971d0000 - 0x00007ffb972c6000 	C:\WINDOWS\System32\ucrtbase.dll
0x00007ffb97150000 - 0x00007ffb971c2000 	C:\WINDOWS\System32\bcryptPrimitives.dll
0x00007ffb9ac90000 - 0x00007ffb9acb8000 	C:\WINDOWS\System32\GDI32.dll
0x00007ffb98080000 - 0x00007ffb98213000 	C:\WINDOWS\System32\gdi32full.dll
0x00007ffb972d0000 - 0x00007ffb9736b000 	C:\WINDOWS\System32\msvcp_win.dll
0x00007ffb9a370000 - 0x00007ffb9a4ff000 	C:\WINDOWS\System32\USER32.dll
0x00007ffb97910000 - 0x00007ffb97930000 	C:\WINDOWS\System32\win32u.dll
0x00007ffb99f40000 - 0x00007ffb9a089000 	C:\WINDOWS\System32\ole32.dll
0x00007ffb98530000 - 0x00007ffb99966000 	C:\WINDOWS\System32\SHELL32.dll
0x00007ffb975a0000 - 0x00007ffb975ea000 	C:\WINDOWS\System32\cfgmgr32.dll
0x00007ffb9a0c0000 - 0x00007ffb9a166000 	C:\WINDOWS\System32\shcore.dll
0x00007ffb97930000 - 0x00007ffb98077000 	C:\WINDOWS\System32\windows.storage.dll
0x00007ffb9a170000 - 0x00007ffb9a211000 	C:\WINDOWS\System32\advapi32.dll
0x00007ffb97110000 - 0x00007ffb97121000 	C:\WINDOWS\System32\kernel.appcore.dll
0x00007ffb970c0000 - 0x00007ffb9710c000 	C:\WINDOWS\System32\powrprof.dll
0x00007ffb97130000 - 0x00007ffb9714b000 	C:\WINDOWS\System32\profapi.dll
0x00007ffb96fa0000 - 0x00007ffb96fd0000 	C:\WINDOWS\SYSTEM32\SspiCli.dll
0x00007ffb96fd0000 - 0x00007ffb96ff9000 	C:\WINDOWS\SYSTEM32\USERENV.dll
0x00007ffb87670000 - 0x00007ffb8768b000 	C:\WINDOWS\SYSTEM32\MPR.dll
0x00007ffb9a090000 - 0x00007ffb9a0bd000 	C:\WINDOWS\System32\IMM32.DLL
0x00007ffb906c0000 - 0x00007ffb90929000 	C:\WINDOWS\WinSxS\amd64_microsoft.windows.common-controls_6595b64144ccf1df_6.0.16299.192_none_15c8cdae9364c23b\COMCTL32.dll
0x000000006b5b0000 - 0x000000006b682000 	C:\Program Files\Java\jdk1.8.0_131\jre\bin\msvcr100.dll
0x000000006b820000 - 0x000000006c0bc000 	C:\Program Files\Java\jdk1.8.0_131\jre\bin\server\jvm.dll
0x00007ffb9a8a0000 - 0x00007ffb9a8a8000 	C:\WINDOWS\System32\PSAPI.DLL
0x00007ffb8a1a0000 - 0x00007ffb8a1a9000 	C:\WINDOWS\SYSTEM32\WSOCK32.dll
0x00007ffb91d80000 - 0x00007ffb91da3000 	C:\WINDOWS\SYSTEM32\WINMM.dll
0x00007ffb9a770000 - 0x00007ffb9a7dc000 	C:\WINDOWS\System32\WS2_32.dll
0x00007ffb934c0000 - 0x00007ffb934ca000 	C:\WINDOWS\SYSTEM32\VERSION.dll
0x00007ffb91d50000 - 0x00007ffb91d7a000 	C:\WINDOWS\SYSTEM32\winmmbase.dll
0x000000006b810000 - 0x000000006b81f000 	C:\Program Files\Java\jdk1.8.0_131\jre\bin\verify.dll
0x000000006b7e0000 - 0x000000006b809000 	C:\Program Files\Java\jdk1.8.0_131\jre\bin\java.dll
0x000000006b790000 - 0x000000006b7a6000 	C:\Program Files\Java\jdk1.8.0_131\jre\bin\zip.dll
0x000000006b5a0000 - 0x000000006b5ad000 	C:\Program Files\Java\jdk1.8.0_131\jre\bin\management.dll
0x000000006b770000 - 0x000000006b78a000 	C:\Program Files\Java\jdk1.8.0_131\jre\bin\net.dll
0x00007ffb968d0000 - 0x00007ffb96936000 	C:\WINDOWS\system32\mswsock.dll
0x00007ffb80fe0000 - 0x00007ffb80ff6000 	C:\WINDOWS\system32\napinsp.dll
0x00007ffb80fc0000 - 0x00007ffb80fda000 	C:\WINDOWS\system32\pnrpnsp.dll
0x00007ffb93f40000 - 0x00007ffb93f58000 	C:\WINDOWS\system32\NLAapi.dll
0x00007ffb966a0000 - 0x00007ffb96756000 	C:\WINDOWS\SYSTEM32\DNSAPI.dll
0x00007ffb9a870000 - 0x00007ffb9a878000 	C:\WINDOWS\System32\NSI.dll
0x00007ffb96660000 - 0x00007ffb96699000 	C:\WINDOWS\SYSTEM32\IPHLPAPI.DLL
0x00007ffb80fb0000 - 0x00007ffb80fbe000 	C:\WINDOWS\System32\winrnr.dll
0x00007ffb928c0000 - 0x00007ffb928ca000 	C:\Windows\System32\rasadhlp.dll
0x00007ffb90e30000 - 0x00007ffb90ea0000 	C:\WINDOWS\System32\fwpuclnt.dll
0x00007ffb96c00000 - 0x00007ffb96c25000 	C:\WINDOWS\SYSTEM32\bcrypt.dll
0x000000006b750000 - 0x000000006b761000 	C:\Program Files\Java\jdk1.8.0_131\jre\bin\nio.dll
0x00007ffb96af0000 - 0x00007ffb96b07000 	C:\WINDOWS\SYSTEM32\CRYPTSP.dll
0x00007ffb964e0000 - 0x00007ffb96513000 	C:\WINDOWS\system32\rsaenh.dll
0x00007ffb96b10000 - 0x00007ffb96b1b000 	C:\WINDOWS\SYSTEM32\CRYPTBASE.dll
0x00007ffb92970000 - 0x00007ffb92986000 	C:\WINDOWS\SYSTEM32\dhcpcsvc6.DLL
0x00007ffb92af0000 - 0x00007ffb92b0a000 	C:\WINDOWS\SYSTEM32\dhcpcsvc.DLL
0x00007ffb76550000 - 0x00007ffb76588000 	C:\Windows\System32\jacob-1.18-x64.dll
0x00007ffb9a8b0000 - 0x00007ffb9a975000 	C:\WINDOWS\System32\OLEAUT32.dll
0x00007ffb9a2d0000 - 0x00007ffb9a36e000 	C:\WINDOWS\System32\clbcatq.dll
0x0000000180000000 - 0x00000001800e3000 	C:\WINDOWS\system32\zkemkeeper.dll
0x000000001e9b0000 - 0x000000001e9dd000 	C:\WINDOWS\system32\plcommpro.dll
0x0000000020640000 - 0x0000000020689000 	C:\WINDOWS\system32\zkemsdk.dll
0x000000001ea00000 - 0x000000001ea1c000 	C:\WINDOWS\system32\commpro.dll
0x00007ffb96f00000 - 0x00007ffb96f9a000 	C:\WINDOWS\SYSTEM32\sxs.dll
0x00007ffb95a90000 - 0x00007ffb95b25000 	C:\WINDOWS\system32\uxtheme.dll
0x00007ffb9a5a0000 - 0x00007ffb9a707000 	C:\WINDOWS\System32\MSCTF.dll
0x0000000004e30000 - 0x0000000004e45000 	C:\WINDOWS\SYSTEM32\tcpcomm.dll
0x00007ffb88770000 - 0x00007ffb88938000 	C:\WINDOWS\SYSTEM32\dbghelp.dll

VM Arguments:
jvm_args: -Dfile.encoding=UTF-8 
java_command: com.wemarklinks.Demo1Application
java_class_path (initial): E:\workplace\ZkemProject\target\classes;E:\workplace\ZkemProject\lib\jacob.jar;C:\Users\dell\.m2\repository\org\springframework\boot\spring-boot-starter-web\1.5.9.RELEASE\spring-boot-starter-web-1.5.9.RELEASE.jar;C:\Users\dell\.m2\repository\org\springframework\boot\spring-boot-starter\1.5.9.RELEASE\spring-boot-starter-1.5.9.RELEASE.jar;C:\Users\dell\.m2\repository\org\springframework\boot\spring-boot-starter-logging\1.5.9.RELEASE\spring-boot-starter-logging-1.5.9.RELEASE.jar;C:\Users\dell\.m2\repository\ch\qos\logback\logback-classic\1.1.11\logback-classic-1.1.11.jar;C:\Users\dell\.m2\repository\ch\qos\logback\logback-core\1.1.11\logback-core-1.1.11.jar;C:\Users\dell\.m2\repository\org\slf4j\jcl-over-slf4j\1.7.25\jcl-over-slf4j-1.7.25.jar;C:\Users\dell\.m2\repository\org\slf4j\jul-to-slf4j\1.7.25\jul-to-slf4j-1.7.25.jar;C:\Users\dell\.m2\repository\org\slf4j\log4j-over-slf4j\1.7.25\log4j-over-slf4j-1.7.25.jar;C:\Users\dell\.m2\repository\org\yaml\snakeyaml\1.17\snakeyaml-1.17.jar;C:\Users\dell\.m2\repository\org\hibernate\hibernate-validator\5.3.6.Final\hibernate-validator-5.3.6.Final.jar;C:\Users\dell\.m2\repository\javax\validation\validation-api\1.1.0.Final\validation-api-1.1.0.Final.jar;C:\Users\dell\.m2\repository\org\jboss\logging\jboss-logging\3.3.1.Final\jboss-logging-3.3.1.Final.jar;C:\Users\dell\.m2\repository\com\fasterxml\jackson\core\jackson-databind\2.8.10\jackson-databind-2.8.10.jar;C:\Users\dell\.m2\repository\com\fasterxml\jackson\core\jackson-annotations\2.8.0\jackson-annotations-2.8.0.jar;C:\Users\dell\.m2\repository\com\fasterxml\jackson\core\jackson-core\2.8.10\jackson-core-2.8.10.jar;C:\Users\dell\.m2\repository\org\springframework\spring-web\4.3.13.RELEASE\spring-web-4.3.13.RELEASE.jar;C:\Users\dell\.m2\repository\org\springframework\spring-aop\4.3.13.RELEASE\spring-aop-4.3.13.RELEASE.jar;C:\Users\dell\.m2\repository\org\springframework\spring-beans\4.3.13.RELEASE\spring-beans-4.3.13.RELEASE.jar;C:\Users\dell\.m2\
Launcher Type: SUN_STANDARD

Environment Variables:
PATH=C:/Program Files/Java/jdk1.8.0_131/bin/../jre/bin/server;C:/Program Files/Java/jdk1.8.0_131/bin/../jre/bin;C:/Program Files/Java/jdk1.8.0_131/bin/../jre/lib/amd64;C:\Program Files (x86)\Intel\iCLS Client\;C:\Program Files\Intel\iCLS Client\;C:\WINDOWS\system32;"E:\apache-tomcat-8.0.44\lib;E:\apache-tomcat-8.0.44\bin";E:\apache-maven-3.5.0\bin;C:\WINDOWS;C:\WINDOWS\System32\Wbem;C:\WINDOWS\System32\WindowsPowerShell\v1.0\;C:\Program Files (x86)\Intel\Intel(R) Management Engine Components\DAL;C:\Program Files\Intel\Intel(R) Management Engine Components\DAL;C:\Program Files (x86)\Intel\Intel(R) Management Engine Components\IPT;C:\Program Files\Intel\Intel(R) Management Engine Components\IPT;C:\Python27;C:\Python27\Scripts;C:\PostgreSQL\pg96\bin;E:\git\Git\cmd;E:\mysql-5.7\mysql-5.7.20-winx64\bin;C:\Program Files\Java\jdk1.8.0_131\bin;C:\Program Files\dotnet\;C:\Windows\Microsoft.NET\Framework\v2.0.50727\;C:\WINDOWS\syswow64;C:\Users\dell\AppData\Local\Microsoft\WindowsApps;C:\Users\dell\AppData\Local\atom\bin;C:\Users\dell\AppData\Local\Microsoft\WindowsApps;E:\mysql-5.7\mysql-5.7.20-winx64\bin;E:\Microsoft VS Code\bin;E:\mingw-w64\mingw64\bin;C:\WINDOWS\syswow64;C:\WINDOWS\system32;;E:\fiddler;C:\Users\dell\eclipse\jee-neon\eclipse;
USERNAME=dell
OS=Windows_NT
PROCESSOR_IDENTIFIER=Intel64 Family 6 Model 94 Stepping 3, GenuineIntel



---------------  S Y S T E M  ---------------

OS: Windows 10.0 , 64 bit Build 16299 (10.0.16299.15)

CPU:total 8 (initial active 8) (4 cores per cpu, 2 threads per core) family 6 model 94 stepping 3, cmov, cx8, fxsr, mmx, sse, sse2, sse3, ssse3, sse4.1, sse4.2, popcnt, avx, avx2, aes, clmul, erms, rtm, 3dnowpref, lzcnt, ht, tsc, tscinvbit, bmi1, bmi2, adx

Memory: 4k page, physical 8250008k(1603156k free), swap 15921664k(3560828k free)

vm_info: Java HotSpot(TM) 64-Bit Server VM (25.131-b11) for windows-amd64 JRE (1.8.0_131-b11), built on Mar 15 2017 01:23:53 by "java_re" with MS VC++ 10.0 (VS2010)

time: Fri Jan 19 19:26:15 2018
elapsed time: 1082 seconds (0d 0h 18m 2s)

