#
# A fatal error has been detected by the Java Runtime Environment:
#
#  EXCEPTION_ACCESS_VIOLATION (0xc0000005) at pc=0x0000000022f238b8, pid=16944, tid=0x0000000000004158
#
# JRE version: Java(TM) SE Runtime Environment (8.0_131-b11) (build 1.8.0_131-b11)
# Java VM: Java HotSpot(TM) 64-Bit Server VM (25.131-b11 mixed mode windows-amd64 compressed oops)
# Problematic frame:
# C  [commpro.dll+0x38b8]
#
# Failed to write core dump. Minidumps are not enabled by default on client versions of Windows
#
# If you would like to submit a bug report, please visit:
#   http://bugreport.java.com/bugreport/crash.jsp
# The crash happened outside the Java Virtual Machine in native code.
# See problematic frame for where to report the bug.
#

---------------  T H R E A D  ---------------

Current thread (0x00000000223f2800):  JavaThread "http-nio-8080-exec-1" daemon [_thread_in_native, id=16728, stack(0x0000000026f20000,0x0000000027020000)]

siginfo: ExceptionCode=0xc0000005, reading address 0x0000000000000040

Registers:
RAX=0x00000000000005df, RBX=0x0000000000000009, RCX=0x0000000000000000, RDX=0x0000000000000000
RSP=0x000000002701b780, RBP=0x000000002701bd10, RSI=0x0000000000000000, RDI=0x000000002701bd10
R8 =0x0000000000000000, R9 =0x0000000000000000, R10=0x0000000000000000, R11=0x000000002701bc50
R12=0x0000000000000005, R13=0x0000000028322040, R14=0x0000000000000000, R15=0x000000002701be10
RIP=0x0000000022f238b8, EFLAGS=0x0000000000010246

Top of Stack: (sp=0x000000002701b780)
0x000000002701b780:   000000001977a0f0 0000000000000000
0x000000002701b790:   000000002701b9f0 0000000000000000
0x000000002701b7a0:   000000002701bbe0 000000002701b8f0
0x000000002701b7b0:   0000000000000000 0000000000000000
0x000000002701b7c0:   0000000000600000 0000000028322040
0x000000002701b7d0:   0000000000000901 0000000000000000
0x000000002701b7e0:   0000000000000000 0000000000000000
0x000000002701b7f0:   0000000000000000 0000000000000000
0x000000002701b800:   0000000000000000 0000000000000000
0x000000002701b810:   0000000000000000 0000000000000000
0x000000002701b820:   0000000000000000 0000000000000000
0x000000002701b830:   0000000000000000 0000000000000000
0x000000002701b840:   0000000000000000 0000000000000000
0x000000002701b850:   0000000000000000 0000000000000000
0x000000002701b860:   0000000000000000 0000000000000000
0x000000002701b870:   0000000000000000 0000000000000000 

Instructions: (pc=0x0000000022f238b8)
0x0000000022f23898:   44 30 00 00 b8 df 05 00 00 48 8b ce 48 89 9c 24
0x0000000022f238a8:   a0 04 00 00 66 89 45 00 48 89 bc 24 98 04 00 00
0x0000000022f238b8:   ff 56 40 48 8d 15 2a ce 00 00 41 b8 06 00 00 00
0x0000000022f238c8:   48 8b c8 e8 70 2d 00 00 85 c0 75 40 8b 9c 24 00 


Register to memory mapping:

RAX=0x00000000000005df is an unknown value
RBX=0x0000000000000009 is an unknown value
RCX=0x0000000000000000 is an unknown value
RDX=0x0000000000000000 is an unknown value
RSP=0x000000002701b780 is pointing into the stack for thread: 0x00000000223f2800
RBP=0x000000002701bd10 is pointing into the stack for thread: 0x00000000223f2800
RSI=0x0000000000000000 is an unknown value
RDI=0x000000002701bd10 is pointing into the stack for thread: 0x00000000223f2800
R8 =0x0000000000000000 is an unknown value
R9 =0x0000000000000000 is an unknown value
R10=0x0000000000000000 is an unknown value
R11=0x000000002701bc50 is pointing into the stack for thread: 0x00000000223f2800
R12=0x0000000000000005 is an unknown value
R13=0x0000000028322040 is an unknown value
R14=0x0000000000000000 is an unknown value
R15=0x000000002701be10 is pointing into the stack for thread: 0x00000000223f2800


Stack: [0x0000000026f20000,0x0000000027020000],  sp=0x000000002701b780,  free space=1005k
Native frames: (J=compiled Java code, j=interpreted, Vv=VM code, C=native code)
C  [commpro.dll+0x38b8]
C  [commpro.dll+0x3ccd]
C  [zkemsdk.dll+0xcf84]
C  [zkemkeeper.dll+0x60722]
C  [zkemkeeper.dll+0xd3f2]
C  [OLEAUT32.dll+0x1d3df]
C  [OLEAUT32.dll+0xef0e]
C  [OLEAUT32.dll+0xbd17]
C  [zkemkeeper.dll+0x28f59]
C  [zkemkeeper.dll+0x28ebb]
C  [jacob-1.18-x64.dll+0x22a8]
C  0x0000000005217f74

Java frames: (J=compiled Java code, j=interpreted, Vv=VM code)
j  com.jacob.com.Dispatch.invokev(Lcom/jacob/com/Dispatch;Ljava/lang/String;III[Lcom/jacob/com/Variant;[I)Lcom/jacob/com/Variant;+0
j  com.jacob.com.Dispatch.invokev(Lcom/jacob/com/Dispatch;Ljava/lang/String;I[Lcom/jacob/com/Variant;[I)Lcom/jacob/com/Variant;+14
j  com.jacob.com.Dispatch.callN(Lcom/jacob/com/Dispatch;Ljava/lang/String;[Ljava/lang/Object;)Lcom/jacob/com/Variant;+15
j  com.jacob.activeX.ActiveXComponent.invoke(Ljava/lang/String;[Lcom/jacob/com/Variant;)Lcom/jacob/com/Variant;+3
j  com.wemarklinks.method.ZkemSDK.ReadAllUserID(I)Z+20
j  com.wemarklinks.method.ZkemSDK.SSR_GetAllUserInfo(I)Ljava/util/List;+10
j  com.wemarklinks.service.ZkService.SSR_GetAllUserInfo(Ljava/lang/Integer;Ljava/lang/Integer;)Ljava/util/Map;+5
j  com.wemarklinks.controller.ZKController.listUser(Ljava/lang/Integer;Ljava/lang/Integer;)Ljava/util/Map;+14
v  ~StubRoutines::call_stub
J 1706  sun.reflect.NativeMethodAccessorImpl.invoke0(Ljava/lang/reflect/Method;Ljava/lang/Object;[Ljava/lang/Object;)Ljava/lang/Object; (0 bytes) @ 0x00000000057e673f [0x00000000057e66c0+0x7f]
J 1711 C1 sun.reflect.NativeMethodAccessorImpl.invoke(Ljava/lang/Object;[Ljava/lang/Object;)Ljava/lang/Object; (104 bytes) @ 0x00000000057ed404 [0x00000000057ec280+0x1184]
J 3224 C2 java.lang.reflect.Method.invoke(Ljava/lang/Object;[Ljava/lang/Object;)Ljava/lang/Object; (62 bytes) @ 0x0000000005e46080 [0x0000000005e45fe0+0xa0]
j  org.springframework.web.method.support.InvocableHandlerMethod.doInvoke([Ljava/lang/Object;)Ljava/lang/Object;+16
j  org.springframework.web.method.support.InvocableHandlerMethod.invokeForRequest(Lorg/springframework/web/context/request/NativeWebRequest;Lorg/springframework/web/method/support/ModelAndViewContainer;[Ljava/lang/Object;)Ljava/lang/Object;+75
j  org.springframework.web.servlet.mvc.method.annotation.ServletInvocableHandlerMethod.invokeAndHandle(Lorg/springframework/web/context/request/ServletWebRequest;Lorg/springframework/web/method/support/ModelAndViewContainer;[Ljava/lang/Object;)V+4
j  org.springframework.web.servlet.mvc.method.annotation.RequestMappingHandlerAdapter.invokeHandlerMethod(Ljavax/servlet/http/HttpServletRequest;Ljavax/servlet/http/HttpServletResponse;Lorg/springframework/web/method/HandlerMethod;)Lorg/springframework/web/servlet/ModelAndView;+262
j  org.springframework.web.servlet.mvc.method.annotation.RequestMappingHandlerAdapter.handleInternal(Ljavax/servlet/http/HttpServletRequest;Ljavax/servlet/http/HttpServletResponse;Lorg/springframework/web/method/HandlerMethod;)Lorg/springframework/web/servlet/ModelAndView;+81
j  org.springframework.web.servlet.mvc.method.AbstractHandlerMethodAdapter.handle(Ljavax/servlet/http/HttpServletRequest;Ljavax/servlet/http/HttpServletResponse;Ljava/lang/Object;)Lorg/springframework/web/servlet/ModelAndView;+7
j  org.springframework.web.servlet.DispatcherServlet.doDispatch(Ljavax/servlet/http/HttpServletRequest;Ljavax/servlet/http/HttpServletResponse;)V+318
j  org.springframework.web.servlet.DispatcherServlet.doService(Ljavax/servlet/http/HttpServletRequest;Ljavax/servlet/http/HttpServletResponse;)V+301
j  org.springframework.web.servlet.FrameworkServlet.processRequest(Ljavax/servlet/http/HttpServletRequest;Ljavax/servlet/http/HttpServletResponse;)V+71
j  org.springframework.web.servlet.FrameworkServlet.doGet(Ljavax/servlet/http/HttpServletRequest;Ljavax/servlet/http/HttpServletResponse;)V+3
j  javax.servlet.http.HttpServlet.service(Ljavax/servlet/http/HttpServletRequest;Ljavax/servlet/http/HttpServletResponse;)V+35
j  org.springframework.web.servlet.FrameworkServlet.service(Ljavax/servlet/http/HttpServletRequest;Ljavax/servlet/http/HttpServletResponse;)V+33
j  javax.servlet.http.HttpServlet.service(Ljavax/servlet/ServletRequest;Ljavax/servlet/ServletResponse;)V+30
j  org.apache.catalina.core.ApplicationFilterChain.internalDoFilter(Ljavax/servlet/ServletRequest;Ljavax/servlet/ServletResponse;)V+304
j  org.apache.catalina.core.ApplicationFilterChain.doFilter(Ljavax/servlet/ServletRequest;Ljavax/servlet/ServletResponse;)V+101
j  org.apache.tomcat.websocket.server.WsFilter.doFilter(Ljavax/servlet/ServletRequest;Ljavax/servlet/ServletResponse;Ljavax/servlet/FilterChain;)V+21
j  org.apache.catalina.core.ApplicationFilterChain.internalDoFilter(Ljavax/servlet/ServletRequest;Ljavax/servlet/ServletResponse;)V+135
j  org.apache.catalina.core.ApplicationFilterChain.doFilter(Ljavax/servlet/ServletRequest;Ljavax/servlet/ServletResponse;)V+101
j  com.wemarklinks.filter.CorrelationFilter.doFilter(Ljavax/servlet/ServletRequest;Ljavax/servlet/ServletResponse;Ljavax/servlet/FilterChain;)V+34
j  org.apache.catalina.core.ApplicationFilterChain.internalDoFilter(Ljavax/servlet/ServletRequest;Ljavax/servlet/ServletResponse;)V+135
j  org.apache.catalina.core.ApplicationFilterChain.doFilter(Ljavax/servlet/ServletRequest;Ljavax/servlet/ServletResponse;)V+101
j  org.springframework.web.filter.RequestContextFilter.doFilterInternal(Ljavax/servlet/http/HttpServletRequest;Ljavax/servlet/http/HttpServletResponse;Ljavax/servlet/FilterChain;)V+21
j  org.springframework.web.filter.OncePerRequestFilter.doFilter(Ljavax/servlet/ServletRequest;Ljavax/servlet/ServletResponse;Ljavax/servlet/FilterChain;)V+111
j  org.apache.catalina.core.ApplicationFilterChain.internalDoFilter(Ljavax/servlet/ServletRequest;Ljavax/servlet/ServletResponse;)V+135
j  org.apache.catalina.core.ApplicationFilterChain.doFilter(Ljavax/servlet/ServletRequest;Ljavax/servlet/ServletResponse;)V+101
j  org.springframework.web.filter.HttpPutFormContentFilter.doFilterInternal(Ljavax/servlet/http/HttpServletRequest;Ljavax/servlet/http/HttpServletResponse;Ljavax/servlet/FilterChain;)V+95
j  org.springframework.web.filter.OncePerRequestFilter.doFilter(Ljavax/servlet/ServletRequest;Ljavax/servlet/ServletResponse;Ljavax/servlet/FilterChain;)V+111
j  org.apache.catalina.core.ApplicationFilterChain.internalDoFilter(Ljavax/servlet/ServletRequest;Ljavax/servlet/ServletResponse;)V+135
j  org.apache.catalina.core.ApplicationFilterChain.doFilter(Ljavax/servlet/ServletRequest;Ljavax/servlet/ServletResponse;)V+101
j  org.springframework.web.filter.HiddenHttpMethodFilter.doFilterInternal(Ljavax/servlet/http/HttpServletRequest;Ljavax/servlet/http/HttpServletResponse;Ljavax/servlet/FilterChain;)V+64
j  org.springframework.web.filter.OncePerRequestFilter.doFilter(Ljavax/servlet/ServletRequest;Ljavax/servlet/ServletResponse;Ljavax/servlet/FilterChain;)V+111
j  org.apache.catalina.core.ApplicationFilterChain.internalDoFilter(Ljavax/servlet/ServletRequest;Ljavax/servlet/ServletResponse;)V+135
j  org.apache.catalina.core.ApplicationFilterChain.doFilter(Ljavax/servlet/ServletRequest;Ljavax/servlet/ServletResponse;)V+101
j  org.springframework.web.filter.CharacterEncodingFilter.doFilterInternal(Ljavax/servlet/http/HttpServletRequest;Ljavax/servlet/http/HttpServletResponse;Ljavax/servlet/FilterChain;)V+53
j  org.springframework.web.filter.OncePerRequestFilter.doFilter(Ljavax/servlet/ServletRequest;Ljavax/servlet/ServletResponse;Ljavax/servlet/FilterChain;)V+111
j  org.apache.catalina.core.ApplicationFilterChain.internalDoFilter(Ljavax/servlet/ServletRequest;Ljavax/servlet/ServletResponse;)V+135
j  org.apache.catalina.core.ApplicationFilterChain.doFilter(Ljavax/servlet/ServletRequest;Ljavax/servlet/ServletResponse;)V+101
j  org.apache.catalina.core.StandardWrapperValve.invoke(Lorg/apache/catalina/connector/Request;Lorg/apache/catalina/connector/Response;)V+688
j  org.apache.catalina.core.StandardContextValve.invoke(Lorg/apache/catalina/connector/Request;Lorg/apache/catalina/connector/Response;)V+166
j  org.apache.catalina.authenticator.AuthenticatorBase.invoke(Lorg/apache/catalina/connector/Request;Lorg/apache/catalina/connector/Response;)V+272
j  org.apache.catalina.core.StandardHostValve.invoke(Lorg/apache/catalina/connector/Request;Lorg/apache/catalina/connector/Response;)V+138
j  org.apache.catalina.valves.ErrorReportValve.invoke(Lorg/apache/catalina/connector/Request;Lorg/apache/catalina/connector/Response;)V+6
j  org.apache.catalina.core.StandardEngineValve.invoke(Lorg/apache/catalina/connector/Request;Lorg/apache/catalina/connector/Response;)V+71
j  org.apache.catalina.connector.CoyoteAdapter.service(Lorg/apache/coyote/Request;Lorg/apache/coyote/Response;)V+199
j  org.apache.coyote.http11.Http11Processor.service(Lorg/apache/tomcat/util/net/SocketWrapperBase;)Lorg/apache/tomcat/util/net/AbstractEndpoint$Handler$SocketState;+806
j  org.apache.coyote.AbstractProcessorLight.process(Lorg/apache/tomcat/util/net/SocketWrapperBase;Lorg/apache/tomcat/util/net/SocketEvent;)Lorg/apache/tomcat/util/net/AbstractEndpoint$Handler$SocketState;+113
j  org.apache.coyote.AbstractProtocol$ConnectionHandler.process(Lorg/apache/tomcat/util/net/SocketWrapperBase;Lorg/apache/tomcat/util/net/SocketEvent;)Lorg/apache/tomcat/util/net/AbstractEndpoint$Handler$SocketState;+378
j  org.apache.tomcat.util.net.NioEndpoint$SocketProcessor.doRun()V+191
j  org.apache.tomcat.util.net.SocketProcessorBase.run()V+21
j  java.util.concurrent.ThreadPoolExecutor.runWorker(Ljava/util/concurrent/ThreadPoolExecutor$Worker;)V+95
j  java.util.concurrent.ThreadPoolExecutor$Worker.run()V+5
j  org.apache.tomcat.util.threads.TaskThread$WrappingRunnable.run()V+4
j  java.lang.Thread.run()V+11
v  ~StubRoutines::call_stub

---------------  P R O C E S S  ---------------

Java Threads: ( => current thread )
  0x00000000223f8800 JavaThread "DestroyJavaVM" [_thread_blocked, id=384, stack(0x0000000005000000,0x0000000005100000)]
  0x00000000223fa800 JavaThread "Thread-13" [_thread_in_native, id=10796, stack(0x0000000028120000,0x0000000028220000)]
  0x00000000223f9000 JavaThread "Thread-12" [_thread_in_native, id=17892, stack(0x0000000027d20000,0x0000000027e20000)]
  0x00000000223fe800 JavaThread "http-nio-8080-AsyncTimeout" daemon [_thread_blocked, id=15600, stack(0x0000000027c20000,0x0000000027d20000)]
  0x00000000223ff800 JavaThread "http-nio-8080-Acceptor-0" daemon [_thread_in_native, id=2160, stack(0x0000000027b20000,0x0000000027c20000)]
  0x00000000223fa000 JavaThread "http-nio-8080-ClientPoller-1" daemon [_thread_in_native, id=16976, stack(0x0000000027a20000,0x0000000027b20000)]
  0x00000000223f1000 JavaThread "http-nio-8080-ClientPoller-0" daemon [_thread_in_native, id=17520, stack(0x0000000027920000,0x0000000027a20000)]
  0x00000000223f1800 JavaThread "http-nio-8080-exec-10" daemon [_thread_blocked, id=6624, stack(0x0000000027820000,0x0000000027920000)]
  0x00000000223f6000 JavaThread "http-nio-8080-exec-9" daemon [_thread_blocked, id=5444, stack(0x0000000027720000,0x0000000027820000)]
  0x00000000223f5800 JavaThread "http-nio-8080-exec-8" daemon [_thread_blocked, id=17560, stack(0x0000000027620000,0x0000000027720000)]
  0x00000000223f7000 JavaThread "http-nio-8080-exec-7" daemon [_thread_blocked, id=10612, stack(0x0000000027520000,0x0000000027620000)]
  0x00000000223f7800 JavaThread "http-nio-8080-exec-6" daemon [_thread_blocked, id=9772, stack(0x0000000027420000,0x0000000027520000)]
  0x00000000223f4800 JavaThread "http-nio-8080-exec-5" daemon [_thread_blocked, id=15616, stack(0x0000000027320000,0x0000000027420000)]
  0x00000000223f4000 JavaThread "http-nio-8080-exec-4" daemon [_thread_blocked, id=9084, stack(0x0000000027220000,0x0000000027320000)]
  0x00000000223f0000 JavaThread "http-nio-8080-exec-3" daemon [_thread_blocked, id=11808, stack(0x0000000027120000,0x0000000027220000)]
  0x00000000223f3000 JavaThread "http-nio-8080-exec-2" daemon [_thread_blocked, id=9480, stack(0x0000000027020000,0x0000000027120000)]
=>0x00000000223f2800 JavaThread "http-nio-8080-exec-1" daemon [_thread_in_native, id=16728, stack(0x0000000026f20000,0x0000000027020000)]
  0x00000000209de800 JavaThread "NioBlockingSelector.BlockPoller-1" daemon [_thread_in_native, id=18372, stack(0x0000000026e20000,0x0000000026f20000)]
  0x00000000209de000 JavaThread "pool-1-thread-1" [_thread_blocked, id=6500, stack(0x00000000269f0000,0x0000000026af0000)]
  0x00000000209e4000 JavaThread "Live Reload Server" daemon [_thread_in_native, id=10920, stack(0x00000000266f0000,0x00000000267f0000)]
  0x00000000209e1800 JavaThread "File Watcher" daemon [_thread_blocked, id=10172, stack(0x00000000260d0000,0x00000000261d0000)]
  0x00000000209e2800 JavaThread "Thread-6" [_thread_in_native, id=12360, stack(0x0000000025fd0000,0x00000000260d0000)]
  0x00000000209df800 JavaThread "Thread-5" [_thread_in_native, id=15748, stack(0x0000000025ed0000,0x0000000025fd0000)]
  0x0000000020ca4800 JavaThread "container-0" [_thread_blocked, id=15308, stack(0x0000000023f40000,0x0000000024040000)]
  0x000000002115f800 JavaThread "ContainerBackgroundProcessor[StandardEngine[Tomcat]]" daemon [_thread_blocked, id=18324, stack(0x0000000022dd0000,0x0000000022ed0000)]
  0x000000001c136000 JavaThread "Service Thread" daemon [_thread_blocked, id=2568, stack(0x000000001cb00000,0x000000001cc00000)]
  0x000000001c0a0000 JavaThread "C1 CompilerThread3" daemon [_thread_blocked, id=4220, stack(0x000000001ca00000,0x000000001cb00000)]
  0x000000001c09c000 JavaThread "C2 CompilerThread2" daemon [_thread_blocked, id=17708, stack(0x000000001c900000,0x000000001ca00000)]
  0x000000001c09a800 JavaThread "C2 CompilerThread1" daemon [_thread_in_native, id=17008, stack(0x000000001c800000,0x000000001c900000)]
  0x000000001c097800 JavaThread "C2 CompilerThread0" daemon [_thread_blocked, id=17116, stack(0x000000001c700000,0x000000001c800000)]
  0x000000001c092000 JavaThread "Attach Listener" daemon [_thread_blocked, id=17700, stack(0x000000001c600000,0x000000001c700000)]
  0x000000001c091800 JavaThread "Signal Dispatcher" daemon [_thread_blocked, id=6612, stack(0x000000001c500000,0x000000001c600000)]
  0x000000001c020800 JavaThread "Finalizer" daemon [_thread_blocked, id=17768, stack(0x000000001c400000,0x000000001c500000)]
  0x00000000051fb800 JavaThread "Reference Handler" daemon [_thread_blocked, id=5380, stack(0x000000001bf00000,0x000000001c000000)]

Other Threads:
  0x000000001a139000 VMThread [stack: 0x000000001be00000,0x000000001bf00000] [id=17284]
  0x000000001c1b5800 WatcherThread [stack: 0x000000001cc00000,0x000000001cd00000] [id=2192]

VM state:not at safepoint (normal execution)

VM Mutex/Monitor currently owned by a thread: None

Heap:
 PSYoungGen      total 245248K, used 146926K [0x00000000d6000000, 0x00000000ec700000, 0x0000000100000000)
  eden space 227840K, 64% used [0x00000000d6000000,0x00000000def7b878,0x00000000e3e80000)
  from space 17408K, 0% used [0x00000000e3e80000,0x00000000e3e80000,0x00000000e4f80000)
  to   space 18432K, 0% used [0x00000000eb500000,0x00000000eb500000,0x00000000ec700000)
 ParOldGen       total 74752K, used 22764K [0x0000000082000000, 0x0000000086900000, 0x00000000d6000000)
  object space 74752K, 30% used [0x0000000082000000,0x000000008363b1f0,0x0000000086900000)
 Metaspace       used 39476K, capacity 40048K, committed 40232K, reserved 1085440K
  class space    used 4978K, capacity 5123K, committed 5160K, reserved 1048576K

Card table byte_map: [0x00000000145c0000,0x00000000149c0000] byte_map_base: 0x00000000141b0000

Marking Bits: (ParMarkBitMap*) 0x000000006032c720
 Begin Bits: [0x0000000015460000, 0x00000000173e0000)
 End Bits:   [0x00000000173e0000, 0x0000000019360000)

Polling page: 0x0000000002f90000

CodeCache: size=245760Kb used=15598Kb max_used=16055Kb free=230162Kb
 bounds [0x0000000005200000, 0x00000000061e0000, 0x0000000014200000]
 total_blobs=4433 nmethods=3972 adapters=372
 compilation: enabled

Compilation events (10 events):
Event: 51.209 Thread 0x000000001c0a0000 nmethod 4576 0x0000000005551a10 code [0x0000000005551ba0, 0x0000000005551ef8]
Event: 51.211 Thread 0x000000001c09a800 4577       4       org.springframework.beans.factory.support.AbstractBeanFactory::isTypeMatch (495 bytes)
Event: 51.215 Thread 0x000000001c0a0000 4578       3       org.springframework.boot.ansi.AnsiOutput::buildDisabled (47 bytes)
Event: 51.215 Thread 0x000000001c0a0000 nmethod 4578 0x00000000054b7ed0 code [0x00000000054b8080, 0x00000000054b8798]
Event: 51.225 Thread 0x000000001c0a0000 4579       3       java.nio.CharBuffer::arrayOffset (35 bytes)
Event: 51.226 Thread 0x000000001c0a0000 nmethod 4579 0x00000000058fe6d0 code [0x00000000058fe860, 0x00000000058feb78]
Event: 51.233 Thread 0x000000001c09c000 4580       4       java.util.regex.Pattern$Single::isSatisfiedBy (14 bytes)
Event: 51.234 Thread 0x000000001c09c000 nmethod 4580 0x000000000582f650 code [0x000000000582f780, 0x000000000582f7f8]
Event: 51.236 Thread 0x000000001c097800 4581       4       sun.net.www.protocol.file.Handler::parseURL (18 bytes)
Event: 51.245 Thread 0x000000001c097800 nmethod 4581 0x00000000053aad10 code [0x00000000053aae80, 0x00000000053ab328]

GC Heap History (10 events):
Event: 1.478 GC heap before
{Heap before GC invocations=7 (full 1):
 PSYoungGen      total 140800K, used 5345K [0x00000000d6000000, 0x00000000df300000, 0x0000000100000000)
  eden space 131072K, 0% used [0x00000000d6000000,0x00000000d6000000,0x00000000de000000)
  from space 9728K, 54% used [0x00000000de980000,0x00000000deeb86a0,0x00000000df300000)
  to   space 9728K, 0% used [0x00000000de000000,0x00000000de000000,0x00000000de980000)
 ParOldGen       total 86016K, used 10856K [0x0000000082000000, 0x0000000087400000, 0x00000000d6000000)
  object space 86016K, 12% used [0x0000000082000000,0x0000000082a9a1c0,0x0000000087400000)
 Metaspace       used 20756K, capacity 21172K, committed 21296K, reserved 1069056K
  class space    used 2543K, capacity 2661K, committed 2688K, reserved 1048576K
Event: 1.510 GC heap after
Heap after GC invocations=7 (full 1):
 PSYoungGen      total 140800K, used 0K [0x00000000d6000000, 0x00000000df300000, 0x0000000100000000)
  eden space 131072K, 0% used [0x00000000d6000000,0x00000000d6000000,0x00000000de000000)
  from space 9728K, 0% used [0x00000000de980000,0x00000000de980000,0x00000000df300000)
  to   space 9728K, 0% used [0x00000000de000000,0x00000000de000000,0x00000000de980000)
 ParOldGen       total 50688K, used 7330K [0x0000000082000000, 0x0000000085180000, 0x00000000d6000000)
  object space 50688K, 14% used [0x0000000082000000,0x0000000082728858,0x0000000085180000)
 Metaspace       used 20756K, capacity 21172K, committed 21296K, reserved 1069056K
  class space    used 2543K, capacity 2661K, committed 2688K, reserved 1048576K
}
Event: 13.813 GC heap before
{Heap before GC invocations=8 (full 1):
 PSYoungGen      total 140800K, used 131072K [0x00000000d6000000, 0x00000000df300000, 0x0000000100000000)
  eden space 131072K, 100% used [0x00000000d6000000,0x00000000de000000,0x00000000de000000)
  from space 9728K, 0% used [0x00000000de980000,0x00000000de980000,0x00000000df300000)
  to   space 9728K, 0% used [0x00000000de000000,0x00000000de000000,0x00000000de980000)
 ParOldGen       total 50688K, used 7330K [0x0000000082000000, 0x0000000085180000, 0x00000000d6000000)
  object space 50688K, 14% used [0x0000000082000000,0x0000000082728858,0x0000000085180000)
 Metaspace       used 28697K, capacity 29118K, committed 29312K, reserved 1075200K
  class space    used 3543K, capacity 3660K, committed 3712K, reserved 1048576K
Event: 13.823 GC heap after
Heap after GC invocations=8 (full 1):
 PSYoungGen      total 140800K, used 9713K [0x00000000d6000000, 0x00000000e5f00000, 0x0000000100000000)
  eden space 131072K, 0% used [0x00000000d6000000,0x00000000d6000000,0x00000000de000000)
  from space 9728K, 99% used [0x00000000de000000,0x00000000de97c468,0x00000000de980000)
  to   space 13312K, 0% used [0x00000000e5200000,0x00000000e5200000,0x00000000e5f00000)
 ParOldGen       total 50688K, used 11985K [0x0000000082000000, 0x0000000085180000, 0x00000000d6000000)
  object space 50688K, 23% used [0x0000000082000000,0x0000000082bb4720,0x0000000085180000)
 Metaspace       used 28697K, capacity 29118K, committed 29312K, reserved 1075200K
  class space    used 3543K, capacity 3660K, committed 3712K, reserved 1048576K
}
Event: 17.639 GC heap before
{Heap before GC invocations=9 (full 1):
 PSYoungGen      total 140800K, used 140785K [0x00000000d6000000, 0x00000000e5f00000, 0x0000000100000000)
  eden space 131072K, 100% used [0x00000000d6000000,0x00000000de000000,0x00000000de000000)
  from space 9728K, 99% used [0x00000000de000000,0x00000000de97c468,0x00000000de980000)
  to   space 13312K, 0% used [0x00000000e5200000,0x00000000e5200000,0x00000000e5f00000)
 ParOldGen       total 50688K, used 11985K [0x0000000082000000, 0x0000000085180000, 0x00000000d6000000)
  object space 50688K, 23% used [0x0000000082000000,0x0000000082bb4720,0x0000000085180000)
 Metaspace       used 34604K, capacity 35158K, committed 35456K, reserved 1081344K
  class space    used 4327K, capacity 4464K, committed 4480K, reserved 1048576K
Event: 17.655 GC heap after
Heap after GC invocations=9 (full 1):
 PSYoungGen      total 241152K, used 13289K [0x00000000d6000000, 0x00000000e6080000, 0x0000000100000000)
  eden space 227840K, 0% used [0x00000000d6000000,0x00000000d6000000,0x00000000e3e80000)
  from space 13312K, 99% used [0x00000000e5200000,0x00000000e5efa6e0,0x00000000e5f00000)
  to   space 17408K, 0% used [0x00000000e3e80000,0x00000000e3e80000,0x00000000e4f80000)
 ParOldGen       total 50688K, used 17601K [0x0000000082000000, 0x0000000085180000, 0x00000000d6000000)
  object space 50688K, 34% used [0x0000000082000000,0x00000000831304f8,0x0000000085180000)
 Metaspace       used 34604K, capacity 35158K, committed 35456K, reserved 1081344K
  class space    used 4327K, capacity 4464K, committed 4480K, reserved 1048576K
}
Event: 17.759 GC heap before
{Heap before GC invocations=10 (full 1):
 PSYoungGen      total 241152K, used 31142K [0x00000000d6000000, 0x00000000e6080000, 0x0000000100000000)
  eden space 227840K, 7% used [0x00000000d6000000,0x00000000d716f258,0x00000000e3e80000)
  from space 13312K, 99% used [0x00000000e5200000,0x00000000e5efa6e0,0x00000000e5f00000)
  to   space 17408K, 0% used [0x00000000e3e80000,0x00000000e3e80000,0x00000000e4f80000)
 ParOldGen       total 50688K, used 17601K [0x0000000082000000, 0x0000000085180000, 0x00000000d6000000)
  object space 50688K, 34% used [0x0000000082000000,0x00000000831304f8,0x0000000085180000)
 Metaspace       used 34818K, capacity 35388K, committed 35496K, reserved 1081344K
  class space    used 4356K, capacity 4497K, committed 4520K, reserved 1048576K
Event: 17.768 GC heap after
Heap after GC invocations=10 (full 1):
 PSYoungGen      total 245248K, used 14105K [0x00000000d6000000, 0x00000000ec700000, 0x0000000100000000)
  eden space 227840K, 0% used [0x00000000d6000000,0x00000000d6000000,0x00000000e3e80000)
  from space 17408K, 81% used [0x00000000e3e80000,0x00000000e4c466f0,0x00000000e4f80000)
  to   space 18432K, 0% used [0x00000000eb500000,0x00000000eb500000,0x00000000ec700000)
 ParOldGen       total 50688K, used 17609K [0x0000000082000000, 0x0000000085180000, 0x00000000d6000000)
  object space 50688K, 34% used [0x0000000082000000,0x00000000831324f8,0x0000000085180000)
 Metaspace       used 34818K, capacity 35388K, committed 35496K, reserved 1081344K
  class space    used 4356K, capacity 4497K, committed 4520K, reserved 1048576K
}
Event: 17.768 GC heap before
{Heap before GC invocations=11 (full 2):
 PSYoungGen      total 245248K, used 14105K [0x00000000d6000000, 0x00000000ec700000, 0x0000000100000000)
  eden space 227840K, 0% used [0x00000000d6000000,0x00000000d6000000,0x00000000e3e80000)
  from space 17408K, 81% used [0x00000000e3e80000,0x00000000e4c466f0,0x00000000e4f80000)
  to   space 18432K, 0% used [0x00000000eb500000,0x00000000eb500000,0x00000000ec700000)
 ParOldGen       total 50688K, used 17609K [0x0000000082000000, 0x0000000085180000, 0x00000000d6000000)
  object space 50688K, 34% used [0x0000000082000000,0x00000000831324f8,0x0000000085180000)
 Metaspace       used 34818K, capacity 35388K, committed 35496K, reserved 1081344K
  class space    used 4356K, capacity 4497K, committed 4520K, reserved 1048576K
Event: 17.816 GC heap after
Heap after GC invocations=11 (full 2):
 PSYoungGen      total 245248K, used 0K [0x00000000d6000000, 0x00000000ec700000, 0x0000000100000000)
  eden space 227840K, 0% used [0x00000000d6000000,0x00000000d6000000,0x00000000e3e80000)
  from space 17408K, 0% used [0x00000000e3e80000,0x00000000e3e80000,0x00000000e4f80000)
  to   space 18432K, 0% used [0x00000000eb500000,0x00000000eb500000,0x00000000ec700000)
 ParOldGen       total 74752K, used 22764K [0x0000000082000000, 0x0000000086900000, 0x00000000d6000000)
  object space 74752K, 30% used [0x0000000082000000,0x000000008363b1f0,0x0000000086900000)
 Metaspace       used 34818K, capacity 35388K, committed 35496K, reserved 1081344K
  class space    used 4356K, capacity 4497K, committed 4520K, reserved 1048576K
}

Deoptimization events (10 events):
Event: 18.517 Thread 0x000000001da0f800 Uncommon trap: reason=class_check action=maybe_recompile pc=0x0000000005c00904 method=java.util.AbstractList$Itr.next()Ljava/lang/Object; @ 14
Event: 18.537 Thread 0x000000001da0f800 Uncommon trap: reason=bimorphic action=maybe_recompile pc=0x0000000005c2c670 method=java.util.Hashtable.get(Ljava/lang/Object;)Ljava/lang/Object; @ 6
Event: 18.537 Thread 0x000000001da0f800 Uncommon trap: reason=bimorphic action=maybe_recompile pc=0x0000000005c2c670 method=java.util.Hashtable.get(Ljava/lang/Object;)Ljava/lang/Object; @ 6
Event: 18.540 Thread 0x000000001da0f800 Uncommon trap: reason=unstable_if action=reinterpret pc=0x00000000057f4c98 method=org.springframework.util.ConcurrentReferenceHashMap$Segment.restructureIfNecessary(Z)V @ 33
Event: 32.637 Thread 0x000000002115f800 Uncommon trap: reason=bimorphic action=maybe_recompile pc=0x000000000603d748 method=java.util.AbstractCollection.addAll(Ljava/util/Collection;)Z @ 29
Event: 51.234 Thread 0x00000000223f2800 Uncommon trap: reason=class_check action=maybe_recompile pc=0x0000000005611ff0 method=java.util.regex.Pattern$CharProperty$1.isSatisfiedBy(I)Z @ 5
Event: 51.235 Thread 0x00000000223f2800 Uncommon trap: reason=class_check action=maybe_recompile pc=0x0000000005611ff0 method=java.util.regex.Pattern$CharProperty$1.isSatisfiedBy(I)Z @ 5
Event: 51.235 Thread 0x00000000223f2800 Uncommon trap: reason=class_check action=maybe_recompile pc=0x0000000005611ff0 method=java.util.regex.Pattern$CharProperty$1.isSatisfiedBy(I)Z @ 5
Event: 51.235 Thread 0x00000000223f2800 Uncommon trap: reason=class_check action=maybe_recompile pc=0x0000000005611ff0 method=java.util.regex.Pattern$CharProperty$1.isSatisfiedBy(I)Z @ 5
Event: 51.240 Thread 0x00000000223f2800 Uncommon trap: reason=null_check action=make_not_entrant pc=0x000000000619c8ec method=org.springframework.core.annotation.AnnotatedElementUtils.searchWithFindSemantics(Ljava/lang/reflect/AnnotatedElement;Ljava/lang/Class;Ljava/lang/String;Ljava/lang/Class

Internal exceptions (10 events):
Event: 51.207 Thread 0x00000000223f2800 Exception <a 'java/lang/ClassNotFoundException': org/springframework/web/servlet/theme/FixedThemeResolverCustomizer> (0x00000000deb5a9d0) thrown at [C:\re\workspace\8-2-build-windows-amd64-cygwin\jdk8u131\8869\hotspot\src\share\vm\classfile\systemDictiona
Event: 51.207 Thread 0x00000000223f2800 Exception <a 'java/lang/ClassNotFoundException': org/springframework/web/servlet/ThemeResolverCustomizer> (0x00000000deb71ea8) thrown at [C:\re\workspace\8-2-build-windows-amd64-cygwin\jdk8u131\8869\hotspot\src\share\vm\classfile\systemDictionary.cpp, lin
Event: 51.210 Thread 0x00000000223f2800 Exception <a 'java/lang/ClassNotFoundException': java/lang/ObjectCustomizer> (0x00000000deb93a50) thrown at [C:\re\workspace\8-2-build-windows-amd64-cygwin\jdk8u131\8869\hotspot\src\share\vm\classfile\systemDictionary.cpp, line 210]
Event: 51.210 Thread 0x00000000223f2800 Exception <a 'java/lang/ClassNotFoundException': org/springframework/web/servlet/view/DefaultRequestToViewNameTranslatorCustomizer> (0x00000000debb0b98) thrown at [C:\re\workspace\8-2-build-windows-amd64-cygwin\jdk8u131\8869\hotspot\src\share\vm\classfile
Event: 51.211 Thread 0x00000000223f2800 Exception <a 'java/lang/ClassNotFoundException': org/springframework/web/servlet/RequestToViewNameTranslatorCustomizer> (0x00000000debd96b0) thrown at [C:\re\workspace\8-2-build-windows-amd64-cygwin\jdk8u131\8869\hotspot\src\share\vm\classfile\systemDicti
Event: 51.213 Thread 0x00000000223f2800 Exception <a 'java/lang/ClassNotFoundException': java/lang/ObjectCustomizer> (0x00000000dec09120) thrown at [C:\re\workspace\8-2-build-windows-amd64-cygwin\jdk8u131\8869\hotspot\src\share\vm\classfile\systemDictionary.cpp, line 210]
Event: 51.213 Thread 0x00000000223f2800 Exception <a 'java/lang/ClassNotFoundException': org/springframework/web/servlet/support/AbstractFlashMapManagerCustomizer> (0x00000000dec246c0) thrown at [C:\re\workspace\8-2-build-windows-amd64-cygwin\jdk8u131\8869\hotspot\src\share\vm\classfile\systemD
Event: 51.214 Thread 0x00000000223f2800 Exception <a 'java/lang/ClassNotFoundException': org/springframework/web/servlet/support/SessionFlashMapManagerCustomizer> (0x00000000dec43ae0) thrown at [C:\re\workspace\8-2-build-windows-amd64-cygwin\jdk8u131\8869\hotspot\src\share\vm\classfile\systemDi
Event: 51.214 Thread 0x00000000223f2800 Exception <a 'java/lang/ClassNotFoundException': org/springframework/web/servlet/FlashMapManagerCustomizer> (0x00000000dec5add0) thrown at [C:\re\workspace\8-2-build-windows-amd64-cygwin\jdk8u131\8869\hotspot\src\share\vm\classfile\systemDictionary.cpp, l
Event: 51.240 Thread 0x00000000223f2800 Implicit null exception at 0x0000000006192704 to 0x000000000619c8a9

Events (10 events):
Event: 51.244 loading class org/springframework/web/context/request/async/WebAsyncManager$1
Event: 51.244 loading class org/springframework/web/context/request/async/WebAsyncManager$1 done
Event: 51.245 loading class javax/servlet/ServletRequestWrapper
Event: 51.245 loading class javax/servlet/ServletRequestWrapper done
Event: 51.246 loading class org/springframework/web/multipart/support/MultipartResolutionDelegate
Event: 51.246 loading class org/springframework/web/multipart/support/MultipartResolutionDelegate done
Event: 51.246 loading class javax/servlet/http/Part
Event: 51.246 loading class javax/servlet/http/Part done
Event: 51.246 loading class org/springframework/web/bind/ServletRequestParameterPropertyValues
Event: 51.246 loading class org/springframework/web/bind/ServletRequestParameterPropertyValues done


Dynamic libraries:
0x00007ff7896b0000 - 0x00007ff7896e7000 	C:\Program Files\Java\jdk1.8.0_131\bin\javaw.exe
0x00007fffd75f0000 - 0x00007fffd77d0000 	C:\WINDOWS\SYSTEM32\ntdll.dll
0x00007fffd6ee0000 - 0x00007fffd6f8e000 	C:\WINDOWS\System32\KERNEL32.DLL
0x00007fffd45d0000 - 0x00007fffd4836000 	C:\WINDOWS\System32\KERNELBASE.dll
0x00007fffd2070000 - 0x00007fffd20f8000 	C:\WINDOWS\SYSTEM32\apphelp.dll
0x00007fffb9990000 - 0x00007fffb99e7000 	C:\WINDOWS\SYSTEM32\AcGenral.DLL
0x00007fffd6980000 - 0x00007fffd6a1d000 	C:\WINDOWS\System32\msvcrt.dll
0x00007fffd5230000 - 0x00007fffd528b000 	C:\WINDOWS\System32\sechost.dll
0x00007fffd4ac0000 - 0x00007fffd4bdf000 	C:\WINDOWS\System32\RPCRT4.dll
0x00007fffd6e80000 - 0x00007fffd6ed1000 	C:\WINDOWS\System32\SHLWAPI.dll
0x00007fffd4be0000 - 0x00007fffd4ee8000 	C:\WINDOWS\System32\combase.dll
0x00007fffd4840000 - 0x00007fffd4936000 	C:\WINDOWS\System32\ucrtbase.dll
0x00007fffd49f0000 - 0x00007fffd4a62000 	C:\WINDOWS\System32\bcryptPrimitives.dll
0x00007fffd6cd0000 - 0x00007fffd6cf8000 	C:\WINDOWS\System32\GDI32.dll
0x00007fffd3ce0000 - 0x00007fffd3e73000 	C:\WINDOWS\System32\gdi32full.dll
0x00007fffd3bc0000 - 0x00007fffd3c5b000 	C:\WINDOWS\System32\msvcp_win.dll
0x00007fffd50a0000 - 0x00007fffd522f000 	C:\WINDOWS\System32\USER32.dll
0x00007fffd3c60000 - 0x00007fffd3c80000 	C:\WINDOWS\System32\win32u.dll
0x00007fffd6fa0000 - 0x00007fffd70e9000 	C:\WINDOWS\System32\ole32.dll
0x00007fffd5350000 - 0x00007fffd6786000 	C:\WINDOWS\System32\SHELL32.dll
0x00007fffd4a70000 - 0x00007fffd4aba000 	C:\WINDOWS\System32\cfgmgr32.dll
0x00007fffd52a0000 - 0x00007fffd5346000 	C:\WINDOWS\System32\shcore.dll
0x00007fffd3e80000 - 0x00007fffd45c7000 	C:\WINDOWS\System32\windows.storage.dll
0x00007fffd4ef0000 - 0x00007fffd4f91000 	C:\WINDOWS\System32\advapi32.dll
0x00007fffd3940000 - 0x00007fffd3951000 	C:\WINDOWS\System32\kernel.appcore.dll
0x00007fffd3980000 - 0x00007fffd39cc000 	C:\WINDOWS\System32\powrprof.dll
0x00007fffd3960000 - 0x00007fffd397b000 	C:\WINDOWS\System32\profapi.dll
0x00007fffd3840000 - 0x00007fffd3870000 	C:\WINDOWS\SYSTEM32\SspiCli.dll
0x00007fffd3870000 - 0x00007fffd3899000 	C:\WINDOWS\SYSTEM32\USERENV.dll
0x00007fffc0a60000 - 0x00007fffc0a7b000 	C:\WINDOWS\SYSTEM32\MPR.dll
0x00007fffd6a20000 - 0x00007fffd6a4d000 	C:\WINDOWS\System32\IMM32.DLL
0x00007fffcaf60000 - 0x00007fffcb1c9000 	C:\WINDOWS\WinSxS\amd64_microsoft.windows.common-controls_6595b64144ccf1df_6.0.16299.192_none_15c8cdae9364c23b\COMCTL32.dll
0x000000005f8f0000 - 0x000000005f9c2000 	C:\Program Files\Java\jdk1.8.0_131\jre\bin\msvcr100.dll
0x000000005fb10000 - 0x00000000603ac000 	C:\Program Files\Java\jdk1.8.0_131\jre\bin\server\jvm.dll
0x00007fffd6f90000 - 0x00007fffd6f98000 	C:\WINDOWS\System32\PSAPI.DLL
0x00007fffd1f50000 - 0x00007fffd1f73000 	C:\WINDOWS\SYSTEM32\WINMM.dll
0x00007fffce1f0000 - 0x00007fffce1fa000 	C:\WINDOWS\SYSTEM32\VERSION.dll
0x00007fffc1430000 - 0x00007fffc1439000 	C:\WINDOWS\SYSTEM32\WSOCK32.dll
0x00007fffd6e10000 - 0x00007fffd6e7c000 	C:\WINDOWS\System32\WS2_32.dll
0x00007fffd1f20000 - 0x00007fffd1f4a000 	C:\WINDOWS\SYSTEM32\WINMMBASE.dll
0x0000000062050000 - 0x000000006205f000 	C:\Program Files\Java\jdk1.8.0_131\jre\bin\verify.dll
0x0000000060530000 - 0x0000000060559000 	C:\Program Files\Java\jdk1.8.0_131\jre\bin\java.dll
0x000000005fac0000 - 0x000000005fad6000 	C:\Program Files\Java\jdk1.8.0_131\jre\bin\zip.dll
0x000000005f8e0000 - 0x000000005f8ed000 	C:\Program Files\Java\jdk1.8.0_131\jre\bin\management.dll
0x000000005faa0000 - 0x000000005faba000 	C:\Program Files\Java\jdk1.8.0_131\jre\bin\net.dll
0x00007fffd31d0000 - 0x00007fffd3236000 	C:\WINDOWS\system32\mswsock.dll
0x00007fffbd170000 - 0x00007fffbd186000 	C:\WINDOWS\system32\napinsp.dll
0x00007fffbd150000 - 0x00007fffbd16a000 	C:\WINDOWS\system32\pnrpnsp.dll
0x00007fffd0720000 - 0x00007fffd0738000 	C:\WINDOWS\system32\NLAapi.dll
0x00007fffd2fa0000 - 0x00007fffd3056000 	C:\WINDOWS\SYSTEM32\DNSAPI.dll
0x00007fffd5290000 - 0x00007fffd5298000 	C:\WINDOWS\System32\NSI.dll
0x00007fffd2f60000 - 0x00007fffd2f99000 	C:\WINDOWS\SYSTEM32\IPHLPAPI.DLL
0x00007fffc1df0000 - 0x00007fffc1dfe000 	C:\WINDOWS\System32\winrnr.dll
0x00007fffd00c0000 - 0x00007fffd00ca000 	C:\Windows\System32\rasadhlp.dll
0x00007fffd0350000 - 0x00007fffd03c0000 	C:\WINDOWS\System32\fwpuclnt.dll
0x00007fffd34a0000 - 0x00007fffd34c5000 	C:\WINDOWS\SYSTEM32\bcrypt.dll
0x000000005fa80000 - 0x000000005fa91000 	C:\Program Files\Java\jdk1.8.0_131\jre\bin\nio.dll
0x00007fffd3390000 - 0x00007fffd33a7000 	C:\WINDOWS\SYSTEM32\CRYPTSP.dll
0x00007fffd2de0000 - 0x00007fffd2e13000 	C:\WINDOWS\system32\rsaenh.dll
0x00007fffd33b0000 - 0x00007fffd33bb000 	C:\WINDOWS\SYSTEM32\CRYPTBASE.dll
0x00007fffce760000 - 0x00007fffce776000 	C:\WINDOWS\SYSTEM32\dhcpcsvc6.DLL
0x00007fffcee40000 - 0x00007fffcee5a000 	C:\WINDOWS\SYSTEM32\dhcpcsvc.DLL
0x00007fffc76b0000 - 0x00007fffc76e8000 	C:\Windows\System32\jacob-1.18-x64.dll
0x00007fffd6c00000 - 0x00007fffd6cc5000 	C:\WINDOWS\System32\OLEAUT32.dll
0x00007fffd5000000 - 0x00007fffd509e000 	C:\WINDOWS\System32\clbcatq.dll
0x0000000180000000 - 0x00000001800e3000 	C:\WINDOWS\system32\zkemkeeper.dll
0x00000000207f0000 - 0x000000002081d000 	C:\WINDOWS\system32\plcommpro.dll
0x0000000022ed0000 - 0x0000000022f19000 	C:\WINDOWS\system32\zkemsdk.dll
0x0000000022f20000 - 0x0000000022f3c000 	C:\WINDOWS\system32\commpro.dll
0x00007fffd37a0000 - 0x00007fffd383a000 	C:\WINDOWS\SYSTEM32\sxs.dll
0x00007fffd2400000 - 0x00007fffd2495000 	C:\WINDOWS\system32\uxtheme.dll
0x00007fffd6790000 - 0x00007fffd68f7000 	C:\WINDOWS\System32\MSCTF.dll
0x00007fffc0020000 - 0x00007fffc009c000 	E:\teamviewer\tv_x64.dll
0x00000000206c0000 - 0x00000000206d5000 	C:\WINDOWS\SYSTEM32\tcpcomm.dll
0x00007fffc1be0000 - 0x00007fffc1da8000 	C:\WINDOWS\SYSTEM32\dbghelp.dll

VM Arguments:
jvm_args: -Dfile.encoding=UTF-8 
java_command: com.wemarklinks.Demo1Application
java_class_path (initial): E:\workplace\ZkemProject\target\classes;E:\workplace\ZkemProject\lib\jacob.jar;C:\Users\dell\.m2\repository\org\springframework\boot\spring-boot-starter-web\1.5.9.RELEASE\spring-boot-starter-web-1.5.9.RELEASE.jar;C:\Users\dell\.m2\repository\org\springframework\boot\spring-boot-starter\1.5.9.RELEASE\spring-boot-starter-1.5.9.RELEASE.jar;C:\Users\dell\.m2\repository\org\springframework\boot\spring-boot-starter-logging\1.5.9.RELEASE\spring-boot-starter-logging-1.5.9.RELEASE.jar;C:\Users\dell\.m2\repository\ch\qos\logback\logback-classic\1.1.11\logback-classic-1.1.11.jar;C:\Users\dell\.m2\repository\ch\qos\logback\logback-core\1.1.11\logback-core-1.1.11.jar;C:\Users\dell\.m2\repository\org\slf4j\jcl-over-slf4j\1.7.25\jcl-over-slf4j-1.7.25.jar;C:\Users\dell\.m2\repository\org\slf4j\jul-to-slf4j\1.7.25\jul-to-slf4j-1.7.25.jar;C:\Users\dell\.m2\repository\org\slf4j\log4j-over-slf4j\1.7.25\log4j-over-slf4j-1.7.25.jar;C:\Users\dell\.m2\repository\org\yaml\snakeyaml\1.17\snakeyaml-1.17.jar;C:\Users\dell\.m2\repository\org\hibernate\hibernate-validator\5.3.6.Final\hibernate-validator-5.3.6.Final.jar;C:\Users\dell\.m2\repository\javax\validation\validation-api\1.1.0.Final\validation-api-1.1.0.Final.jar;C:\Users\dell\.m2\repository\org\jboss\logging\jboss-logging\3.3.1.Final\jboss-logging-3.3.1.Final.jar;C:\Users\dell\.m2\repository\com\fasterxml\jackson\core\jackson-databind\2.8.10\jackson-databind-2.8.10.jar;C:\Users\dell\.m2\repository\com\fasterxml\jackson\core\jackson-annotations\2.8.0\jackson-annotations-2.8.0.jar;C:\Users\dell\.m2\repository\com\fasterxml\jackson\core\jackson-core\2.8.10\jackson-core-2.8.10.jar;C:\Users\dell\.m2\repository\org\springframework\spring-web\4.3.13.RELEASE\spring-web-4.3.13.RELEASE.jar;C:\Users\dell\.m2\repository\org\springframework\spring-aop\4.3.13.RELEASE\spring-aop-4.3.13.RELEASE.jar;C:\Users\dell\.m2\repository\org\springframework\spring-beans\4.3.13.RELEASE\spring-beans-4.3.13.RELEASE.jar;C:\Users\dell\.m2\
Launcher Type: SUN_STANDARD

Environment Variables:
PATH=C:/Program Files/Java/jdk1.8.0_131/bin/../jre/bin/server;C:/Program Files/Java/jdk1.8.0_131/bin/../jre/bin;C:/Program Files/Java/jdk1.8.0_131/bin/../jre/lib/amd64;C:\Program Files (x86)\Intel\iCLS Client\;C:\Program Files\Intel\iCLS Client\;C:\WINDOWS\system32;"E:\apache-tomcat-8.0.44\lib;E:\apache-tomcat-8.0.44\bin";E:\apache-maven-3.5.0\bin;C:\WINDOWS;C:\WINDOWS\System32\Wbem;C:\WINDOWS\System32\WindowsPowerShell\v1.0\;C:\Program Files (x86)\Intel\Intel(R) Management Engine Components\DAL;C:\Program Files\Intel\Intel(R) Management Engine Components\DAL;C:\Program Files (x86)\Intel\Intel(R) Management Engine Components\IPT;C:\Program Files\Intel\Intel(R) Management Engine Components\IPT;C:\Python27;C:\Python27\Scripts;C:\PostgreSQL\pg96\bin;E:\git\Git\cmd;E:\mysql-5.7\mysql-5.7.20-winx64\bin;C:\Program Files\Java\jdk1.8.0_131\bin;C:\Program Files\dotnet\;C:\Windows\Microsoft.NET\Framework\v2.0.50727\;C:\WINDOWS\syswow64;E:\node\;E:\yarn\bin;C:\Users\dell\AppData\Local\Microsoft\WindowsApps;C:\Users\dell\AppData\Local\atom\bin;C:\Users\dell\AppData\Local\Microsoft\WindowsApps;E:\mysql-5.7\mysql-5.7.20-winx64\bin;E:\Microsoft VS Code\bin;E:\mingw-w64\mingw64\bin;C:\WINDOWS\syswow64;C:\WINDOWS\system32;;E:\fiddler;C:\Users\dell\AppData\Roaming\npm;C:\Users\dell\AppData\Local\Yarn\bin;C:\Users\dell\eclipse\jee-neon\eclipse;
USERNAME=dell
OS=Windows_NT
PROCESSOR_IDENTIFIER=Intel64 Family 6 Model 94 Stepping 3, GenuineIntel



---------------  S Y S T E M  ---------------

OS: Windows 10.0 , 64 bit Build 16299 (10.0.16299.15)

CPU:total 8 (initial active 8) (4 cores per cpu, 2 threads per core) family 6 model 94 stepping 3, cmov, cx8, fxsr, mmx, sse, sse2, sse3, ssse3, sse4.1, sse4.2, popcnt, avx, avx2, aes, clmul, erms, rtm, 3dnowpref, lzcnt, ht, tsc, tscinvbit, bmi1, bmi2, adx

Memory: 4k page, physical 8250008k(803988k free), swap 16854380k(2652252k free)

vm_info: Java HotSpot(TM) 64-Bit Server VM (25.131-b11) for windows-amd64 JRE (1.8.0_131-b11), built on Mar 15 2017 01:23:53 by "java_re" with MS VC++ 10.0 (VS2010)

time: Sun Jan 21 17:22:41 2018
elapsed time: 51 seconds (0d 0h 0m 51s)

