#
# A fatal error has been detected by the Java Runtime Environment:
#
#  EXCEPTION_ACCESS_VIOLATION (0xc0000005) at pc=0x000000001fc9263a, pid=16404, tid=0x0000000000004900
#
# JRE version: Java(TM) SE Runtime Environment (8.0_131-b11) (build 1.8.0_131-b11)
# Java VM: Java HotSpot(TM) 64-Bit Server VM (25.131-b11 mixed mode windows-amd64 compressed oops)
# Problematic frame:
# C  [commpro.dll+0x263a]
#
# Failed to write core dump. Minidumps are not enabled by default on client versions of Windows
#
# If you would like to submit a bug report, please visit:
#   http://bugreport.java.com/bugreport/crash.jsp
# The crash happened outside the Java Virtual Machine in native code.
# See problematic frame for where to report the bug.
#

---------------  T H R E A D  ---------------

Current thread (0x000000001cd1d800):  JavaThread "Thread-14" [_thread_in_native, id=18688, stack(0x000000002bce0000,0x000000002bde0000)]

siginfo: ExceptionCode=0xc0000005, reading address 0x00000000000001c8

Registers:
RAX=0x0000000000000000, RBX=0x00000000000003e9, RCX=0x0000000000000032, RDX=0x000000000000044c
RSP=0x000000002bdddb90, RBP=0x000000002bdddc60, RSI=0x0000000000000000, RDI=0x0000000000000000
R8 =0x0000000000000000, R9 =0x0000000000000000, R10=0x0000000000000000, R11=0x0000000023bd7c88
R12=0x00000000000007d0, R13=0x0000000000000000, R14=0x000000002bdddd60, R15=0x0000000000000002
RIP=0x000000001fc9263a, EFLAGS=0x0000000000010202

Top of Stack: (sp=0x000000002bdddb90)
0x000000002bdddb90:   000000002bdddc68 000000018001fd85
0x000000002bdddba0:   000000002bdddc40 000000002bdddc68
0x000000002bdddbb0:   000000002bdddc00 000000018001fba7
0x000000002bdddbc0:   0000000000000001 0000000023bd7c80
0x000000002bdddbd0:   0000000000000000 000000018001ef9a
0x000000002bdddbe0:   000000002bdddd60 000000002bdddd60
0x000000002bdddbf0:   0000000000000008 000000002bdddd68
0x000000002bdddc00:   0000000000000000 000000002bdddd68
0x000000002bdddc10:   000000002bdddd00 000000001fc952f5
0x000000002bdddc20:   0000000023bdbf60 0000000000000000
0x000000002bdddc30:   0000000000000000 0000000000000000
0x000000002bdddc40:   0000000000000000 000000000000000a
0x000000002bdddc50:   0000000000000000 000000001fc3c85f
0x000000002bdddc60:   0000000023bd03e9 000000001e325040
0x000000002bdddc70:   0000000023bd7c80 000000002bdddc88
0x000000002bdddc80:   0000000002b78c80 000000018005c851 

Instructions: (pc=0x000000001fc9263a)
0x000000001fc9261a:   89 4c 24 40 b9 32 00 00 00 41 ff c7 48 8b ea 41
0x000000001fc9262a:   8b c1 49 8b f8 41 bc d0 07 00 00 ba 4c 04 00 00
0x000000001fc9263a:   66 39 8e c8 01 00 00 75 2f 66 3b cb 75 2a 44 39
0x000000001fc9264a:   ae 04 02 00 00 75 6c 49 8b c8 48 8d 96 00 01 00 


Register to memory mapping:

RAX=0x0000000000000000 is an unknown value
RBX=0x00000000000003e9 is an unknown value
RCX=0x0000000000000032 is an unknown value
RDX=0x000000000000044c is an unknown value
RSP=0x000000002bdddb90 is pointing into the stack for thread: 0x000000001cd1d800
RBP=0x000000002bdddc60 is pointing into the stack for thread: 0x000000001cd1d800
RSI=0x0000000000000000 is an unknown value
RDI=0x0000000000000000 is an unknown value
R8 =0x0000000000000000 is an unknown value
R9 =0x0000000000000000 is an unknown value
R10=0x0000000000000000 is an unknown value
R11=0x0000000023bd7c88 is an unknown value
R12=0x00000000000007d0 is an unknown value
R13=0x0000000000000000 is an unknown value
R14=0x000000002bdddd60 is pointing into the stack for thread: 0x000000001cd1d800
R15=0x0000000000000002 is an unknown value


Stack: [0x000000002bce0000,0x000000002bde0000],  sp=0x000000002bdddb90,  free space=1014k
Native frames: (J=compiled Java code, j=interpreted, Vv=VM code, C=native code)
C  [commpro.dll+0x263a]
C  [commpro.dll+0x52f5]
C  [zkemsdk.dll+0xc85f]
C  [zkemkeeper.dll+0x5c851]
C  [zkemkeeper.dll+0xfd2d]
C  [OLEAUT32.dll+0x1d3df]
C  [OLEAUT32.dll+0xef0e]
C  [OLEAUT32.dll+0xbd17]
C  [zkemkeeper.dll+0x28f59]
C  [zkemkeeper.dll+0x28ebb]
C  [jacob-1.18-x64.dll+0x2307]
C  0x0000000004d17f74

Java frames: (J=compiled Java code, j=interpreted, Vv=VM code)
j  com.jacob.com.Dispatch.invokev(Lcom/jacob/com/Dispatch;Ljava/lang/String;III[Lcom/jacob/com/Variant;[I)Lcom/jacob/com/Variant;+0
j  com.jacob.com.Dispatch.invokev(Lcom/jacob/com/Dispatch;Ljava/lang/String;I[Lcom/jacob/com/Variant;[I)Lcom/jacob/com/Variant;+14
j  com.jacob.com.Dispatch.callN(Lcom/jacob/com/Dispatch;Ljava/lang/String;[Ljava/lang/Object;)Lcom/jacob/com/Variant;+15
j  com.jacob.com.Dispatch.call(Lcom/jacob/com/Dispatch;Ljava/lang/String;)Lcom/jacob/com/Variant;+9
j  com.jacob.activeX.ActiveXComponent.invoke(Ljava/lang/String;)Lcom/jacob/com/Variant;+2
j  com.wemarklinks.method.ZkemSDK.Disconnect()V+5
j  com.wemarklinks.service.SdkListener$1.shutdown()V+7
j  org.springframework.scheduling.concurrent.ExecutorConfigurationSupport.destroy()V+1
j  org.springframework.beans.factory.support.DisposableBeanAdapter.destroy()V+141
j  org.springframework.beans.factory.support.DefaultSingletonBeanRegistry.destroyBean(Ljava/lang/String;Lorg/springframework/beans/factory/DisposableBean;)V+111
j  org.springframework.beans.factory.support.DefaultSingletonBeanRegistry.destroySingleton(Ljava/lang/String;)V+41
j  org.springframework.beans.factory.support.DefaultListableBeanFactory.destroySingleton(Ljava/lang/String;)V+2
j  org.springframework.beans.factory.support.DefaultSingletonBeanRegistry.destroySingletons()V+105
j  org.springframework.beans.factory.support.FactoryBeanRegistrySupport.destroySingletons()V+1
j  org.springframework.beans.factory.support.DefaultListableBeanFactory.destroySingletons()V+1
j  org.springframework.context.support.AbstractApplicationContext.destroyBeans()V+4
j  org.springframework.context.support.AbstractApplicationContext.doClose()V+127
j  org.springframework.context.support.AbstractApplicationContext.close()V+8
j  org.springframework.boot.devtools.restart.Restarter.stop()V+50
j  org.springframework.boot.devtools.restart.Restarter$2.call()Ljava/lang/Void;+4
j  org.springframework.boot.devtools.restart.Restarter$2.call()Ljava/lang/Object;+1
j  org.springframework.boot.devtools.restart.Restarter$LeakSafeThread.run()V+28
v  ~StubRoutines::call_stub

---------------  P R O C E S S  ---------------

Java Threads: ( => current thread )
=>0x000000001cd1d800 JavaThread "Thread-14" [_thread_in_native, id=18688, stack(0x000000002bce0000,0x000000002bde0000)]
  0x000000001cd21800 JavaThread "Thread-22" [_thread_in_native, id=5108, stack(0x000000002bae0000,0x000000002bbe0000)]
  0x000000001cd20000 JavaThread "http-nio-8080-AsyncTimeout" daemon [_thread_blocked, id=17764, stack(0x000000002b9e0000,0x000000002bae0000)]
  0x000000001cd24800 JavaThread "http-nio-8080-Acceptor-0" daemon [_thread_in_native, id=15504, stack(0x000000002b8e0000,0x000000002b9e0000)]
  0x000000001cd1f000 JavaThread "http-nio-8080-ClientPoller-1" daemon [_thread_in_native, id=14360, stack(0x000000002b7e0000,0x000000002b8e0000)]
  0x000000001fa5b800 JavaThread "http-nio-8080-ClientPoller-0" daemon [_thread_in_native, id=9560, stack(0x000000002b6e0000,0x000000002b7e0000)]
  0x000000001fa5a800 JavaThread "http-nio-8080-exec-10" daemon [_thread_blocked, id=19920, stack(0x000000002b5e0000,0x000000002b6e0000)]
  0x000000001fa58800 JavaThread "http-nio-8080-exec-9" daemon [_thread_blocked, id=10828, stack(0x000000002b4e0000,0x000000002b5e0000)]
  0x000000001fa5d800 JavaThread "http-nio-8080-exec-8" daemon [_thread_blocked, id=19604, stack(0x000000002b3e0000,0x000000002b4e0000)]
  0x000000001fa57800 JavaThread "http-nio-8080-exec-7" daemon [_thread_blocked, id=3868, stack(0x000000002b2e0000,0x000000002b3e0000)]
  0x000000001fa59000 JavaThread "http-nio-8080-exec-6" daemon [_thread_blocked, id=7308, stack(0x000000002b1e0000,0x000000002b2e0000)]
  0x000000001fa5c000 JavaThread "http-nio-8080-exec-5" daemon [_thread_blocked, id=16500, stack(0x000000002b0e0000,0x000000002b1e0000)]
  0x000000001fa5e800 JavaThread "http-nio-8080-exec-4" daemon [_thread_blocked, id=8728, stack(0x000000002afe0000,0x000000002b0e0000)]
  0x000000001fa57000 JavaThread "http-nio-8080-exec-3" daemon [_thread_blocked, id=8504, stack(0x000000002aee0000,0x000000002afe0000)]
  0x000000001fa4f000 JavaThread "http-nio-8080-exec-2" daemon [_thread_blocked, id=19424, stack(0x000000002ade0000,0x000000002aee0000)]
  0x000000001fa56000 JavaThread "http-nio-8080-exec-1" daemon [_thread_blocked, id=2960, stack(0x000000002ace0000,0x000000002ade0000)]
  0x000000001fa55800 JavaThread "NioBlockingSelector.BlockPoller-2" daemon [_thread_in_native, id=15996, stack(0x000000002abe0000,0x000000002ace0000)]
  0x000000001fa53000 JavaThread "pool-2-thread-1" [_thread_blocked, id=8012, stack(0x000000002aae0000,0x000000002abe0000)]
  0x000000001fa52800 JavaThread "Thread-18" [_thread_in_native, id=20192, stack(0x000000002a8e0000,0x000000002a9e0000)]
  0x000000001fa54800 JavaThread "Thread-17" [_thread_in_native, id=18940, stack(0x000000002a7e0000,0x000000002a8e0000)]
  0x000000001fa51800 JavaThread "container-0" [_thread_blocked, id=2172, stack(0x0000000029410000,0x0000000029510000)]
  0x000000001fa54000 JavaThread "ContainerBackgroundProcessor[StandardEngine[Tomcat]]" daemon [_thread_blocked, id=14848, stack(0x0000000029310000,0x0000000029410000)]
  0x000000001fa50000 JavaThread "restartedMain" [_thread_blocked, id=20080, stack(0x0000000027f40000,0x0000000028040000)]
  0x000000001fa5a000 JavaThread "Thread-8" [_thread_blocked, id=9916, stack(0x0000000027b40000,0x0000000027c40000)]
  0x000000001fa5d000 JavaThread "DestroyJavaVM" [_thread_blocked, id=17040, stack(0x0000000004b00000,0x0000000004c00000)]
  0x000000001cd23000 JavaThread "Live Reload Server" daemon [_thread_in_native, id=19748, stack(0x0000000025c30000,0x0000000025d30000)]
  0x000000001cd23800 JavaThread "Thread-6" [_thread_in_native, id=18284, stack(0x0000000025930000,0x0000000025a30000)]
  0x000000001cd20800 JavaThread "Thread-5" [_thread_in_native, id=12380, stack(0x0000000025830000,0x0000000025930000)]
  0x000000001bbe7800 JavaThread "Service Thread" daemon [_thread_blocked, id=18696, stack(0x000000001c630000,0x000000001c730000)]
  0x000000001bbcb000 JavaThread "C1 CompilerThread3" daemon [_thread_blocked, id=19532, stack(0x000000001c530000,0x000000001c630000)]
  0x000000001bbc7000 JavaThread "C2 CompilerThread2" daemon [_thread_blocked, id=19016, stack(0x000000001c430000,0x000000001c530000)]
  0x000000001bbc5000 JavaThread "C2 CompilerThread1" daemon [_thread_in_native, id=11352, stack(0x000000001c330000,0x000000001c430000)]
  0x000000001bbc0000 JavaThread "C2 CompilerThread0" daemon [_thread_blocked, id=16540, stack(0x000000001c230000,0x000000001c330000)]
  0x000000001bbbe800 JavaThread "Attach Listener" daemon [_thread_blocked, id=16516, stack(0x000000001c130000,0x000000001c230000)]
  0x0000000019c4e800 JavaThread "Signal Dispatcher" daemon [_thread_blocked, id=13588, stack(0x000000001c030000,0x000000001c130000)]
  0x000000001bb50800 JavaThread "Finalizer" daemon [_thread_blocked, id=16352, stack(0x000000001bf30000,0x000000001c030000)]
  0x0000000004cf9000 JavaThread "Reference Handler" daemon [_thread_blocked, id=13708, stack(0x000000001ba30000,0x000000001bb30000)]

Other Threads:
  0x0000000019c39800 VMThread [stack: 0x000000001b930000,0x000000001ba30000] [id=10916]
  0x000000001bbeb800 WatcherThread [stack: 0x000000001c730000,0x000000001c830000] [id=14148]

VM state:not at safepoint (normal execution)

VM Mutex/Monitor currently owned by a thread: None

Heap:
 PSYoungGen      total 197632K, used 25330K [0x00000000d6000000, 0x00000000e3880000, 0x0000000100000000)
  eden space 186880K, 9% used [0x00000000d6000000,0x00000000d71b4210,0x00000000e1680000)
  from space 10752K, 66% used [0x00000000e2e00000,0x00000000e35088d8,0x00000000e3880000)
  to   space 17408K, 0% used [0x00000000e1680000,0x00000000e1680000,0x00000000e2780000)
 ParOldGen       total 96768K, used 19804K [0x0000000082000000, 0x0000000087e80000, 0x00000000d6000000)
  object space 96768K, 20% used [0x0000000082000000,0x00000000833571d0,0x0000000087e80000)
 Metaspace       used 36081K, capacity 36772K, committed 37032K, reserved 1081344K
  class space    used 4485K, capacity 4662K, committed 4776K, reserved 1048576K

Card table byte_map: [0x00000000140c0000,0x00000000144c0000] byte_map_base: 0x0000000013cb0000

Marking Bits: (ParMarkBitMap*) 0x000000006c03c720
 Begin Bits: [0x0000000014f60000, 0x0000000016ee0000)
 End Bits:   [0x0000000016ee0000, 0x0000000018e60000)

Polling page: 0x0000000002aa0000

CodeCache: size=245760Kb used=15916Kb max_used=15934Kb free=229843Kb
 bounds [0x0000000004d00000, 0x0000000005cb0000, 0x0000000013d00000]
 total_blobs=4392 nmethods=3940 adapters=363
 compilation: enabled

Compilation events (10 events):
Event: 173.152 Thread 0x000000001bbc5000 4693       4       java.io.File::<init> (80 bytes)
Event: 173.153 Thread 0x000000001bbc5000 nmethod 4693 0x0000000005c2da50 code [0x0000000005c2dba0, 0x0000000005c2dc68]
Event: 173.965 Thread 0x000000001bbcb000 4694       3       org.springframework.context.event.GenericApplicationListenerAdapter::supportsEventType (65 bytes)
Event: 173.967 Thread 0x000000001bbcb000 nmethod 4694 0x0000000005c2bdd0 code [0x0000000005c2bf80, 0x0000000005c2c7f8]
Event: 173.967 Thread 0x000000001bbcb000 4695       3       org.springframework.context.event.GenericApplicationListenerAdapter::resolveDeclaredEventType (44 bytes)
Event: 173.969 Thread 0x000000001bbc5000 4696       4       org.springframework.core.SerializableTypeWrapper::forTypeProvider (208 bytes)
Event: 173.969 Thread 0x000000001bbc7000 4697       4       java.util.regex.Pattern$Single::isSatisfiedBy (14 bytes)
Event: 173.970 Thread 0x000000001bbcb000 nmethod 4695 0x0000000005c48d90 code [0x0000000005c49000, 0x0000000005c4a088]
Event: 173.970 Thread 0x000000001bbc7000 nmethod 4697 0x000000000506c790 code [0x000000000506c8c0, 0x000000000506c938]
Event: 173.970 Thread 0x000000001bbc0000 4698       4       org.springframework.beans.factory.support.AbstractBeanFactory::isSingleton (189 bytes)

GC Heap History (10 events):
Event: 70.777 GC heap before
{Heap before GC invocations=9 (full 1):
 PSYoungGen      total 139776K, used 131954K [0x00000000d6000000, 0x00000000e0b80000, 0x0000000100000000)
  eden space 129024K, 93% used [0x00000000d6000000,0x00000000dd65cfe0,0x00000000dde00000)
  from space 10752K, 99% used [0x00000000dde00000,0x00000000de87f9a0,0x00000000de880000)
  to   space 13824K, 0% used [0x00000000dfe00000,0x00000000dfe00000,0x00000000e0b80000)
 ParOldGen       total 60416K, used 13557K [0x0000000082000000, 0x0000000085b00000, 0x00000000d6000000)
  object space 60416K, 22% used [0x0000000082000000,0x0000000082d3d7a8,0x0000000085b00000)
 Metaspace       used 34877K, capacity 35318K, committed 35496K, reserved 1081344K
  class space    used 4389K, capacity 4516K, committed 4520K, reserved 1048576K
Event: 70.790 GC heap after
Heap after GC invocations=9 (full 1):
 PSYoungGen      total 158208K, used 13810K [0x00000000d6000000, 0x00000000e3200000, 0x0000000100000000)
  eden space 144384K, 0% used [0x00000000d6000000,0x00000000d6000000,0x00000000ded00000)
  from space 13824K, 99% used [0x00000000dfe00000,0x00000000e0b7cb60,0x00000000e0b80000)
  to   space 17408K, 0% used [0x00000000ded00000,0x00000000ded00000,0x00000000dfe00000)
 ParOldGen       total 60416K, used 17310K [0x0000000082000000, 0x0000000085b00000, 0x00000000d6000000)
  object space 60416K, 28% used [0x0000000082000000,0x00000000830e7848,0x0000000085b00000)
 Metaspace       used 34877K, capacity 35318K, committed 35496K, reserved 1081344K
  class space    used 4389K, capacity 4516K, committed 4520K, reserved 1048576K
}
Event: 70.790 GC heap before
{Heap before GC invocations=10 (full 2):
 PSYoungGen      total 158208K, used 13810K [0x00000000d6000000, 0x00000000e3200000, 0x0000000100000000)
  eden space 144384K, 0% used [0x00000000d6000000,0x00000000d6000000,0x00000000ded00000)
  from space 13824K, 99% used [0x00000000dfe00000,0x00000000e0b7cb60,0x00000000e0b80000)
  to   space 17408K, 0% used [0x00000000ded00000,0x00000000ded00000,0x00000000dfe00000)
 ParOldGen       total 60416K, used 17310K [0x0000000082000000, 0x0000000085b00000, 0x00000000d6000000)
  object space 60416K, 28% used [0x0000000082000000,0x00000000830e7848,0x0000000085b00000)
 Metaspace       used 34877K, capacity 35318K, committed 35496K, reserved 1081344K
  class space    used 4389K, capacity 4516K, committed 4520K, reserved 1048576K
Event: 70.857 GC heap after
Heap after GC invocations=10 (full 2):
 PSYoungGen      total 158208K, used 0K [0x00000000d6000000, 0x00000000e3200000, 0x0000000100000000)
  eden space 144384K, 0% used [0x00000000d6000000,0x00000000d6000000,0x00000000ded00000)
  from space 13824K, 0% used [0x00000000dfe00000,0x00000000dfe00000,0x00000000e0b80000)
  to   space 17408K, 0% used [0x00000000ded00000,0x00000000ded00000,0x00000000dfe00000)
 ParOldGen       total 96768K, used 23296K [0x0000000082000000, 0x0000000087e80000, 0x00000000d6000000)
  object space 96768K, 24% used [0x0000000082000000,0x00000000836c00d0,0x0000000087e80000)
 Metaspace       used 34877K, capacity 35318K, committed 35496K, reserved 1081344K
  class space    used 4389K, capacity 4516K, committed 4520K, reserved 1048576K
}
Event: 149.457 GC heap before
{Heap before GC invocations=11 (full 2):
 PSYoungGen      total 158208K, used 20652K [0x00000000d6000000, 0x00000000e3200000, 0x0000000100000000)
  eden space 144384K, 14% used [0x00000000d6000000,0x00000000d742b098,0x00000000ded00000)
  from space 13824K, 0% used [0x00000000dfe00000,0x00000000dfe00000,0x00000000e0b80000)
  to   space 17408K, 0% used [0x00000000ded00000,0x00000000ded00000,0x00000000dfe00000)
 ParOldGen       total 96768K, used 23296K [0x0000000082000000, 0x0000000087e80000, 0x00000000d6000000)
  object space 96768K, 24% used [0x0000000082000000,0x00000000836c00d0,0x0000000087e80000)
 Metaspace       used 35272K, capacity 35772K, committed 36136K, reserved 1081344K
  class space    used 4441K, capacity 4582K, committed 4648K, reserved 1048576K
Event: 149.458 GC heap after
Heap after GC invocations=11 (full 2):
 PSYoungGen      total 161792K, used 480K [0x00000000d6000000, 0x00000000e3f80000, 0x0000000100000000)
  eden space 144384K, 0% used [0x00000000d6000000,0x00000000d6000000,0x00000000ded00000)
  from space 17408K, 2% used [0x00000000ded00000,0x00000000ded78000,0x00000000dfe00000)
  to   space 17920K, 0% used [0x00000000e2e00000,0x00000000e2e00000,0x00000000e3f80000)
 ParOldGen       total 96768K, used 23304K [0x0000000082000000, 0x0000000087e80000, 0x00000000d6000000)
  object space 96768K, 24% used [0x0000000082000000,0x00000000836c20d0,0x0000000087e80000)
 Metaspace       used 35272K, capacity 35772K, committed 36136K, reserved 1081344K
  class space    used 4441K, capacity 4582K, committed 4648K, reserved 1048576K
}
Event: 149.458 GC heap before
{Heap before GC invocations=12 (full 3):
 PSYoungGen      total 161792K, used 480K [0x00000000d6000000, 0x00000000e3f80000, 0x0000000100000000)
  eden space 144384K, 0% used [0x00000000d6000000,0x00000000d6000000,0x00000000ded00000)
  from space 17408K, 2% used [0x00000000ded00000,0x00000000ded78000,0x00000000dfe00000)
  to   space 17920K, 0% used [0x00000000e2e00000,0x00000000e2e00000,0x00000000e3f80000)
 ParOldGen       total 96768K, used 23304K [0x0000000082000000, 0x0000000087e80000, 0x00000000d6000000)
  object space 96768K, 24% used [0x0000000082000000,0x00000000836c20d0,0x0000000087e80000)
 Metaspace       used 35272K, capacity 35772K, committed 36136K, reserved 1081344K
  class space    used 4441K, capacity 4582K, committed 4648K, reserved 1048576K
Event: 149.535 GC heap after
Heap after GC invocations=12 (full 3):
 PSYoungGen      total 161792K, used 0K [0x00000000d6000000, 0x00000000e3f80000, 0x0000000100000000)
  eden space 144384K, 0% used [0x00000000d6000000,0x00000000d6000000,0x00000000ded00000)
  from space 17408K, 0% used [0x00000000ded00000,0x00000000ded00000,0x00000000dfe00000)
  to   space 17920K, 0% used [0x00000000e2e00000,0x00000000e2e00000,0x00000000e3f80000)
 ParOldGen       total 96768K, used 19796K [0x0000000082000000, 0x0000000087e80000, 0x00000000d6000000)
  object space 96768K, 20% used [0x0000000082000000,0x00000000833551d0,0x0000000087e80000)
 Metaspace       used 35272K, capacity 35772K, committed 36136K, reserved 1081344K
  class space    used 4441K, capacity 4582K, committed 4648K, reserved 1048576K
}
Event: 167.571 GC heap before
{Heap before GC invocations=13 (full 3):
 PSYoungGen      total 161792K, used 144384K [0x00000000d6000000, 0x00000000e3f80000, 0x0000000100000000)
  eden space 144384K, 100% used [0x00000000d6000000,0x00000000ded00000,0x00000000ded00000)
  from space 17408K, 0% used [0x00000000ded00000,0x00000000ded00000,0x00000000dfe00000)
  to   space 17920K, 0% used [0x00000000e2e00000,0x00000000e2e00000,0x00000000e3f80000)
 ParOldGen       total 96768K, used 19796K [0x0000000082000000, 0x0000000087e80000, 0x00000000d6000000)
  object space 96768K, 20% used [0x0000000082000000,0x00000000833551d0,0x0000000087e80000)
 Metaspace       used 35992K, capacity 36602K, committed 36776K, reserved 1081344K
  class space    used 4482K, capacity 4655K, committed 4776K, reserved 1048576K
Event: 167.580 GC heap after
Heap after GC invocations=13 (full 3):
 PSYoungGen      total 197632K, used 7202K [0x00000000d6000000, 0x00000000e3880000, 0x0000000100000000)
  eden space 186880K, 0% used [0x00000000d6000000,0x00000000d6000000,0x00000000e1680000)
  from space 10752K, 66% used [0x00000000e2e00000,0x00000000e35088d8,0x00000000e3880000)
  to   space 17408K, 0% used [0x00000000e1680000,0x00000000e1680000,0x00000000e2780000)
 ParOldGen       total 96768K, used 19804K [0x0000000082000000, 0x0000000087e80000, 0x00000000d6000000)
  object space 96768K, 20% used [0x0000000082000000,0x00000000833571d0,0x0000000087e80000)
 Metaspace       used 35992K, capacity 36602K, committed 36776K, reserved 1081344K
  class space    used 4482K, capacity 4655K, committed 4776K, reserved 1048576K
}

Deoptimization events (10 events):
Event: 70.107 Thread 0x000000001cd21800 Uncommon trap: reason=unstable_if action=reinterpret pc=0x0000000005376ac8 method=java.util.concurrent.ConcurrentHashMap.get(Ljava/lang/Object;)Ljava/lang/Object; @ 76
Event: 70.861 Thread 0x000000001cd21800 Uncommon trap: reason=bimorphic action=maybe_recompile pc=0x00000000059008fc method=java.util.AbstractList$Itr.next()Ljava/lang/Object; @ 14
Event: 148.909 Thread 0x000000001cd20000 Uncommon trap: reason=unstable_if action=reinterpret pc=0x0000000004ee240c method=org.springframework.boot.devtools.filewatch.FileSnapshot.equals(Ljava/lang/Object;)Z @ 93
Event: 149.388 Thread 0x000000001fa5a000 Uncommon trap: reason=unstable_if action=reinterpret pc=0x00000000057b4078 method=java.util.Properties$LineReader.readLine()I @ 174
Event: 149.388 Thread 0x000000001fa5a000 Uncommon trap: reason=unstable_if action=reinterpret pc=0x0000000004f3ff08 method=java.net.URI.match(CJJ)Z @ 19
Event: 149.449 Thread 0x000000001fa5a800 Uncommon trap: reason=unstable_if action=reinterpret pc=0x0000000004f19c90 method=java.lang.AbstractStringBuilder.append(Ljava/lang/String;)Ljava/lang/AbstractStringBuilder; @ 1
Event: 149.580 Thread 0x000000001fa50000 Uncommon trap: reason=unstable_if action=reinterpret pc=0x00000000053a72d0 method=java.lang.String$CaseInsensitiveComparator.compare(Ljava/lang/String;Ljava/lang/String;)I @ 70
Event: 149.744 Thread 0x000000001fa50000 Uncommon trap: reason=unstable_if action=reinterpret pc=0x0000000004e4f754 method=java.util.Properties.load0(Ljava/util/Properties$LineReader;)V @ 145
Event: 149.882 Thread 0x000000001fa50000 Uncommon trap: reason=null_check action=make_not_entrant pc=0x000000000540e44c method=org.springframework.core.annotation.AnnotatedElementUtils.searchWithGetSemanticsInAnnotations(Ljava/lang/reflect/AnnotatedElement;Ljava/util/List;Ljava/lang/Class;Ljava/
Event: 149.914 Thread 0x000000001fa50000 Uncommon trap: reason=range_check action=make_not_entrant pc=0x00000000059c6d18 method=java.lang.String.charAt(I)C @ 27

Internal exceptions (10 events):
Event: 167.459 Thread 0x000000001fa50000 Exception <a 'java/lang/ClassNotFoundException': org/springframework/scheduling/concurrent/ExecutorConfigurationSupportCustomizer> (0x00000000dd7639a0) thrown at [C:\re\workspace\8-2-build-windows-amd64-cygwin\jdk8u131\8869\hotspot\src\share\vm\classfile\
Event: 167.459 Thread 0x000000001fa50000 Exception <a 'java/lang/ClassNotFoundException': org/springframework/scheduling/concurrent/ThreadPoolTaskExecutorCustomizer> (0x00000000dd781f58) thrown at [C:\re\workspace\8-2-build-windows-amd64-cygwin\jdk8u131\8869\hotspot\src\share\vm\classfile\system
Event: 167.460 Thread 0x000000001fa50000 Exception <a 'java/lang/ClassNotFoundException': com/wemarklinks/service/SdkListener$1Customizer> (0x00000000dd7a96e0) thrown at [C:\re\workspace\8-2-build-windows-amd64-cygwin\jdk8u131\8869\hotspot\src\share\vm\classfile\systemDictionary.cpp, line 210]
Event: 167.461 Thread 0x000000001fa50000 Exception <a 'java/lang/ClassNotFoundException': org/springframework/core/task/AsyncListenableTaskExecutorCustomizer> (0x00000000dd7dd270) thrown at [C:\re\workspace\8-2-build-windows-amd64-cygwin\jdk8u131\8869\hotspot\src\share\vm\classfile\systemDiction
Event: 167.461 Thread 0x000000001fa50000 Exception <a 'java/lang/ClassNotFoundException': org/springframework/scheduling/SchedulingTaskExecutorCustomizer> (0x00000000dd7f2860) thrown at [C:\re\workspace\8-2-build-windows-amd64-cygwin\jdk8u131\8869\hotspot\src\share\vm\classfile\systemDictionary.
Event: 167.461 Thread 0x000000001fa50000 Exception <a 'java/lang/ClassNotFoundException': org/springframework/beans/factory/BeanNameAwareCustomizer> (0x00000000dd8034e8) thrown at [C:\re\workspace\8-2-build-windows-amd64-cygwin\jdk8u131\8869\hotspot\src\share\vm\classfile\systemDictionary.cpp, l
Event: 167.462 Thread 0x000000001fa50000 Exception <a 'java/lang/ClassNotFoundException': org/springframework/beans/factory/InitializingBeanCustomizer> (0x00000000dd815328) thrown at [C:\re\workspace\8-2-build-windows-amd64-cygwin\jdk8u131\8869\hotspot\src\share\vm\classfile\systemDictionary.cpp
Event: 167.462 Thread 0x000000001fa50000 Exception <a 'java/lang/ClassNotFoundException': org/springframework/beans/factory/DisposableBeanCustomizer> (0x00000000dd825eb0) thrown at [C:\re\workspace\8-2-build-windows-amd64-cygwin\jdk8u131\8869\hotspot\src\share\vm\classfile\systemDictionary.cpp, 
Event: 167.462 Thread 0x000000001fa50000 Exception <a 'java/lang/ClassNotFoundException': java/util/concurrent/ThreadFactoryCustomizer> (0x00000000dd82e530) thrown at [C:\re\workspace\8-2-build-windows-amd64-cygwin\jdk8u131\8869\hotspot\src\share\vm\classfile\systemDictionary.cpp, line 210]
Event: 167.462 Thread 0x000000001fa50000 Exception <a 'java/lang/ClassNotFoundException': java/io/SerializableCustomizer> (0x00000000dd835458) thrown at [C:\re\workspace\8-2-build-windows-amd64-cygwin\jdk8u131\8869\hotspot\src\share\vm\classfile\systemDictionary.cpp, line 210]

Events (10 events):
Event: 173.967 Executing VM operation: RevokeBias done
Event: 173.967 Thread 0x000000001fa51000 Thread exited: 0x000000001fa51000
Event: 173.967 Executing VM operation: RevokeBias
Event: 173.967 Executing VM operation: RevokeBias done
Event: 173.968 Executing VM operation: RevokeBias
Event: 173.968 Executing VM operation: RevokeBias done
Event: 173.971 Executing VM operation: RevokeBias
Event: 173.971 Executing VM operation: RevokeBias done
Event: 173.971 Executing VM operation: RevokeBias
Event: 173.972 Executing VM operation: RevokeBias done


Dynamic libraries:
0x00007ff6949d0000 - 0x00007ff694a07000 	C:\Program Files\Java\jdk1.8.0_131\bin\javaw.exe
0x00007ffb9ad50000 - 0x00007ffb9af30000 	C:\WINDOWS\SYSTEM32\ntdll.dll
0x00007ffb9a220000 - 0x00007ffb9a2ce000 	C:\WINDOWS\System32\KERNEL32.DLL
0x00007ffb975f0000 - 0x00007ffb97856000 	C:\WINDOWS\System32\KERNELBASE.dll
0x00007ffb957d0000 - 0x00007ffb95858000 	C:\WINDOWS\SYSTEM32\apphelp.dll
0x00007ffb6d9c0000 - 0x00007ffb6da17000 	C:\WINDOWS\SYSTEM32\AcGenral.DLL
0x00007ffb9a500000 - 0x00007ffb9a59d000 	C:\WINDOWS\System32\msvcrt.dll
0x00007ffb9acc0000 - 0x00007ffb9ad1b000 	C:\WINDOWS\System32\sechost.dll
0x00007ffb999d0000 - 0x00007ffb99aef000 	C:\WINDOWS\System32\RPCRT4.dll
0x00007ffb984d0000 - 0x00007ffb98521000 	C:\WINDOWS\System32\SHLWAPI.dll
0x00007ffb9a980000 - 0x00007ffb9ac88000 	C:\WINDOWS\System32\combase.dll
0x00007ffb971d0000 - 0x00007ffb972c6000 	C:\WINDOWS\System32\ucrtbase.dll
0x00007ffb97150000 - 0x00007ffb971c2000 	C:\WINDOWS\System32\bcryptPrimitives.dll
0x00007ffb9ac90000 - 0x00007ffb9acb8000 	C:\WINDOWS\System32\GDI32.dll
0x00007ffb98080000 - 0x00007ffb98213000 	C:\WINDOWS\System32\gdi32full.dll
0x00007ffb972d0000 - 0x00007ffb9736b000 	C:\WINDOWS\System32\msvcp_win.dll
0x00007ffb9a370000 - 0x00007ffb9a4ff000 	C:\WINDOWS\System32\USER32.dll
0x00007ffb97910000 - 0x00007ffb97930000 	C:\WINDOWS\System32\win32u.dll
0x00007ffb99f40000 - 0x00007ffb9a089000 	C:\WINDOWS\System32\ole32.dll
0x00007ffb98530000 - 0x00007ffb99966000 	C:\WINDOWS\System32\SHELL32.dll
0x00007ffb975a0000 - 0x00007ffb975ea000 	C:\WINDOWS\System32\cfgmgr32.dll
0x00007ffb9a0c0000 - 0x00007ffb9a166000 	C:\WINDOWS\System32\shcore.dll
0x00007ffb97930000 - 0x00007ffb98077000 	C:\WINDOWS\System32\windows.storage.dll
0x00007ffb9a170000 - 0x00007ffb9a211000 	C:\WINDOWS\System32\advapi32.dll
0x00007ffb97110000 - 0x00007ffb97121000 	C:\WINDOWS\System32\kernel.appcore.dll
0x00007ffb970c0000 - 0x00007ffb9710c000 	C:\WINDOWS\System32\powrprof.dll
0x00007ffb97130000 - 0x00007ffb9714b000 	C:\WINDOWS\System32\profapi.dll
0x00007ffb96fa0000 - 0x00007ffb96fd0000 	C:\WINDOWS\SYSTEM32\SspiCli.dll
0x00007ffb96fd0000 - 0x00007ffb96ff9000 	C:\WINDOWS\SYSTEM32\USERENV.dll
0x00007ffb87670000 - 0x00007ffb8768b000 	C:\WINDOWS\SYSTEM32\MPR.dll
0x00007ffb9a090000 - 0x00007ffb9a0bd000 	C:\WINDOWS\System32\IMM32.DLL
0x00007ffb906c0000 - 0x00007ffb90929000 	C:\WINDOWS\WinSxS\amd64_microsoft.windows.common-controls_6595b64144ccf1df_6.0.16299.192_none_15c8cdae9364c23b\COMCTL32.dll
0x000000006b5b0000 - 0x000000006b682000 	C:\Program Files\Java\jdk1.8.0_131\jre\bin\msvcr100.dll
0x000000006b820000 - 0x000000006c0bc000 	C:\Program Files\Java\jdk1.8.0_131\jre\bin\server\jvm.dll
0x00007ffb9a8a0000 - 0x00007ffb9a8a8000 	C:\WINDOWS\System32\PSAPI.DLL
0x00007ffb8a1a0000 - 0x00007ffb8a1a9000 	C:\WINDOWS\SYSTEM32\WSOCK32.dll
0x00007ffb91d80000 - 0x00007ffb91da3000 	C:\WINDOWS\SYSTEM32\WINMM.dll
0x00007ffb934c0000 - 0x00007ffb934ca000 	C:\WINDOWS\SYSTEM32\VERSION.dll
0x00007ffb9a770000 - 0x00007ffb9a7dc000 	C:\WINDOWS\System32\WS2_32.dll
0x00007ffb91d50000 - 0x00007ffb91d7a000 	C:\WINDOWS\SYSTEM32\winmmbase.dll
0x000000006b810000 - 0x000000006b81f000 	C:\Program Files\Java\jdk1.8.0_131\jre\bin\verify.dll
0x000000006b7e0000 - 0x000000006b809000 	C:\Program Files\Java\jdk1.8.0_131\jre\bin\java.dll
0x000000006b790000 - 0x000000006b7a6000 	C:\Program Files\Java\jdk1.8.0_131\jre\bin\zip.dll
0x000000006b5a0000 - 0x000000006b5ad000 	C:\Program Files\Java\jdk1.8.0_131\jre\bin\management.dll
0x000000006b770000 - 0x000000006b78a000 	C:\Program Files\Java\jdk1.8.0_131\jre\bin\net.dll
0x00007ffb968d0000 - 0x00007ffb96936000 	C:\WINDOWS\system32\mswsock.dll
0x00007ffb80fe0000 - 0x00007ffb80ff6000 	C:\WINDOWS\system32\napinsp.dll
0x00007ffb80fc0000 - 0x00007ffb80fda000 	C:\WINDOWS\system32\pnrpnsp.dll
0x00007ffb93f40000 - 0x00007ffb93f58000 	C:\WINDOWS\system32\NLAapi.dll
0x00007ffb966a0000 - 0x00007ffb96756000 	C:\WINDOWS\SYSTEM32\DNSAPI.dll
0x00007ffb9a870000 - 0x00007ffb9a878000 	C:\WINDOWS\System32\NSI.dll
0x00007ffb96660000 - 0x00007ffb96699000 	C:\WINDOWS\SYSTEM32\IPHLPAPI.DLL
0x00007ffb80fb0000 - 0x00007ffb80fbe000 	C:\WINDOWS\System32\winrnr.dll
0x00007ffb928c0000 - 0x00007ffb928ca000 	C:\Windows\System32\rasadhlp.dll
0x00007ffb90e30000 - 0x00007ffb90ea0000 	C:\WINDOWS\System32\fwpuclnt.dll
0x00007ffb96c00000 - 0x00007ffb96c25000 	C:\WINDOWS\SYSTEM32\bcrypt.dll
0x000000006b750000 - 0x000000006b761000 	C:\Program Files\Java\jdk1.8.0_131\jre\bin\nio.dll
0x00007ffb96af0000 - 0x00007ffb96b07000 	C:\WINDOWS\SYSTEM32\CRYPTSP.dll
0x00007ffb964e0000 - 0x00007ffb96513000 	C:\WINDOWS\system32\rsaenh.dll
0x00007ffb96b10000 - 0x00007ffb96b1b000 	C:\WINDOWS\SYSTEM32\CRYPTBASE.dll
0x00007ffb92970000 - 0x00007ffb92986000 	C:\WINDOWS\SYSTEM32\dhcpcsvc6.DLL
0x00007ffb92af0000 - 0x00007ffb92b0a000 	C:\WINDOWS\SYSTEM32\dhcpcsvc.DLL
0x00007ffb765c0000 - 0x00007ffb765f8000 	C:\Windows\System32\jacob-1.18-x64.dll
0x00007ffb9a8b0000 - 0x00007ffb9a975000 	C:\WINDOWS\System32\OLEAUT32.dll
0x00007ffb9a2d0000 - 0x00007ffb9a36e000 	C:\WINDOWS\System32\clbcatq.dll
0x0000000180000000 - 0x00000001800e3000 	C:\WINDOWS\system32\zkemkeeper.dll
0x000000001fbf0000 - 0x000000001fc1d000 	C:\WINDOWS\system32\plcommpro.dll
0x000000001fc30000 - 0x000000001fc79000 	C:\WINDOWS\system32\zkemsdk.dll
0x000000001fc90000 - 0x000000001fcac000 	C:\WINDOWS\system32\commpro.dll
0x00007ffb96f00000 - 0x00007ffb96f9a000 	C:\WINDOWS\SYSTEM32\sxs.dll
0x00007ffb95a90000 - 0x00007ffb95b25000 	C:\WINDOWS\system32\uxtheme.dll
0x00007ffb9a5a0000 - 0x00007ffb9a707000 	C:\WINDOWS\System32\MSCTF.dll
0x0000000002bd0000 - 0x0000000002be5000 	C:\WINDOWS\SYSTEM32\tcpcomm.dll
0x00007ffb88770000 - 0x00007ffb88938000 	C:\WINDOWS\SYSTEM32\dbghelp.dll

VM Arguments:
jvm_args: -Dfile.encoding=UTF-8 
java_command: com.wemarklinks.Demo1Application
java_class_path (initial): E:\workplace\ZkemProject\target\classes;E:\workplace\ZkemProject\lib\jacob.jar;C:\Users\dell\.m2\repository\org\springframework\boot\spring-boot-starter-web\1.5.9.RELEASE\spring-boot-starter-web-1.5.9.RELEASE.jar;C:\Users\dell\.m2\repository\org\springframework\boot\spring-boot-starter\1.5.9.RELEASE\spring-boot-starter-1.5.9.RELEASE.jar;C:\Users\dell\.m2\repository\org\springframework\boot\spring-boot-starter-logging\1.5.9.RELEASE\spring-boot-starter-logging-1.5.9.RELEASE.jar;C:\Users\dell\.m2\repository\ch\qos\logback\logback-classic\1.1.11\logback-classic-1.1.11.jar;C:\Users\dell\.m2\repository\ch\qos\logback\logback-core\1.1.11\logback-core-1.1.11.jar;C:\Users\dell\.m2\repository\org\slf4j\jcl-over-slf4j\1.7.25\jcl-over-slf4j-1.7.25.jar;C:\Users\dell\.m2\repository\org\slf4j\jul-to-slf4j\1.7.25\jul-to-slf4j-1.7.25.jar;C:\Users\dell\.m2\repository\org\slf4j\log4j-over-slf4j\1.7.25\log4j-over-slf4j-1.7.25.jar;C:\Users\dell\.m2\repository\org\yaml\snakeyaml\1.17\snakeyaml-1.17.jar;C:\Users\dell\.m2\repository\org\hibernate\hibernate-validator\5.3.6.Final\hibernate-validator-5.3.6.Final.jar;C:\Users\dell\.m2\repository\javax\validation\validation-api\1.1.0.Final\validation-api-1.1.0.Final.jar;C:\Users\dell\.m2\repository\org\jboss\logging\jboss-logging\3.3.1.Final\jboss-logging-3.3.1.Final.jar;C:\Users\dell\.m2\repository\com\fasterxml\jackson\core\jackson-databind\2.8.10\jackson-databind-2.8.10.jar;C:\Users\dell\.m2\repository\com\fasterxml\jackson\core\jackson-annotations\2.8.0\jackson-annotations-2.8.0.jar;C:\Users\dell\.m2\repository\com\fasterxml\jackson\core\jackson-core\2.8.10\jackson-core-2.8.10.jar;C:\Users\dell\.m2\repository\org\springframework\spring-web\4.3.13.RELEASE\spring-web-4.3.13.RELEASE.jar;C:\Users\dell\.m2\repository\org\springframework\spring-aop\4.3.13.RELEASE\spring-aop-4.3.13.RELEASE.jar;C:\Users\dell\.m2\repository\org\springframework\spring-beans\4.3.13.RELEASE\spring-beans-4.3.13.RELEASE.jar;C:\Users\dell\.m2\
Launcher Type: SUN_STANDARD

Environment Variables:
PATH=C:/Program Files/Java/jdk1.8.0_131/bin/../jre/bin/server;C:/Program Files/Java/jdk1.8.0_131/bin/../jre/bin;C:/Program Files/Java/jdk1.8.0_131/bin/../jre/lib/amd64;C:\Program Files (x86)\Intel\iCLS Client\;C:\Program Files\Intel\iCLS Client\;C:\WINDOWS\system32;"E:\apache-tomcat-8.0.44\lib;E:\apache-tomcat-8.0.44\bin";E:\apache-maven-3.5.0\bin;C:\WINDOWS;C:\WINDOWS\System32\Wbem;C:\WINDOWS\System32\WindowsPowerShell\v1.0\;C:\Program Files (x86)\Intel\Intel(R) Management Engine Components\DAL;C:\Program Files\Intel\Intel(R) Management Engine Components\DAL;C:\Program Files (x86)\Intel\Intel(R) Management Engine Components\IPT;C:\Program Files\Intel\Intel(R) Management Engine Components\IPT;C:\Python27;C:\Python27\Scripts;C:\PostgreSQL\pg96\bin;E:\git\Git\cmd;E:\mysql-5.7\mysql-5.7.20-winx64\bin;C:\Program Files\Java\jdk1.8.0_131\bin;C:\Program Files\dotnet\;C:\Windows\Microsoft.NET\Framework\v2.0.50727\;C:\WINDOWS\syswow64;C:\Users\dell\AppData\Local\Microsoft\WindowsApps;C:\Users\dell\AppData\Local\atom\bin;C:\Users\dell\AppData\Local\Microsoft\WindowsApps;E:\mysql-5.7\mysql-5.7.20-winx64\bin;E:\Microsoft VS Code\bin;E:\mingw-w64\mingw64\bin;C:\WINDOWS\syswow64;C:\WINDOWS\system32;;E:\fiddler;C:\Users\dell\eclipse\jee-neon\eclipse;
USERNAME=dell
OS=Windows_NT
PROCESSOR_IDENTIFIER=Intel64 Family 6 Model 94 Stepping 3, GenuineIntel



---------------  S Y S T E M  ---------------

OS: Windows 10.0 , 64 bit Build 16299 (10.0.16299.15)

CPU:total 8 (initial active 8) (4 cores per cpu, 2 threads per core) family 6 model 94 stepping 3, cmov, cx8, fxsr, mmx, sse, sse2, sse3, ssse3, sse4.1, sse4.2, popcnt, avx, avx2, aes, clmul, erms, rtm, 3dnowpref, lzcnt, ht, tsc, tscinvbit, bmi1, bmi2, adx

Memory: 4k page, physical 8250008k(1756084k free), swap 15921664k(3604872k free)

vm_info: Java HotSpot(TM) 64-Bit Server VM (25.131-b11) for windows-amd64 JRE (1.8.0_131-b11), built on Mar 15 2017 01:23:53 by "java_re" with MS VC++ 10.0 (VS2010)

time: Fri Jan 19 19:37:44 2018
elapsed time: 174 seconds (0d 0h 2m 54s)

