#
# A fatal error has been detected by the Java Runtime Environment:
#
#  EXCEPTION_ACCESS_VIOLATION (0xc0000005) at pc=0x000000001eafc7a2, pid=18116, tid=0x0000000000004618
#
# JRE version: Java(TM) SE Runtime Environment (8.0_131-b11) (build 1.8.0_131-b11)
# Java VM: Java HotSpot(TM) 64-Bit Server VM (25.131-b11 mixed mode windows-amd64 compressed oops)
# Problematic frame:
# C  [zkemsdk.dll+0xc7a2]
#
# Failed to write core dump. Minidumps are not enabled by default on client versions of Windows
#
# If you would like to submit a bug report, please visit:
#   http://bugreport.java.com/bugreport/crash.jsp
# The crash happened outside the Java Virtual Machine in native code.
# See problematic frame for where to report the bug.
#

---------------  T H R E A D  ---------------

Current thread (0x0000000022690800):  JavaThread "Thread-84" [_thread_in_native, id=17944, stack(0x000000003c9b0000,0x000000003cab0000)]

siginfo: ExceptionCode=0xc0000005, reading address 0x0000000028430040

Registers:
RAX=0x00000000255ce949, RBX=0x0000000028430040, RCX=0x0000000028430040, RDX=0x000000003caadbe8
RSP=0x000000003caadbe0, RBP=0x000000003caadc80, RSI=0x000000003caadce8, RDI=0x000000018000fc70
R8 =0x00000000255d2b47, R9 =0x000000003caadc80, R10=0x0000000000000000, R11=0x0000000025469f28
R12=0x000000003caadce8, R13=0x0000000000000008, R14=0x000000003caadce0, R15=0x000000003caadce0
RIP=0x000000001eafc7a2, EFLAGS=0x0000000000010202

Top of Stack: (sp=0x000000003caadbe0)
0x000000003caadbe0:   0000000025469f20 0000000025461550
0x000000003caadbf0:   0000000025469f20 000000003caadc08
0x000000003caadc00:   0000000002fa70a0 000000018005c851
0x000000003caadc10:   0000000025469f20 0000000025190640
0x000000003caadc20:   0000000000000000 000000018000fc70
0x000000003caadc30:   000000003caadce8 000000018000fd2d
0x000000003caadc40:   00000000255ce949 0000000000000000
0x000000003caadc50:   0000000000000000 0000000000000000
0x000000003caadc60:   0000000000000000 00007fffd6c1d3df
0x000000003caadc70:   00000000255cc690 0000000000000000
0x000000003caadc80:   0000000000000000 0000000000000000
0x000000003caadc90:   0000000000000000 00000000d668a310
0x000000003caadca0:   000000003caadcf0 fffffffffffffff8
0x000000003caadcb0:   fffffffffffffffe 00007fffd6c0ef0e
0x000000003caadcc0:   0000000000000fff 00007fffd6c0ee4d
0x000000003caadcd0:   0000000000000000 0000000000000000 

Instructions: (pc=0x000000001eafc7a2)
0x000000001eafc782:   c4 20 01 00 00 5f 5e 5d c3 cc cc cc cc cc 40 53
0x000000001eafc792:   48 83 ec 20 48 8b d9 48 85 c9 0f 84 db 00 00 00
0x000000001eafc7a2:   48 8b 09 33 d2 48 89 7c 24 30 ff 15 4e bb 02 00
0x000000001eafc7b2:   48 8b 4b 08 33 ff 48 85 c9 74 15 39 7b 10 74 10 


Register to memory mapping:

RAX=0x00000000255ce949 is an unknown value
RBX=0x0000000028430040 is an unknown value
RCX=0x0000000028430040 is an unknown value
RDX=0x000000003caadbe8 is pointing into the stack for thread: 0x0000000022690800
RSP=0x000000003caadbe0 is pointing into the stack for thread: 0x0000000022690800
RBP=0x000000003caadc80 is pointing into the stack for thread: 0x0000000022690800
RSI=0x000000003caadce8 is pointing into the stack for thread: 0x0000000022690800
RDI=0x000000018000fc70 is an unknown value
R8 =0x00000000255d2b47 is an unknown value
R9 =0x000000003caadc80 is pointing into the stack for thread: 0x0000000022690800
R10=0x0000000000000000 is an unknown value
R11=0x0000000025469f28 is an unknown value
R12=0x000000003caadce8 is pointing into the stack for thread: 0x0000000022690800
R13=0x0000000000000008 is an unknown value
R14=0x000000003caadce0 is pointing into the stack for thread: 0x0000000022690800
R15=0x000000003caadce0 is pointing into the stack for thread: 0x0000000022690800


Stack: [0x000000003c9b0000,0x000000003cab0000],  sp=0x000000003caadbe0,  free space=1014k
Native frames: (J=compiled Java code, j=interpreted, Vv=VM code, C=native code)
C  [zkemsdk.dll+0xc7a2]
C  [zkemkeeper.dll+0x5c851]
C  [zkemkeeper.dll+0xfd2d]
C  [OLEAUT32.dll+0x1d3df]
C  [OLEAUT32.dll+0xef0e]
C  [OLEAUT32.dll+0xbd17]
C  [zkemkeeper.dll+0x28f59]
C  [zkemkeeper.dll+0x28ebb]
C  [jacob-1.18-x64.dll+0x2307]
C  0x00000000051f7f74

Java frames: (J=compiled Java code, j=interpreted, Vv=VM code)
j  com.jacob.com.Dispatch.invokev(Lcom/jacob/com/Dispatch;Ljava/lang/String;III[Lcom/jacob/com/Variant;[I)Lcom/jacob/com/Variant;+0
j  com.jacob.com.Dispatch.invokev(Lcom/jacob/com/Dispatch;Ljava/lang/String;I[Lcom/jacob/com/Variant;[I)Lcom/jacob/com/Variant;+14
j  com.jacob.com.Dispatch.callN(Lcom/jacob/com/Dispatch;Ljava/lang/String;[Ljava/lang/Object;)Lcom/jacob/com/Variant;+15
j  com.jacob.com.Dispatch.call(Lcom/jacob/com/Dispatch;Ljava/lang/String;)Lcom/jacob/com/Variant;+9
j  com.jacob.activeX.ActiveXComponent.invoke(Ljava/lang/String;)Lcom/jacob/com/Variant;+2
j  com.wemarklinks.method.ZkemSDK.Disconnect()V+5
j  com.wemarklinks.service.SdkListener$1.shutdown()V+7
j  org.springframework.scheduling.concurrent.ExecutorConfigurationSupport.destroy()V+1
j  org.springframework.beans.factory.support.DisposableBeanAdapter.destroy()V+141
J 5642 C1 org.springframework.beans.factory.support.DefaultSingletonBeanRegistry.destroyBean(Ljava/lang/String;Lorg/springframework/beans/factory/DisposableBean;)V (329 bytes) @ 0x00000000064883fc [0x0000000006487200+0x11fc]
J 7499 C1 org.springframework.beans.factory.support.DefaultSingletonBeanRegistry.destroySingleton(Ljava/lang/String;)V (45 bytes) @ 0x0000000006a9b264 [0x0000000006a9ade0+0x484]
J 6778 C1 org.springframework.beans.factory.support.DefaultListableBeanFactory.destroySingleton(Ljava/lang/String;)V (21 bytes) @ 0x0000000005729054 [0x0000000005728fc0+0x94]
j  org.springframework.beans.factory.support.DefaultSingletonBeanRegistry.destroySingletons()V+105
j  org.springframework.beans.factory.support.FactoryBeanRegistrySupport.destroySingletons()V+1
j  org.springframework.beans.factory.support.DefaultListableBeanFactory.destroySingletons()V+1
j  org.springframework.context.support.AbstractApplicationContext.destroyBeans()V+4
j  org.springframework.context.support.AbstractApplicationContext.doClose()V+127
j  org.springframework.context.support.AbstractApplicationContext.close()V+8
j  org.springframework.boot.devtools.restart.Restarter.stop()V+50
j  org.springframework.boot.devtools.restart.Restarter$2.call()Ljava/lang/Void;+4
j  org.springframework.boot.devtools.restart.Restarter$2.call()Ljava/lang/Object;+1
j  org.springframework.boot.devtools.restart.Restarter$LeakSafeThread.run()V+28
v  ~StubRoutines::call_stub

---------------  P R O C E S S  ---------------

Java Threads: ( => current thread )
=>0x0000000022690800 JavaThread "Thread-84" [_thread_in_native, id=17944, stack(0x000000003c9b0000,0x000000003cab0000)]
  0x0000000022692000 JavaThread "Thread-94" [_thread_in_native, id=9936, stack(0x000000003c7b0000,0x000000003c8b0000)]
  0x0000000022690000 JavaThread "Thread-93" [_thread_in_native, id=14040, stack(0x000000003c5b0000,0x000000003c6b0000)]
  0x0000000022693000 JavaThread "http-nio-8080-AsyncTimeout" daemon [_thread_blocked, id=15340, stack(0x000000003c4b0000,0x000000003c5b0000)]
  0x0000000022688800 JavaThread "http-nio-8080-Acceptor-0" daemon [_thread_in_native, id=9780, stack(0x000000003c3b0000,0x000000003c4b0000)]
  0x000000002268e800 JavaThread "http-nio-8080-ClientPoller-1" daemon [_thread_in_native, id=17744, stack(0x000000003c2b0000,0x000000003c3b0000)]
  0x000000002268d000 JavaThread "http-nio-8080-ClientPoller-0" daemon [_thread_in_native, id=7316, stack(0x000000003c1b0000,0x000000003c2b0000)]
  0x000000002268d800 JavaThread "http-nio-8080-exec-10" daemon [_thread_blocked, id=1196, stack(0x000000003c0b0000,0x000000003c1b0000)]
  0x000000002268a800 JavaThread "http-nio-8080-exec-9" daemon [_thread_blocked, id=17740, stack(0x000000003bfb0000,0x000000003c0b0000)]
  0x000000002268f000 JavaThread "http-nio-8080-exec-8" daemon [_thread_blocked, id=6784, stack(0x000000003beb0000,0x000000003bfb0000)]
  0x000000002268c000 JavaThread "http-nio-8080-exec-7" daemon [_thread_blocked, id=9748, stack(0x000000003bdb0000,0x000000003beb0000)]
  0x0000000022687000 JavaThread "http-nio-8080-exec-6" daemon [_thread_blocked, id=16148, stack(0x000000003bcb0000,0x000000003bdb0000)]
  0x0000000022687800 JavaThread "http-nio-8080-exec-5" daemon [_thread_blocked, id=15628, stack(0x000000003bbb0000,0x000000003bcb0000)]
  0x000000002268b800 JavaThread "http-nio-8080-exec-4" daemon [_thread_blocked, id=11152, stack(0x000000003bab0000,0x000000003bbb0000)]
  0x0000000022684000 JavaThread "http-nio-8080-exec-3" daemon [_thread_blocked, id=18000, stack(0x000000003b9b0000,0x000000003bab0000)]
  0x0000000022686000 JavaThread "http-nio-8080-exec-2" daemon [_thread_blocked, id=7764, stack(0x000000003b8b0000,0x000000003b9b0000)]
  0x0000000022685800 JavaThread "http-nio-8080-exec-1" daemon [_thread_blocked, id=9464, stack(0x000000003b7b0000,0x000000003b8b0000)]
  0x000000002268a000 JavaThread "NioBlockingSelector.BlockPoller-9" daemon [_thread_in_native, id=6504, stack(0x000000003b6b0000,0x000000003b7b0000)]
  0x0000000022684800 JavaThread "pool-10-thread-1" [_thread_blocked, id=18420, stack(0x000000003b5b0000,0x000000003b6b0000)]
  0x0000000024180000 JavaThread "Thread-89" [_thread_in_native, id=17844, stack(0x000000003b3b0000,0x000000003b4b0000)]
  0x000000002417a000 JavaThread "Thread-88" [_thread_in_native, id=8280, stack(0x000000003b2b0000,0x000000003b3b0000)]
  0x0000000024172800 JavaThread "Thread-87" [_thread_in_native, id=17668, stack(0x000000003aeb0000,0x000000003afb0000)]
  0x0000000024178800 JavaThread "container-0" [_thread_blocked, id=11092, stack(0x000000003acb0000,0x000000003adb0000)]
  0x0000000024176800 JavaThread "ContainerBackgroundProcessor[StandardEngine[Tomcat]]" daemon [_thread_blocked, id=7156, stack(0x000000003abb0000,0x000000003acb0000)]
  0x0000000022689000 JavaThread "Thread-78" [_thread_in_native, id=17444, stack(0x0000000038eb0000,0x0000000038fb0000)]
  0x000000002165e800 JavaThread "Thread-69" [_thread_in_native, id=18224, stack(0x0000000036bb0000,0x0000000036cb0000)]
  0x0000000021656000 JavaThread "Thread-68" [_thread_in_native, id=10780, stack(0x0000000036ab0000,0x0000000036bb0000)]
  0x000000002165d000 JavaThread "Thread-67" [_thread_in_native, id=4232, stack(0x00000000366b0000,0x00000000367b0000)]
  0x000000002165f000 JavaThread "Thread-58" [_thread_in_native, id=4948, stack(0x00000000346b0000,0x00000000347b0000)]
  0x0000000021654800 JavaThread "Thread-49" [_thread_in_native, id=5104, stack(0x00000000323b0000,0x00000000324b0000)]
  0x000000002165b800 JavaThread "Thread-48" [_thread_in_native, id=14460, stack(0x00000000322b0000,0x00000000323b0000)]
  0x000000002417b800 JavaThread "Thread-39" [_thread_in_native, id=4044, stack(0x000000002ffb0000,0x00000000300b0000)]
  0x0000000024172000 JavaThread "Thread-38" [_thread_in_native, id=17936, stack(0x000000002feb0000,0x000000002ffb0000)]
  0x0000000024173800 JavaThread "Thread-33" [_thread_in_native, id=14132, stack(0x000000002edb0000,0x000000002eeb0000)]
  0x0000000021659000 JavaThread "Thread-28" [_thread_in_native, id=18424, stack(0x000000002d9b0000,0x000000002dab0000)]
  0x000000002165c000 JavaThread "Thread-27" [_thread_in_native, id=17648, stack(0x000000002d8b0000,0x000000002d9b0000)]
  0x0000000024179800 JavaThread "Thread-18" [_thread_in_native, id=9468, stack(0x000000002b8b0000,0x000000002b9b0000)]
  0x000000002417e800 JavaThread "DestroyJavaVM" [_thread_blocked, id=3988, stack(0x0000000004fe0000,0x00000000050e0000)]
  0x000000002417e000 JavaThread "Abandoned connection cleanup thread" daemon [_thread_blocked, id=15460, stack(0x0000000029480000,0x0000000029580000)]
  0x0000000020d12000 JavaThread "Live Reload Server" daemon [_thread_in_native, id=17184, stack(0x00000000278b0000,0x00000000279b0000)]
  0x0000000020d0d800 JavaThread "Thread-6" [_thread_in_native, id=8504, stack(0x00000000273b0000,0x00000000274b0000)]
  0x0000000020d11800 JavaThread "Thread-5" [_thread_in_native, id=2928, stack(0x00000000272b0000,0x00000000273b0000)]
  0x000000001c12e800 JavaThread "Service Thread" daemon [_thread_blocked, id=15752, stack(0x000000001cb60000,0x000000001cc60000)]
  0x000000001c0a0000 JavaThread "C1 CompilerThread3" daemon [_thread_blocked, id=10072, stack(0x000000001ca60000,0x000000001cb60000)]
  0x000000001c09d000 JavaThread "C2 CompilerThread2" daemon [_thread_blocked, id=9504, stack(0x000000001c960000,0x000000001ca60000)]
  0x000000001c09a800 JavaThread "C2 CompilerThread1" daemon [_thread_blocked, id=17872, stack(0x000000001c860000,0x000000001c960000)]
  0x000000001c093800 JavaThread "C2 CompilerThread0" daemon [_thread_blocked, id=18216, stack(0x000000001c760000,0x000000001c860000)]
  0x000000001c092800 JavaThread "Attach Listener" daemon [_thread_blocked, id=17560, stack(0x000000001c660000,0x000000001c760000)]
  0x000000001c038800 JavaThread "Signal Dispatcher" daemon [_thread_blocked, id=11132, stack(0x000000001c560000,0x000000001c660000)]
  0x000000001c020800 JavaThread "Finalizer" daemon [_thread_blocked, id=12188, stack(0x000000001c400000,0x000000001c500000)]
  0x000000001a11d800 JavaThread "Reference Handler" daemon [_thread_blocked, id=18152, stack(0x000000001bf00000,0x000000001c000000)]

Other Threads:
  0x000000001a119000 VMThread [stack: 0x000000001be00000,0x000000001bf00000] [id=2416]
  0x000000001c196800 WatcherThread [stack: 0x000000001cc60000,0x000000001cd60000] [id=6968]

VM state:not at safepoint (normal execution)

VM Mutex/Monitor currently owned by a thread: None

Heap:
 PSYoungGen      total 324608K, used 227683K [0x00000000d6000000, 0x00000000eb480000, 0x0000000100000000)
  eden space 317952K, 71% used [0x00000000d6000000,0x00000000e3e58ca8,0x00000000e9680000)
  from space 6656K, 0% used [0x00000000e9680000,0x00000000e9680000,0x00000000e9d00000)
  to   space 15360K, 0% used [0x00000000ea580000,0x00000000ea580000,0x00000000eb480000)
 ParOldGen       total 80896K, used 30121K [0x0000000082000000, 0x0000000086f00000, 0x00000000d6000000)
  object space 80896K, 37% used [0x0000000082000000,0x0000000083d6a518,0x0000000086f00000)
 Metaspace       used 46802K, capacity 48168K, committed 48424K, reserved 1091584K
  class space    used 5585K, capacity 5881K, committed 5928K, reserved 1048576K

Card table byte_map: [0x00000000145a0000,0x00000000149a0000] byte_map_base: 0x0000000014190000

Marking Bits: (ParMarkBitMap*) 0x000000006032c720
 Begin Bits: [0x0000000015440000, 0x00000000173c0000)
 End Bits:   [0x00000000173c0000, 0x0000000019340000)

Polling page: 0x0000000004af0000

CodeCache: size=245760Kb used=27743Kb max_used=27743Kb free=218016Kb
 bounds [0x00000000051e0000, 0x0000000006d30000, 0x00000000141e0000]
 total_blobs=7072 nmethods=6560 adapters=422
 compilation: enabled

Compilation events (10 events):
Event: 204.622 Thread 0x000000001c0a0000 nmethod 8320 0x0000000006ce1a50 code [0x0000000006ce1bc0, 0x0000000006ce1de8]
Event: 204.622 Thread 0x000000001c0a0000 8321       3       java.text.DigitList::set (176 bytes)
Event: 204.622 Thread 0x000000001c0a0000 nmethod 8321 0x0000000006ce0f10 code [0x0000000006ce10e0, 0x0000000006ce1768]
Event: 204.993 Thread 0x000000001c0a0000 8322       3       java.util.regex.ASCII::isDigit (18 bytes)
Event: 204.994 Thread 0x000000001c0a0000 nmethod 8322 0x0000000006ce0b90 code [0x0000000006ce0ce0, 0x0000000006ce0e90]
Event: 204.994 Thread 0x000000001c09a800 8323       4       org.springframework.core.ResolvableType::isAssignableFrom (7 bytes)
Event: 204.995 Thread 0x000000001c09a800 nmethod 8323 0x0000000005a01d90 code [0x0000000005a01ee0, 0x0000000005a01f68]
Event: 204.995 Thread 0x000000001c0a0000 8324       3       org.springframework.context.event.AbstractApplicationEventMulticaster$ListenerCacheKey::hashCode (19 bytes)
Event: 204.995 Thread 0x000000001c0a0000 nmethod 8324 0x0000000006ce0790 code [0x0000000006ce0900, 0x0000000006ce0ad8]
Event: 204.996 Thread 0x000000001c0a0000 8325       3       java.text.DecimalFormat::subformat (1238 bytes)

GC Heap History (10 events):
Event: 137.355 GC heap before
{Heap before GC invocations=23 (full 8):
 PSYoungGen      total 324608K, used 6503K [0x00000000d6000000, 0x00000000eb680000, 0x0000000100000000)
  eden space 317952K, 0% used [0x00000000d6000000,0x00000000d6000000,0x00000000e9680000)
  from space 6656K, 97% used [0x00000000e9680000,0x00000000e9cd9f48,0x00000000e9d00000)
  to   space 16384K, 0% used [0x00000000ea680000,0x00000000ea680000,0x00000000eb680000)
 ParOldGen       total 80896K, used 27522K [0x0000000082000000, 0x0000000086f00000, 0x00000000d6000000)
  object space 80896K, 34% used [0x0000000082000000,0x0000000083ae0a38,0x0000000086f00000)
 Metaspace       used 45428K, capacity 46472K, committed 46760K, reserved 1089536K
  class space    used 5472K, capacity 5709K, committed 5800K, reserved 1048576K
Event: 137.470 GC heap after
Heap after GC invocations=23 (full 8):
 PSYoungGen      total 324608K, used 0K [0x00000000d6000000, 0x00000000eb680000, 0x0000000100000000)
  eden space 317952K, 0% used [0x00000000d6000000,0x00000000d6000000,0x00000000e9680000)
  from space 6656K, 0% used [0x00000000e9680000,0x00000000e9680000,0x00000000e9d00000)
  to   space 16384K, 0% used [0x00000000ea680000,0x00000000ea680000,0x00000000eb680000)
 ParOldGen       total 80896K, used 29752K [0x0000000082000000, 0x0000000086f00000, 0x00000000d6000000)
  object space 80896K, 36% used [0x0000000082000000,0x0000000083d0e220,0x0000000086f00000)
 Metaspace       used 45428K, capacity 46472K, committed 46760K, reserved 1089536K
  class space    used 5472K, capacity 5709K, committed 5800K, reserved 1048576K
}
Event: 168.032 GC heap before
{Heap before GC invocations=24 (full 8):
 PSYoungGen      total 324608K, used 244930K [0x00000000d6000000, 0x00000000eb680000, 0x0000000100000000)
  eden space 317952K, 77% used [0x00000000d6000000,0x00000000e4f30810,0x00000000e9680000)
  from space 6656K, 0% used [0x00000000e9680000,0x00000000e9680000,0x00000000e9d00000)
  to   space 16384K, 0% used [0x00000000ea680000,0x00000000ea680000,0x00000000eb680000)
 ParOldGen       total 80896K, used 29752K [0x0000000082000000, 0x0000000086f00000, 0x00000000d6000000)
  object space 80896K, 36% used [0x0000000082000000,0x0000000083d0e220,0x0000000086f00000)
 Metaspace       used 45862K, capacity 46930K, committed 47272K, reserved 1091584K
  class space    used 5501K, capacity 5753K, committed 5800K, reserved 1048576K
Event: 168.038 GC heap after
Heap after GC invocations=24 (full 8):
 PSYoungGen      total 333312K, used 6379K [0x00000000d6000000, 0x00000000eb580000, 0x0000000100000000)
  eden space 317952K, 0% used [0x00000000d6000000,0x00000000d6000000,0x00000000e9680000)
  from space 15360K, 41% used [0x00000000ea680000,0x00000000eacbac78,0x00000000eb580000)
  to   space 15872K, 0% used [0x00000000e9680000,0x00000000e9680000,0x00000000ea600000)
 ParOldGen       total 80896K, used 29760K [0x0000000082000000, 0x0000000086f00000, 0x00000000d6000000)
  object space 80896K, 36% used [0x0000000082000000,0x0000000083d10220,0x0000000086f00000)
 Metaspace       used 45862K, capacity 46930K, committed 47272K, reserved 1091584K
  class space    used 5501K, capacity 5753K, committed 5800K, reserved 1048576K
}
Event: 168.038 GC heap before
{Heap before GC invocations=25 (full 9):
 PSYoungGen      total 333312K, used 6379K [0x00000000d6000000, 0x00000000eb580000, 0x0000000100000000)
  eden space 317952K, 0% used [0x00000000d6000000,0x00000000d6000000,0x00000000e9680000)
  from space 15360K, 41% used [0x00000000ea680000,0x00000000eacbac78,0x00000000eb580000)
  to   space 15872K, 0% used [0x00000000e9680000,0x00000000e9680000,0x00000000ea600000)
 ParOldGen       total 80896K, used 29760K [0x0000000082000000, 0x0000000086f00000, 0x00000000d6000000)
  object space 80896K, 36% used [0x0000000082000000,0x0000000083d10220,0x0000000086f00000)
 Metaspace       used 45862K, capacity 46930K, committed 47272K, reserved 1091584K
  class space    used 5501K, capacity 5753K, committed 5800K, reserved 1048576K
Event: 168.111 GC heap after
Heap after GC invocations=25 (full 9):
 PSYoungGen      total 333312K, used 0K [0x00000000d6000000, 0x00000000eb580000, 0x0000000100000000)
  eden space 317952K, 0% used [0x00000000d6000000,0x00000000d6000000,0x00000000e9680000)
  from space 15360K, 0% used [0x00000000ea680000,0x00000000ea680000,0x00000000eb580000)
  to   space 15872K, 0% used [0x00000000e9680000,0x00000000e9680000,0x00000000ea600000)
 ParOldGen       total 80896K, used 27865K [0x0000000082000000, 0x0000000086f00000, 0x00000000d6000000)
  object space 80896K, 34% used [0x0000000082000000,0x0000000083b36540,0x0000000086f00000)
 Metaspace       used 45857K, capacity 46918K, committed 47272K, reserved 1091584K
  class space    used 5500K, capacity 5749K, committed 5800K, reserved 1048576K
}
Event: 185.141 GC heap before
{Heap before GC invocations=26 (full 9):
 PSYoungGen      total 333312K, used 234115K [0x00000000d6000000, 0x00000000eb580000, 0x0000000100000000)
  eden space 317952K, 73% used [0x00000000d6000000,0x00000000e44a0fd0,0x00000000e9680000)
  from space 15360K, 0% used [0x00000000ea680000,0x00000000ea680000,0x00000000eb580000)
  to   space 15872K, 0% used [0x00000000e9680000,0x00000000e9680000,0x00000000ea600000)
 ParOldGen       total 80896K, used 27865K [0x0000000082000000, 0x0000000086f00000, 0x00000000d6000000)
  object space 80896K, 34% used [0x0000000082000000,0x0000000083b36540,0x0000000086f00000)
 Metaspace       used 46421K, capacity 47716K, committed 47912K, reserved 1091584K
  class space    used 5555K, capacity 5839K, committed 5928K, reserved 1048576K
Event: 185.147 GC heap after
Heap after GC invocations=26 (full 9):
 PSYoungGen      total 324608K, used 6468K [0x00000000d6000000, 0x00000000eb480000, 0x0000000100000000)
  eden space 317952K, 0% used [0x00000000d6000000,0x00000000d6000000,0x00000000e9680000)
  from space 6656K, 97% used [0x00000000e9680000,0x00000000e9cd1218,0x00000000e9d00000)
  to   space 15360K, 0% used [0x00000000ea580000,0x00000000ea580000,0x00000000eb480000)
 ParOldGen       total 80896K, used 27873K [0x0000000082000000, 0x0000000086f00000, 0x00000000d6000000)
  object space 80896K, 34% used [0x0000000082000000,0x0000000083b38540,0x0000000086f00000)
 Metaspace       used 46421K, capacity 47716K, committed 47912K, reserved 1091584K
  class space    used 5555K, capacity 5839K, committed 5928K, reserved 1048576K
}
Event: 185.147 GC heap before
{Heap before GC invocations=27 (full 10):
 PSYoungGen      total 324608K, used 6468K [0x00000000d6000000, 0x00000000eb480000, 0x0000000100000000)
  eden space 317952K, 0% used [0x00000000d6000000,0x00000000d6000000,0x00000000e9680000)
  from space 6656K, 97% used [0x00000000e9680000,0x00000000e9cd1218,0x00000000e9d00000)
  to   space 15360K, 0% used [0x00000000ea580000,0x00000000ea580000,0x00000000eb480000)
 ParOldGen       total 80896K, used 27873K [0x0000000082000000, 0x0000000086f00000, 0x00000000d6000000)
  object space 80896K, 34% used [0x0000000082000000,0x0000000083b38540,0x0000000086f00000)
 Metaspace       used 46421K, capacity 47716K, committed 47912K, reserved 1091584K
  class space    used 5555K, capacity 5839K, committed 5928K, reserved 1048576K
Event: 185.288 GC heap after
Heap after GC invocations=27 (full 10):
 PSYoungGen      total 324608K, used 0K [0x00000000d6000000, 0x00000000eb480000, 0x0000000100000000)
  eden space 317952K, 0% used [0x00000000d6000000,0x00000000d6000000,0x00000000e9680000)
  from space 6656K, 0% used [0x00000000e9680000,0x00000000e9680000,0x00000000e9d00000)
  to   space 15360K, 0% used [0x00000000ea580000,0x00000000ea580000,0x00000000eb480000)
 ParOldGen       total 80896K, used 30121K [0x0000000082000000, 0x0000000086f00000, 0x00000000d6000000)
  object space 80896K, 37% used [0x0000000082000000,0x0000000083d6a518,0x0000000086f00000)
 Metaspace       used 46421K, capacity 47716K, committed 47912K, reserved 1091584K
  class space    used 5555K, capacity 5839K, committed 5928K, reserved 1048576K
}

Deoptimization events (10 events):
Event: 63.442 Thread 0x0000000024175000 Uncommon trap: reason=array_check action=maybe_recompile pc=0x000000000672dcbc method=org.springframework.core.type.classreading.AnnotationReadingVisitorUtils.convertClassValues(Ljava/lang/Object;Ljava/lang/ClassLoader;Lorg/springframework/core/annotation
Event: 63.444 Thread 0x0000000024175000 Uncommon trap: reason=array_check action=maybe_recompile pc=0x000000000672dcbc method=org.springframework.core.type.classreading.AnnotationReadingVisitorUtils.convertClassValues(Ljava/lang/Object;Ljava/lang/ClassLoader;Lorg/springframework/core/annotation
Event: 137.350 Thread 0x0000000020d0f000 Uncommon trap: reason=predicate action=maybe_recompile pc=0x0000000005323e94 method=java.util.Arrays.fill([Ljava/lang/Object;Ljava/lang/Object;)V @ 10
Event: 140.141 Thread 0x0000000020d10800 Uncommon trap: reason=array_check action=maybe_recompile pc=0x00000000055208f4 method=java.util.Arrays.fill([Ljava/lang/Object;Ljava/lang/Object;)V @ 13
Event: 140.154 Thread 0x0000000020d10800 Uncommon trap: reason=array_check action=maybe_recompile pc=0x00000000055208f4 method=java.util.Arrays.fill([Ljava/lang/Object;Ljava/lang/Object;)V @ 13
Event: 140.154 Thread 0x0000000020d10800 Uncommon trap: reason=array_check action=maybe_recompile pc=0x00000000055208f4 method=java.util.Arrays.fill([Ljava/lang/Object;Ljava/lang/Object;)V @ 13
Event: 140.155 Thread 0x0000000020d10800 Uncommon trap: reason=array_check action=maybe_recompile pc=0x00000000055208f4 method=java.util.Arrays.fill([Ljava/lang/Object;Ljava/lang/Object;)V @ 13
Event: 142.265 Thread 0x0000000021660800 Uncommon trap: reason=unstable_if action=reinterpret pc=0x000000000562e2c4 method=ch.qos.logback.core.pattern.FormattingConverter.write(Ljava/lang/StringBuilder;Ljava/lang/Object;)V @ 114
Event: 187.905 Thread 0x0000000024175000 Uncommon trap: reason=null_check action=make_not_entrant pc=0x000000000571c48c method=org.springframework.context.support.PropertySourcesPlaceholderConfigurer$2.resolveStringValue(Ljava/lang/String;)Ljava/lang/String; @ 57
Event: 187.906 Thread 0x0000000024175000 Uncommon trap: reason=null_check action=make_not_entrant pc=0x00000000055bb9d0 method=org.springframework.beans.ExtendedBeanInfo.isCandidateWriteMethod(Ljava/lang/reflect/Method;)Z @ 47

Internal exceptions (10 events):
Event: 189.447 Thread 0x0000000024175000 Exception <a 'java/lang/ClassNotFoundException': org/springframework/scheduling/concurrent/ExecutorConfigurationSupportCustomizer> (0x00000000e04283a8) thrown at [C:\re\workspace\8-2-build-windows-amd64-cygwin\jdk8u131\8869\hotspot\src\share\vm\classfile\
Event: 189.447 Thread 0x0000000024175000 Exception <a 'java/lang/ClassNotFoundException': org/springframework/scheduling/concurrent/ThreadPoolTaskExecutorCustomizer> (0x00000000e04492f8) thrown at [C:\re\workspace\8-2-build-windows-amd64-cygwin\jdk8u131\8869\hotspot\src\share\vm\classfile\system
Event: 189.448 Thread 0x0000000024175000 Exception <a 'java/lang/ClassNotFoundException': com/wemarklinks/service/SdkListener$1Customizer> (0x00000000e0472628) thrown at [C:\re\workspace\8-2-build-windows-amd64-cygwin\jdk8u131\8869\hotspot\src\share\vm\classfile\systemDictionary.cpp, line 210]
Event: 189.448 Thread 0x0000000024175000 Exception <a 'java/lang/ClassNotFoundException': org/springframework/core/task/AsyncListenableTaskExecutorCustomizer> (0x00000000e04a8a28) thrown at [C:\re\workspace\8-2-build-windows-amd64-cygwin\jdk8u131\8869\hotspot\src\share\vm\classfile\systemDiction
Event: 189.448 Thread 0x0000000024175000 Exception <a 'java/lang/ClassNotFoundException': org/springframework/scheduling/SchedulingTaskExecutorCustomizer> (0x00000000e04c04d8) thrown at [C:\re\workspace\8-2-build-windows-amd64-cygwin\jdk8u131\8869\hotspot\src\share\vm\classfile\systemDictionary.
Event: 189.448 Thread 0x0000000024175000 Exception <a 'java/lang/ClassNotFoundException': org/springframework/beans/factory/BeanNameAwareCustomizer> (0x00000000e04d3450) thrown at [C:\re\workspace\8-2-build-windows-amd64-cygwin\jdk8u131\8869\hotspot\src\share\vm\classfile\systemDictionary.cpp, l
Event: 189.449 Thread 0x0000000024175000 Exception <a 'java/lang/ClassNotFoundException': org/springframework/beans/factory/InitializingBeanCustomizer> (0x00000000e04e7760) thrown at [C:\re\workspace\8-2-build-windows-amd64-cygwin\jdk8u131\8869\hotspot\src\share\vm\classfile\systemDictionary.cpp
Event: 189.449 Thread 0x0000000024175000 Exception <a 'java/lang/ClassNotFoundException': org/springframework/beans/factory/DisposableBeanCustomizer> (0x00000000e04fa5d8) thrown at [C:\re\workspace\8-2-build-windows-amd64-cygwin\jdk8u131\8869\hotspot\src\share\vm\classfile\systemDictionary.cpp, 
Event: 189.449 Thread 0x0000000024175000 Exception <a 'java/lang/ClassNotFoundException': java/util/concurrent/ThreadFactoryCustomizer> (0x00000000e0503ac8) thrown at [C:\re\workspace\8-2-build-windows-amd64-cygwin\jdk8u131\8869\hotspot\src\share\vm\classfile\systemDictionary.cpp, line 210]
Event: 189.449 Thread 0x0000000024175000 Exception <a 'java/lang/ClassNotFoundException': java/io/SerializableCustomizer> (0x00000000e050b4d8) thrown at [C:\re\workspace\8-2-build-windows-amd64-cygwin\jdk8u131\8869\hotspot\src\share\vm\classfile\systemDictionary.cpp, line 210]

Events (10 events):
Event: 204.993 loading class org/hotswap/agent/HotswapAgent
Event: 204.993 loading class org/hotswap/agent/HotswapAgent done
Event: 204.993 loading class org/hotswap/agent$HotswapAgent
Event: 204.993 loading class org/hotswap/agent$HotswapAgent done
Event: 204.994 Thread 0x0000000022690800 Thread added: 0x0000000022690800
Event: 204.994 Executing VM operation: RevokeBias
Event: 204.995 Executing VM operation: RevokeBias done
Event: 204.995 Thread 0x000000002417b000 Thread exited: 0x000000002417b000
Event: 204.997 Executing VM operation: RevokeBias
Event: 204.997 Executing VM operation: RevokeBias done


Dynamic libraries:
0x00007ff7896b0000 - 0x00007ff7896e7000 	C:\Program Files\Java\jdk1.8.0_131\bin\javaw.exe
0x00007fffd75f0000 - 0x00007fffd77d0000 	C:\WINDOWS\SYSTEM32\ntdll.dll
0x00007fffd6ee0000 - 0x00007fffd6f8e000 	C:\WINDOWS\System32\KERNEL32.DLL
0x00007fffd45d0000 - 0x00007fffd4836000 	C:\WINDOWS\System32\KERNELBASE.dll
0x00007fffd2070000 - 0x00007fffd20f8000 	C:\WINDOWS\SYSTEM32\apphelp.dll
0x00007fffb9910000 - 0x00007fffb9967000 	C:\WINDOWS\SYSTEM32\AcGenral.DLL
0x00007fffd6980000 - 0x00007fffd6a1d000 	C:\WINDOWS\System32\msvcrt.dll
0x00007fffd5230000 - 0x00007fffd528b000 	C:\WINDOWS\System32\sechost.dll
0x00007fffd4ac0000 - 0x00007fffd4bdf000 	C:\WINDOWS\System32\RPCRT4.dll
0x00007fffd6e80000 - 0x00007fffd6ed1000 	C:\WINDOWS\System32\SHLWAPI.dll
0x00007fffd4be0000 - 0x00007fffd4ee8000 	C:\WINDOWS\System32\combase.dll
0x00007fffd4840000 - 0x00007fffd4936000 	C:\WINDOWS\System32\ucrtbase.dll
0x00007fffd49f0000 - 0x00007fffd4a62000 	C:\WINDOWS\System32\bcryptPrimitives.dll
0x00007fffd6cd0000 - 0x00007fffd6cf8000 	C:\WINDOWS\System32\GDI32.dll
0x00007fffd3ce0000 - 0x00007fffd3e73000 	C:\WINDOWS\System32\gdi32full.dll
0x00007fffd3bc0000 - 0x00007fffd3c5b000 	C:\WINDOWS\System32\msvcp_win.dll
0x00007fffd50a0000 - 0x00007fffd522f000 	C:\WINDOWS\System32\USER32.dll
0x00007fffd3c60000 - 0x00007fffd3c80000 	C:\WINDOWS\System32\win32u.dll
0x00007fffd6fa0000 - 0x00007fffd70e9000 	C:\WINDOWS\System32\ole32.dll
0x00007fffd5350000 - 0x00007fffd6786000 	C:\WINDOWS\System32\SHELL32.dll
0x00007fffd4a70000 - 0x00007fffd4aba000 	C:\WINDOWS\System32\cfgmgr32.dll
0x00007fffd52a0000 - 0x00007fffd5346000 	C:\WINDOWS\System32\shcore.dll
0x00007fffd3e80000 - 0x00007fffd45c7000 	C:\WINDOWS\System32\windows.storage.dll
0x00007fffd4ef0000 - 0x00007fffd4f91000 	C:\WINDOWS\System32\advapi32.dll
0x00007fffd3940000 - 0x00007fffd3951000 	C:\WINDOWS\System32\kernel.appcore.dll
0x00007fffd3980000 - 0x00007fffd39cc000 	C:\WINDOWS\System32\powrprof.dll
0x00007fffd3960000 - 0x00007fffd397b000 	C:\WINDOWS\System32\profapi.dll
0x00007fffd3840000 - 0x00007fffd3870000 	C:\WINDOWS\SYSTEM32\SspiCli.dll
0x00007fffd3870000 - 0x00007fffd3899000 	C:\WINDOWS\SYSTEM32\USERENV.dll
0x00007fffc0a60000 - 0x00007fffc0a7b000 	C:\WINDOWS\SYSTEM32\MPR.dll
0x00007fffd6a20000 - 0x00007fffd6a4d000 	C:\WINDOWS\System32\IMM32.DLL
0x00007fffcaf60000 - 0x00007fffcb1c9000 	C:\WINDOWS\WinSxS\amd64_microsoft.windows.common-controls_6595b64144ccf1df_6.0.16299.192_none_15c8cdae9364c23b\COMCTL32.dll
0x000000005f8f0000 - 0x000000005f9c2000 	C:\Program Files\Java\jdk1.8.0_131\jre\bin\msvcr100.dll
0x000000005fb10000 - 0x00000000603ac000 	C:\Program Files\Java\jdk1.8.0_131\jre\bin\server\jvm.dll
0x00007fffd6f90000 - 0x00007fffd6f98000 	C:\WINDOWS\System32\PSAPI.DLL
0x00007fffc1430000 - 0x00007fffc1439000 	C:\WINDOWS\SYSTEM32\WSOCK32.dll
0x00007fffd1f50000 - 0x00007fffd1f73000 	C:\WINDOWS\SYSTEM32\WINMM.dll
0x00007fffce1f0000 - 0x00007fffce1fa000 	C:\WINDOWS\SYSTEM32\VERSION.dll
0x00007fffd6e10000 - 0x00007fffd6e7c000 	C:\WINDOWS\System32\WS2_32.dll
0x00007fffd1f20000 - 0x00007fffd1f4a000 	C:\WINDOWS\SYSTEM32\WINMMBASE.dll
0x0000000062050000 - 0x000000006205f000 	C:\Program Files\Java\jdk1.8.0_131\jre\bin\verify.dll
0x0000000060530000 - 0x0000000060559000 	C:\Program Files\Java\jdk1.8.0_131\jre\bin\java.dll
0x000000005fac0000 - 0x000000005fad6000 	C:\Program Files\Java\jdk1.8.0_131\jre\bin\zip.dll
0x000000005f8e0000 - 0x000000005f8ed000 	C:\Program Files\Java\jdk1.8.0_131\jre\bin\management.dll
0x000000005faa0000 - 0x000000005faba000 	C:\Program Files\Java\jdk1.8.0_131\jre\bin\net.dll
0x00007fffd31d0000 - 0x00007fffd3236000 	C:\WINDOWS\system32\mswsock.dll
0x00007fffbd170000 - 0x00007fffbd186000 	C:\WINDOWS\system32\napinsp.dll
0x00007fffbd150000 - 0x00007fffbd16a000 	C:\WINDOWS\system32\pnrpnsp.dll
0x00007fffd0720000 - 0x00007fffd0738000 	C:\WINDOWS\system32\NLAapi.dll
0x00007fffd2fa0000 - 0x00007fffd3056000 	C:\WINDOWS\SYSTEM32\DNSAPI.dll
0x00007fffd5290000 - 0x00007fffd5298000 	C:\WINDOWS\System32\NSI.dll
0x00007fffd2f60000 - 0x00007fffd2f99000 	C:\WINDOWS\SYSTEM32\IPHLPAPI.DLL
0x00007fffc1df0000 - 0x00007fffc1dfe000 	C:\WINDOWS\System32\winrnr.dll
0x00007fffd00c0000 - 0x00007fffd00ca000 	C:\Windows\System32\rasadhlp.dll
0x00007fffd0350000 - 0x00007fffd03c0000 	C:\WINDOWS\System32\fwpuclnt.dll
0x00007fffd34a0000 - 0x00007fffd34c5000 	C:\WINDOWS\SYSTEM32\bcrypt.dll
0x000000005fa80000 - 0x000000005fa91000 	C:\Program Files\Java\jdk1.8.0_131\jre\bin\nio.dll
0x00007fffd3390000 - 0x00007fffd33a7000 	C:\WINDOWS\SYSTEM32\CRYPTSP.dll
0x00007fffd2de0000 - 0x00007fffd2e13000 	C:\WINDOWS\system32\rsaenh.dll
0x00007fffd33b0000 - 0x00007fffd33bb000 	C:\WINDOWS\SYSTEM32\CRYPTBASE.dll
0x00007fffce760000 - 0x00007fffce776000 	C:\WINDOWS\SYSTEM32\dhcpcsvc6.DLL
0x00007fffcee40000 - 0x00007fffcee5a000 	C:\WINDOWS\SYSTEM32\dhcpcsvc.DLL
0x00007fffb99b0000 - 0x00007fffb99e8000 	C:\Windows\System32\jacob-1.18-x64.dll
0x00007fffd6c00000 - 0x00007fffd6cc5000 	C:\WINDOWS\System32\OLEAUT32.dll
0x00007fffd5000000 - 0x00007fffd509e000 	C:\WINDOWS\System32\clbcatq.dll
0x0000000180000000 - 0x00000001800e3000 	C:\WINDOWS\system32\zkemkeeper.dll
0x000000001eab0000 - 0x000000001eadd000 	C:\WINDOWS\system32\plcommpro.dll
0x000000001eaf0000 - 0x000000001eb39000 	C:\WINDOWS\system32\zkemsdk.dll
0x0000000020420000 - 0x000000002043c000 	C:\WINDOWS\system32\commpro.dll
0x00007fffd37a0000 - 0x00007fffd383a000 	C:\WINDOWS\SYSTEM32\sxs.dll
0x00007fffd2400000 - 0x00007fffd2495000 	C:\WINDOWS\system32\uxtheme.dll
0x00007fffd6790000 - 0x00007fffd68f7000 	C:\WINDOWS\System32\MSCTF.dll
0x00007fffc0020000 - 0x00007fffc009c000 	E:\teamviewer\tv_x64.dll
0x0000000004ee0000 - 0x0000000004ef5000 	C:\WINDOWS\SYSTEM32\tcpcomm.dll
0x00007fffc1be0000 - 0x00007fffc1da8000 	C:\WINDOWS\SYSTEM32\dbghelp.dll

VM Arguments:
jvm_args: -Dfile.encoding=UTF-8 
java_command: com.wemarklinks.Demo1Application
java_class_path (initial): E:\workplace\ZkemProject\target\classes;E:\workplace\ZkemProject\lib\jacob.jar;C:\Users\dell\.m2\repository\org\springframework\boot\spring-boot-starter-web\1.5.9.RELEASE\spring-boot-starter-web-1.5.9.RELEASE.jar;C:\Users\dell\.m2\repository\org\springframework\boot\spring-boot-starter\1.5.9.RELEASE\spring-boot-starter-1.5.9.RELEASE.jar;C:\Users\dell\.m2\repository\org\springframework\boot\spring-boot-starter-logging\1.5.9.RELEASE\spring-boot-starter-logging-1.5.9.RELEASE.jar;C:\Users\dell\.m2\repository\ch\qos\logback\logback-classic\1.1.11\logback-classic-1.1.11.jar;C:\Users\dell\.m2\repository\ch\qos\logback\logback-core\1.1.11\logback-core-1.1.11.jar;C:\Users\dell\.m2\repository\org\slf4j\jcl-over-slf4j\1.7.25\jcl-over-slf4j-1.7.25.jar;C:\Users\dell\.m2\repository\org\slf4j\jul-to-slf4j\1.7.25\jul-to-slf4j-1.7.25.jar;C:\Users\dell\.m2\repository\org\slf4j\log4j-over-slf4j\1.7.25\log4j-over-slf4j-1.7.25.jar;C:\Users\dell\.m2\repository\org\yaml\snakeyaml\1.17\snakeyaml-1.17.jar;C:\Users\dell\.m2\repository\org\hibernate\hibernate-validator\5.3.6.Final\hibernate-validator-5.3.6.Final.jar;C:\Users\dell\.m2\repository\javax\validation\validation-api\1.1.0.Final\validation-api-1.1.0.Final.jar;C:\Users\dell\.m2\repository\org\jboss\logging\jboss-logging\3.3.1.Final\jboss-logging-3.3.1.Final.jar;C:\Users\dell\.m2\repository\com\fasterxml\jackson\core\jackson-databind\2.8.10\jackson-databind-2.8.10.jar;C:\Users\dell\.m2\repository\com\fasterxml\jackson\core\jackson-annotations\2.8.0\jackson-annotations-2.8.0.jar;C:\Users\dell\.m2\repository\com\fasterxml\jackson\core\jackson-core\2.8.10\jackson-core-2.8.10.jar;C:\Users\dell\.m2\repository\org\springframework\spring-web\4.3.13.RELEASE\spring-web-4.3.13.RELEASE.jar;C:\Users\dell\.m2\repository\org\springframework\spring-aop\4.3.13.RELEASE\spring-aop-4.3.13.RELEASE.jar;C:\Users\dell\.m2\repository\org\springframework\spring-beans\4.3.13.RELEASE\spring-beans-4.3.13.RELEASE.jar;C:\Users\dell\.m2\
Launcher Type: SUN_STANDARD

Environment Variables:
PATH=C:/Program Files/Java/jdk1.8.0_131/bin/../jre/bin/server;C:/Program Files/Java/jdk1.8.0_131/bin/../jre/bin;C:/Program Files/Java/jdk1.8.0_131/bin/../jre/lib/amd64;C:\Program Files (x86)\Intel\iCLS Client\;C:\Program Files\Intel\iCLS Client\;C:\WINDOWS\system32;"E:\apache-tomcat-8.0.44\lib;E:\apache-tomcat-8.0.44\bin";E:\apache-maven-3.5.0\bin;C:\WINDOWS;C:\WINDOWS\System32\Wbem;C:\WINDOWS\System32\WindowsPowerShell\v1.0\;C:\Program Files (x86)\Intel\Intel(R) Management Engine Components\DAL;C:\Program Files\Intel\Intel(R) Management Engine Components\DAL;C:\Program Files (x86)\Intel\Intel(R) Management Engine Components\IPT;C:\Program Files\Intel\Intel(R) Management Engine Components\IPT;C:\Python27;C:\Python27\Scripts;C:\PostgreSQL\pg96\bin;E:\git\Git\cmd;E:\mysql-5.7\mysql-5.7.20-winx64\bin;C:\Program Files\Java\jdk1.8.0_131\bin;C:\Program Files\dotnet\;C:\Windows\Microsoft.NET\Framework\v2.0.50727\;%windir%\syswow64;E:\node\;E:\yarn\bin;C:\Users\dell\AppData\Local\Microsoft\WindowsApps;C:\Users\dell\AppData\Local\atom\bin;C:\Users\dell\AppData\Local\Microsoft\WindowsApps;E:\mysql-5.7\mysql-5.7.20-winx64\bin;E:\Microsoft VS Code\bin;E:\mingw-w64\mingw64\bin;C:\WINDOWS\syswow64;C:\WINDOWS\system32;;E:\fiddler;C:\Users\dell\AppData\Roaming\npm;C:\Users\dell\AppData\Local\Yarn\bin;C:\Users\dell\eclipse\jee-neon\eclipse;
USERNAME=dell
OS=Windows_NT
PROCESSOR_IDENTIFIER=Intel64 Family 6 Model 94 Stepping 3, GenuineIntel



---------------  S Y S T E M  ---------------

OS: Windows 10.0 , 64 bit Build 16299 (10.0.16299.15)

CPU:total 8 (initial active 8) (4 cores per cpu, 2 threads per core) family 6 model 94 stepping 3, cmov, cx8, fxsr, mmx, sse, sse2, sse3, ssse3, sse4.1, sse4.2, popcnt, avx, avx2, aes, clmul, erms, rtm, 3dnowpref, lzcnt, ht, tsc, tscinvbit, bmi1, bmi2, adx

Memory: 4k page, physical 8250008k(1433372k free), swap 16402216k(2889228k free)

vm_info: Java HotSpot(TM) 64-Bit Server VM (25.131-b11) for windows-amd64 JRE (1.8.0_131-b11), built on Mar 15 2017 01:23:53 by "java_re" with MS VC++ 10.0 (VS2010)

time: Sun Jan 21 17:46:03 2018
elapsed time: 205 seconds (0d 0h 3m 25s)

