#
# A fatal error has been detected by the Java Runtime Environment:
#
#  EXCEPTION_ACCESS_VIOLATION (0xc0000005) at pc=0x00000000200cc7a2, pid=1264, tid=0x0000000000004354
#
# JRE version: Java(TM) SE Runtime Environment (8.0_131-b11) (build 1.8.0_131-b11)
# Java VM: Java HotSpot(TM) 64-Bit Server VM (25.131-b11 mixed mode windows-amd64 compressed oops)
# Problematic frame:
# C  [zkemsdk.dll+0xc7a2]
#
# Failed to write core dump. Minidumps are not enabled by default on client versions of Windows
#
# If you would like to submit a bug report, please visit:
#   http://bugreport.java.com/bugreport/crash.jsp
# The crash happened outside the Java Virtual Machine in native code.
# See problematic frame for where to report the bug.
#

---------------  T H R E A D  ---------------

Current thread (0x00000000211a1800):  JavaThread "Thread-24" [_thread_in_native, id=17236, stack(0x000000002e1d0000,0x000000002e2d0000)]

siginfo: ExceptionCode=0xc0000005, reading address 0x000000001e7cb040

Registers:
RAX=0x00000000254247a9, RBX=0x000000001e7cb040, RCX=0x000000001e7cb040, RDX=0x000000002e2cdb28
RSP=0x000000002e2cdb20, RBP=0x000000002e2cdbc0, RSI=0x000000002e2cdc28, RDI=0x000000018000fc70
R8 =0x00000000254289a7, R9 =0x000000002e2cdbc0, R10=0x0000000000000000, R11=0x0000000025417cc8
R12=0x000000002e2cdc28, R13=0x0000000000000008, R14=0x000000002e2cdc20, R15=0x000000002e2cdc20
RIP=0x00000000200cc7a2, EFLAGS=0x0000000000010202

Top of Stack: (sp=0x000000002e2cdb20)
0x000000002e2cdb20:   0000000025417cc0 0000000025417ca0
0x000000002e2cdb30:   0000000025417cc0 000000002e2cdb48
0x000000002e2cdb40:   0000000002de8ea0 000000018005c851
0x000000002e2cdb50:   0000000025417cc0 0000000022db4af0
0x000000002e2cdb60:   0000000000000000 000000018000fc70
0x000000002e2cdb70:   000000002e2cdc28 000000018000fd2d
0x000000002e2cdb80:   00000000254247a9 0000000000000000
0x000000002e2cdb90:   0000000000000000 0000000000000000
0x000000002e2cdba0:   0000000000000000 00007ffb9a8cd3df
0x000000002e2cdbb0:   00000000254224f0 0000000000000000
0x000000002e2cdbc0:   0000000000000000 0000000000000000
0x000000002e2cdbd0:   0000000000000000 0000000000000000
0x000000002e2cdbe0:   000000002e2cdc30 fffffffffffffff8
0x000000002e2cdbf0:   fffffffffffffffe 00007ffb9a8bef0e
0x000000002e2cdc00:   0000000000000fff 00007ffb9a8bee4d
0x000000002e2cdc10:   0000000000000000 0000000000000000 

Instructions: (pc=0x00000000200cc7a2)
0x00000000200cc782:   c4 20 01 00 00 5f 5e 5d c3 cc cc cc cc cc 40 53
0x00000000200cc792:   48 83 ec 20 48 8b d9 48 85 c9 0f 84 db 00 00 00
0x00000000200cc7a2:   48 8b 09 33 d2 48 89 7c 24 30 ff 15 4e bb 02 00
0x00000000200cc7b2:   48 8b 4b 08 33 ff 48 85 c9 74 15 39 7b 10 74 10 


Register to memory mapping:

RAX=0x00000000254247a9 is an unknown value
RBX=0x000000001e7cb040 is an unknown value
RCX=0x000000001e7cb040 is an unknown value
RDX=0x000000002e2cdb28 is pointing into the stack for thread: 0x00000000211a1800
RSP=0x000000002e2cdb20 is pointing into the stack for thread: 0x00000000211a1800
RBP=0x000000002e2cdbc0 is pointing into the stack for thread: 0x00000000211a1800
RSI=0x000000002e2cdc28 is pointing into the stack for thread: 0x00000000211a1800
RDI=0x000000018000fc70 is an unknown value
R8 =0x00000000254289a7 is an unknown value
R9 =0x000000002e2cdbc0 is pointing into the stack for thread: 0x00000000211a1800
R10=0x0000000000000000 is an unknown value
R11=0x0000000025417cc8 is an unknown value
R12=0x000000002e2cdc28 is pointing into the stack for thread: 0x00000000211a1800
R13=0x0000000000000008 is an unknown value
R14=0x000000002e2cdc20 is pointing into the stack for thread: 0x00000000211a1800
R15=0x000000002e2cdc20 is pointing into the stack for thread: 0x00000000211a1800


Stack: [0x000000002e1d0000,0x000000002e2d0000],  sp=0x000000002e2cdb20,  free space=1014k
Native frames: (J=compiled Java code, j=interpreted, Vv=VM code, C=native code)
C  [zkemsdk.dll+0xc7a2]
C  [zkemkeeper.dll+0x5c851]
C  [zkemkeeper.dll+0xfd2d]
C  [OLEAUT32.dll+0x1d3df]
C  [OLEAUT32.dll+0xef0e]
C  [OLEAUT32.dll+0xbd17]
C  [zkemkeeper.dll+0x28f59]
C  [zkemkeeper.dll+0x28ebb]
C  [jacob-1.18-x64.dll+0x2307]
C  0x00000000051d7f74

Java frames: (J=compiled Java code, j=interpreted, Vv=VM code)
j  com.jacob.com.Dispatch.invokev(Lcom/jacob/com/Dispatch;Ljava/lang/String;III[Lcom/jacob/com/Variant;[I)Lcom/jacob/com/Variant;+0
j  com.jacob.com.Dispatch.invokev(Lcom/jacob/com/Dispatch;Ljava/lang/String;I[Lcom/jacob/com/Variant;[I)Lcom/jacob/com/Variant;+14
j  com.jacob.com.Dispatch.callN(Lcom/jacob/com/Dispatch;Ljava/lang/String;[Ljava/lang/Object;)Lcom/jacob/com/Variant;+15
j  com.jacob.com.Dispatch.call(Lcom/jacob/com/Dispatch;Ljava/lang/String;)Lcom/jacob/com/Variant;+9
j  com.jacob.activeX.ActiveXComponent.invoke(Ljava/lang/String;)Lcom/jacob/com/Variant;+2
j  com.wemarklinks.method.ZkemSDK.Disconnect()V+5
j  com.wemarklinks.service.SdkListener$1.shutdown()V+7
j  org.springframework.scheduling.concurrent.ExecutorConfigurationSupport.destroy()V+1
j  org.springframework.beans.factory.support.DisposableBeanAdapter.destroy()V+141
J 4825 C1 org.springframework.beans.factory.support.DefaultSingletonBeanRegistry.destroyBean(Ljava/lang/String;Lorg/springframework/beans/factory/DisposableBean;)V (329 bytes) @ 0x00000000061c01fc [0x00000000061bf000+0x11fc]
j  org.springframework.beans.factory.support.DefaultSingletonBeanRegistry.destroySingleton(Ljava/lang/String;)V+41
j  org.springframework.beans.factory.support.DefaultListableBeanFactory.destroySingleton(Ljava/lang/String;)V+2
j  org.springframework.beans.factory.support.DefaultSingletonBeanRegistry.destroySingletons()V+105
j  org.springframework.beans.factory.support.FactoryBeanRegistrySupport.destroySingletons()V+1
j  org.springframework.beans.factory.support.DefaultListableBeanFactory.destroySingletons()V+1
j  org.springframework.context.support.AbstractApplicationContext.destroyBeans()V+4
j  org.springframework.context.support.AbstractApplicationContext.doClose()V+127
j  org.springframework.context.support.AbstractApplicationContext.close()V+8
j  org.springframework.boot.devtools.restart.Restarter.stop()V+50
j  org.springframework.boot.devtools.restart.Restarter$2.call()Ljava/lang/Void;+4
j  org.springframework.boot.devtools.restart.Restarter$2.call()Ljava/lang/Object;+1
j  org.springframework.boot.devtools.restart.Restarter$LeakSafeThread.run()V+28
v  ~StubRoutines::call_stub

---------------  P R O C E S S  ---------------

Java Threads: ( => current thread )
=>0x00000000211a1800 JavaThread "Thread-24" [_thread_in_native, id=17236, stack(0x000000002e1d0000,0x000000002e2d0000)]
  0x000000002119d000 JavaThread "Thread-32" [_thread_in_native, id=15940, stack(0x000000002dfd0000,0x000000002e0d0000)]
  0x000000002119a000 JavaThread "http-nio-8080-AsyncTimeout" daemon [_thread_blocked, id=13760, stack(0x000000002ded0000,0x000000002dfd0000)]
  0x00000000211a1000 JavaThread "http-nio-8080-Acceptor-0" daemon [_thread_in_native, id=14860, stack(0x000000002ddd0000,0x000000002ded0000)]
  0x000000002119e800 JavaThread "http-nio-8080-ClientPoller-1" daemon [_thread_in_native, id=15120, stack(0x000000002dcd0000,0x000000002ddd0000)]
  0x0000000021199000 JavaThread "http-nio-8080-ClientPoller-0" daemon [_thread_in_native, id=4716, stack(0x000000002dbd0000,0x000000002dcd0000)]
  0x000000002166f000 JavaThread "http-nio-8080-exec-10" daemon [_thread_blocked, id=20120, stack(0x000000002dad0000,0x000000002dbd0000)]
  0x000000002166e000 JavaThread "http-nio-8080-exec-9" daemon [_thread_blocked, id=7072, stack(0x000000002d9d0000,0x000000002dad0000)]
  0x000000002166d800 JavaThread "http-nio-8080-exec-8" daemon [_thread_blocked, id=14088, stack(0x000000002d8d0000,0x000000002d9d0000)]
  0x000000002166c800 JavaThread "http-nio-8080-exec-7" daemon [_thread_blocked, id=7840, stack(0x000000002d7d0000,0x000000002d8d0000)]
  0x0000000021665000 JavaThread "http-nio-8080-exec-6" daemon [_thread_blocked, id=7308, stack(0x000000002d6d0000,0x000000002d7d0000)]
  0x000000002166b000 JavaThread "http-nio-8080-exec-5" daemon [_thread_blocked, id=11048, stack(0x000000002d5d0000,0x000000002d6d0000)]
  0x000000002166a800 JavaThread "http-nio-8080-exec-4" daemon [_thread_blocked, id=6508, stack(0x000000002d4d0000,0x000000002d5d0000)]
  0x0000000021669800 JavaThread "http-nio-8080-exec-3" daemon [_thread_blocked, id=12680, stack(0x000000002d3d0000,0x000000002d4d0000)]
  0x000000002166c000 JavaThread "http-nio-8080-exec-2" daemon [_thread_blocked, id=11892, stack(0x000000002d2d0000,0x000000002d3d0000)]
  0x0000000021668000 JavaThread "http-nio-8080-exec-1" daemon [_thread_blocked, id=14636, stack(0x000000002d1d0000,0x000000002d2d0000)]
  0x0000000021669000 JavaThread "NioBlockingSelector.BlockPoller-3" daemon [_thread_in_native, id=11912, stack(0x000000002d0d0000,0x000000002d1d0000)]
  0x0000000021660000 JavaThread "pool-3-thread-1" [_thread_blocked, id=3764, stack(0x000000002cfd0000,0x000000002d0d0000)]
  0x0000000021663000 JavaThread "Thread-28" [_thread_in_native, id=19588, stack(0x000000002cdd0000,0x000000002ced0000)]
  0x0000000021662000 JavaThread "Thread-27" [_thread_in_native, id=15964, stack(0x000000002ccd0000,0x000000002cdd0000)]
  0x0000000021660800 JavaThread "container-0" [_thread_blocked, id=14804, stack(0x000000002c8d0000,0x000000002c9d0000)]
  0x0000000021667800 JavaThread "ContainerBackgroundProcessor[StandardEngine[Tomcat]]" daemon [_thread_blocked, id=7752, stack(0x000000002c7d0000,0x000000002c8d0000)]
  0x0000000021664800 JavaThread "restartedMain" [_thread_blocked, id=13892, stack(0x000000002c3d0000,0x000000002c4d0000)]
  0x0000000021661800 JavaThread "Thread-14" [_thread_blocked, id=12692, stack(0x000000002bfd0000,0x000000002c0d0000)]
  0x00000000211a0000 JavaThread "Thread-18" [_thread_in_native, id=14200, stack(0x000000002a7d0000,0x000000002a8d0000)]
  0x000000002119f800 JavaThread "Thread-17" [_thread_in_native, id=19600, stack(0x000000002a6d0000,0x000000002a7d0000)]
  0x000000002119e000 JavaThread "DestroyJavaVM" [_thread_blocked, id=7352, stack(0x0000000004fc0000,0x00000000050c0000)]
  0x0000000020e95000 JavaThread "Live Reload Server" daemon [_thread_in_native, id=9172, stack(0x00000000263c0000,0x00000000264c0000)]
  0x0000000020e90800 JavaThread "Thread-6" [_thread_in_native, id=19960, stack(0x0000000025ec0000,0x0000000025fc0000)]
  0x0000000020e92000 JavaThread "Thread-5" [_thread_in_native, id=12356, stack(0x0000000025dc0000,0x0000000025ec0000)]
  0x000000001c087800 JavaThread "Service Thread" daemon [_thread_blocked, id=8976, stack(0x000000001cad0000,0x000000001cbd0000)]
  0x000000001c074800 JavaThread "C1 CompilerThread3" daemon [_thread_blocked, id=11240, stack(0x000000001c9d0000,0x000000001cad0000)]
  0x000000001c06d000 JavaThread "C2 CompilerThread2" daemon [_thread_blocked, id=5108, stack(0x000000001c8d0000,0x000000001c9d0000)]
  0x000000001c063800 JavaThread "C2 CompilerThread1" daemon [_thread_blocked, id=7448, stack(0x000000001c7d0000,0x000000001c8d0000)]
  0x000000001c060800 JavaThread "C2 CompilerThread0" daemon [_thread_blocked, id=2960, stack(0x000000001c6d0000,0x000000001c7d0000)]
  0x000000001c05e800 JavaThread "Attach Listener" daemon [_thread_blocked, id=17288, stack(0x000000001c5d0000,0x000000001c6d0000)]
  0x000000001c009000 JavaThread "Signal Dispatcher" daemon [_thread_blocked, id=18540, stack(0x000000001c4d0000,0x000000001c5d0000)]
  0x000000001bff0800 JavaThread "Finalizer" daemon [_thread_blocked, id=9628, stack(0x000000001c3d0000,0x000000001c4d0000)]
  0x00000000051ba000 JavaThread "Reference Handler" daemon [_thread_blocked, id=1260, stack(0x000000001bed0000,0x000000001bfd0000)]

Other Threads:
  0x000000001a0f9800 VMThread [stack: 0x000000001bdd0000,0x000000001bed0000] [id=6936]
  0x000000001c14f000 WatcherThread [stack: 0x000000001cbd0000,0x000000001ccd0000] [id=19216]

VM state:not at safepoint (normal execution)

VM Mutex/Monitor currently owned by a thread: None

Heap:
 PSYoungGen      total 199168K, used 158833K [0x00000000d6000000, 0x00000000e3380000, 0x0000000100000000)
  eden space 181760K, 87% used [0x00000000d6000000,0x00000000dfb1c728,0x00000000e1180000)
  from space 17408K, 0% used [0x00000000e1180000,0x00000000e1180000,0x00000000e2280000)
  to   space 17408K, 0% used [0x00000000e2280000,0x00000000e2280000,0x00000000e3380000)
 ParOldGen       total 98304K, used 19854K [0x0000000082000000, 0x0000000088000000, 0x00000000d6000000)
  object space 98304K, 20% used [0x0000000082000000,0x0000000083363ae0,0x0000000088000000)
 Metaspace       used 36499K, capacity 37254K, committed 37544K, reserved 1081344K
  class space    used 4500K, capacity 4709K, committed 4776K, reserved 1048576K

Card table byte_map: [0x0000000014580000,0x0000000014980000] byte_map_base: 0x0000000014170000

Marking Bits: (ParMarkBitMap*) 0x000000006c03c720
 Begin Bits: [0x0000000015420000, 0x00000000173a0000)
 End Bits:   [0x00000000173a0000, 0x0000000019320000)

Polling page: 0x0000000003110000

CodeCache: size=245760Kb used=18398Kb max_used=18446Kb free=227361Kb
 bounds [0x00000000051c0000, 0x00000000063f0000, 0x00000000141c0000]
 total_blobs=4882 nmethods=4431 adapters=362
 compilation: enabled

Compilation events (10 events):
Event: 1476.483 Thread 0x000000001c063800 5073       4       org.springframework.core.SerializableTypeWrapper$MethodParameterTypeProvider::getType (8 bytes)
Event: 1476.484 Thread 0x000000001c063800 nmethod 5073 0x0000000006384d50 code [0x0000000006384ea0, 0x0000000006384f48]
Event: 1476.484 Thread 0x000000001c063800 5114       4       org.springframework.beans.factory.annotation.InitDestroyAnnotationBeanPostProcessor$1::doWith (189 bytes)
Event: 1476.494 Thread 0x000000001c063800 nmethod 5114 0x00000000063a3e10 code [0x00000000063a4020, 0x00000000063a4d60]
Event: 1476.494 Thread 0x000000001c063800 5106       4       java.lang.ClassLoader::getResource (36 bytes)
Event: 1476.497 Thread 0x000000001c063800 nmethod 5106 0x0000000006385f50 code [0x0000000006386140, 0x00000000063866b0]
Event: 1476.554 Thread 0x000000001c06d000 nmethod 5138% 0x00000000063aed50 code [0x00000000063af340, 0x00000000063b6ce0]
Event: 1476.654 Thread 0x000000001c060800 nmethod 5160 0x00000000063ccc10 code [0x00000000063cd540, 0x00000000063d8580]
Event: 1482.676 Thread 0x000000001c074800 5272       1       org.springframework.boot.devtools.filewatch.FileSnapshot::getFile (5 bytes)
Event: 1482.676 Thread 0x000000001c074800 nmethod 5272 0x0000000006385c90 code [0x0000000006385de0, 0x0000000006385ef0]

GC Heap History (10 events):
Event: 1405.967 GC heap before
{Heap before GC invocations=11 (full 2):
 PSYoungGen      total 155136K, used 83902K [0x00000000d6000000, 0x00000000e3080000, 0x0000000100000000)
  eden space 141312K, 59% used [0x00000000d6000000,0x00000000db1efa48,0x00000000dea00000)
  from space 13824K, 0% used [0x00000000dfb00000,0x00000000dfb00000,0x00000000e0880000)
  to   space 17408K, 0% used [0x00000000dea00000,0x00000000dea00000,0x00000000dfb00000)
 ParOldGen       total 98304K, used 23282K [0x0000000082000000, 0x0000000088000000, 0x00000000d6000000)
  object space 98304K, 23% used [0x0000000082000000,0x00000000836bcbc0,0x0000000088000000)
 Metaspace       used 35322K, capacity 35842K, committed 36136K, reserved 1081344K
  class space    used 4439K, capacity 4583K, committed 4648K, reserved 1048576K
Event: 1405.968 GC heap after
Heap after GC invocations=11 (full 2):
 PSYoungGen      total 158720K, used 512K [0x00000000d6000000, 0x00000000e3a00000, 0x0000000100000000)
  eden space 141312K, 0% used [0x00000000d6000000,0x00000000d6000000,0x00000000dea00000)
  from space 17408K, 2% used [0x00000000dea00000,0x00000000dea80000,0x00000000dfb00000)
  to   space 17920K, 0% used [0x00000000e2880000,0x00000000e2880000,0x00000000e3a00000)
 ParOldGen       total 98304K, used 23290K [0x0000000082000000, 0x0000000088000000, 0x00000000d6000000)
  object space 98304K, 23% used [0x0000000082000000,0x00000000836bebc0,0x0000000088000000)
 Metaspace       used 35322K, capacity 35842K, committed 36136K, reserved 1081344K
  class space    used 4439K, capacity 4583K, committed 4648K, reserved 1048576K
}
Event: 1405.968 GC heap before
{Heap before GC invocations=12 (full 3):
 PSYoungGen      total 158720K, used 512K [0x00000000d6000000, 0x00000000e3a00000, 0x0000000100000000)
  eden space 141312K, 0% used [0x00000000d6000000,0x00000000d6000000,0x00000000dea00000)
  from space 17408K, 2% used [0x00000000dea00000,0x00000000dea80000,0x00000000dfb00000)
  to   space 17920K, 0% used [0x00000000e2880000,0x00000000e2880000,0x00000000e3a00000)
 ParOldGen       total 98304K, used 23290K [0x0000000082000000, 0x0000000088000000, 0x00000000d6000000)
  object space 98304K, 23% used [0x0000000082000000,0x00000000836bebc0,0x0000000088000000)
 Metaspace       used 35322K, capacity 35842K, committed 36136K, reserved 1081344K
  class space    used 4439K, capacity 4583K, committed 4648K, reserved 1048576K
Event: 1406.056 GC heap after
Heap after GC invocations=12 (full 3):
 PSYoungGen      total 158720K, used 0K [0x00000000d6000000, 0x00000000e3a00000, 0x0000000100000000)
  eden space 141312K, 0% used [0x00000000d6000000,0x00000000d6000000,0x00000000dea00000)
  from space 17408K, 0% used [0x00000000dea00000,0x00000000dea00000,0x00000000dfb00000)
  to   space 17920K, 0% used [0x00000000e2880000,0x00000000e2880000,0x00000000e3a00000)
 ParOldGen       total 98304K, used 19779K [0x0000000082000000, 0x0000000088000000, 0x00000000d6000000)
  object space 98304K, 20% used [0x0000000082000000,0x0000000083350c68,0x0000000088000000)
 Metaspace       used 35322K, capacity 35842K, committed 36136K, reserved 1081344K
  class space    used 4439K, capacity 4583K, committed 4648K, reserved 1048576K
}
Event: 1425.325 GC heap before
{Heap before GC invocations=13 (full 3):
 PSYoungGen      total 158720K, used 141312K [0x00000000d6000000, 0x00000000e3a00000, 0x0000000100000000)
  eden space 141312K, 100% used [0x00000000d6000000,0x00000000dea00000,0x00000000dea00000)
  from space 17408K, 0% used [0x00000000dea00000,0x00000000dea00000,0x00000000dfb00000)
  to   space 17920K, 0% used [0x00000000e2880000,0x00000000e2880000,0x00000000e3a00000)
 ParOldGen       total 98304K, used 19779K [0x0000000082000000, 0x0000000088000000, 0x00000000d6000000)
  object space 98304K, 20% used [0x0000000082000000,0x0000000083350c68,0x0000000088000000)
 Metaspace       used 35987K, capacity 36672K, committed 37032K, reserved 1081344K
  class space    used 4476K, capacity 4656K, committed 4776K, reserved 1048576K
Event: 1425.333 GC heap after
Heap after GC invocations=13 (full 3):
 PSYoungGen      total 193024K, used 7157K [0x00000000d6000000, 0x00000000e3380000, 0x0000000100000000)
  eden space 181760K, 0% used [0x00000000d6000000,0x00000000d6000000,0x00000000e1180000)
  from space 11264K, 63% used [0x00000000e2880000,0x00000000e2f7d6c8,0x00000000e3380000)
  to   space 17408K, 0% used [0x00000000e1180000,0x00000000e1180000,0x00000000e2280000)
 ParOldGen       total 98304K, used 19787K [0x0000000082000000, 0x0000000088000000, 0x00000000d6000000)
  object space 98304K, 20% used [0x0000000082000000,0x0000000083352c68,0x0000000088000000)
 Metaspace       used 35987K, capacity 36672K, committed 37032K, reserved 1081344K
  class space    used 4476K, capacity 4656K, committed 4776K, reserved 1048576K
}
Event: 1455.276 GC heap before
{Heap before GC invocations=14 (full 3):
 PSYoungGen      total 193024K, used 33514K [0x00000000d6000000, 0x00000000e3380000, 0x0000000100000000)
  eden space 181760K, 14% used [0x00000000d6000000,0x00000000d79bd2f0,0x00000000e1180000)
  from space 11264K, 63% used [0x00000000e2880000,0x00000000e2f7d6c8,0x00000000e3380000)
  to   space 17408K, 0% used [0x00000000e1180000,0x00000000e1180000,0x00000000e2280000)
 ParOldGen       total 98304K, used 19787K [0x0000000082000000, 0x0000000088000000, 0x00000000d6000000)
  object space 98304K, 20% used [0x0000000082000000,0x0000000083352c68,0x0000000088000000)
 Metaspace       used 36087K, capacity 36784K, committed 37032K, reserved 1081344K
  class space    used 4480K, capacity 4665K, committed 4776K, reserved 1048576K
Event: 1455.278 GC heap after
Heap after GC invocations=14 (full 3):
 PSYoungGen      total 199168K, used 2528K [0x00000000d6000000, 0x00000000e3380000, 0x0000000100000000)
  eden space 181760K, 0% used [0x00000000d6000000,0x00000000d6000000,0x00000000e1180000)
  from space 17408K, 14% used [0x00000000e1180000,0x00000000e13f8000,0x00000000e2280000)
  to   space 17408K, 0% used [0x00000000e2280000,0x00000000e2280000,0x00000000e3380000)
 ParOldGen       total 98304K, used 19795K [0x0000000082000000, 0x0000000088000000, 0x00000000d6000000)
  object space 98304K, 20% used [0x0000000082000000,0x0000000083354c68,0x0000000088000000)
 Metaspace       used 36087K, capacity 36784K, committed 37032K, reserved 1081344K
  class space    used 4480K, capacity 4665K, committed 4776K, reserved 1048576K
}
Event: 1455.278 GC heap before
{Heap before GC invocations=15 (full 4):
 PSYoungGen      total 199168K, used 2528K [0x00000000d6000000, 0x00000000e3380000, 0x0000000100000000)
  eden space 181760K, 0% used [0x00000000d6000000,0x00000000d6000000,0x00000000e1180000)
  from space 17408K, 14% used [0x00000000e1180000,0x00000000e13f8000,0x00000000e2280000)
  to   space 17408K, 0% used [0x00000000e2280000,0x00000000e2280000,0x00000000e3380000)
 ParOldGen       total 98304K, used 19795K [0x0000000082000000, 0x0000000088000000, 0x00000000d6000000)
  object space 98304K, 20% used [0x0000000082000000,0x0000000083354c68,0x0000000088000000)
 Metaspace       used 36087K, capacity 36784K, committed 37032K, reserved 1081344K
  class space    used 4480K, capacity 4665K, committed 4776K, reserved 1048576K
Event: 1455.372 GC heap after
Heap after GC invocations=15 (full 4):
 PSYoungGen      total 199168K, used 0K [0x00000000d6000000, 0x00000000e3380000, 0x0000000100000000)
  eden space 181760K, 0% used [0x00000000d6000000,0x00000000d6000000,0x00000000e1180000)
  from space 17408K, 0% used [0x00000000e1180000,0x00000000e1180000,0x00000000e2280000)
  to   space 17408K, 0% used [0x00000000e2280000,0x00000000e2280000,0x00000000e3380000)
 ParOldGen       total 98304K, used 19854K [0x0000000082000000, 0x0000000088000000, 0x00000000d6000000)
  object space 98304K, 20% used [0x0000000082000000,0x0000000083363ae0,0x0000000088000000)
 Metaspace       used 36085K, capacity 36778K, committed 37032K, reserved 1081344K
  class space    used 4480K, capacity 4663K, committed 4776K, reserved 1048576K
}

Deoptimization events (10 events):
Event: 120.043 Thread 0x000000002119a000 Uncommon trap: reason=bimorphic action=maybe_recompile pc=0x0000000005d2e3bc method=java.util.AbstractList$Itr.next()Ljava/lang/Object; @ 14
Event: 1404.377 Thread 0x0000000020e93800 Uncommon trap: reason=unstable_if action=reinterpret pc=0x0000000005454dd8 method=java.util.AbstractCollection.containsAll(Ljava/util/Collection;)Z @ 28
Event: 1404.779 Thread 0x0000000020e93800 Uncommon trap: reason=unstable_if action=reinterpret pc=0x0000000005440aec method=org.springframework.boot.devtools.filewatch.FileSnapshot.equals(Ljava/lang/Object;)Z @ 71
Event: 1405.903 Thread 0x00000000211a4800 Uncommon trap: reason=unstable_if action=reinterpret pc=0x00000000053f6dc8 method=java.net.URI.match(CJJ)Z @ 19
Event: 1405.959 Thread 0x00000000211a4000 Uncommon trap: reason=unstable_if action=reinterpret pc=0x00000000053d0d64 method=java.lang.AbstractStringBuilder.append(Ljava/lang/String;)Ljava/lang/AbstractStringBuilder; @ 1
Event: 1406.102 Thread 0x000000002119a000 Uncommon trap: reason=unstable_if action=reinterpret pc=0x000000000541b750 method=java.lang.String$CaseInsensitiveComparator.compare(Ljava/lang/String;Ljava/lang/String;)I @ 70
Event: 1406.283 Thread 0x000000002119a000 Uncommon trap: reason=unstable_if action=reinterpret pc=0x0000000005310398 method=java.util.Properties.load0(Ljava/util/Properties$LineReader;)V @ 145
Event: 1406.425 Thread 0x000000002119a000 Uncommon trap: reason=null_check action=make_not_entrant pc=0x000000000563ea98 method=org.springframework.core.annotation.AnnotatedElementUtils.searchWithGetSemanticsInAnnotations(Ljava/lang/reflect/AnnotatedElement;Ljava/util/List;Ljava/lang/Class;Ljava/
Event: 1406.466 Thread 0x000000002119a000 Uncommon trap: reason=range_check action=make_not_entrant pc=0x0000000005eb59bc method=java.lang.String.charAt(I)C @ 27
Event: 1454.781 Thread 0x000000002119b800 Uncommon trap: reason=null_check action=make_not_entrant pc=0x00000000061d1c38 method=org.springframework.core.annotation.AnnotatedElementUtils.searchWithFindSemantics(Ljava/lang/reflect/AnnotatedElement;Ljava/lang/Class;Ljava/lang/String;Ljava/lang/Class

Internal exceptions (10 events):
Event: 1476.183 Thread 0x0000000021664800 Exception <a 'java/lang/ClassNotFoundException': org/springframework/scheduling/concurrent/ExecutorConfigurationSupportCustomizer> (0x00000000dd5ce760) thrown at [C:\re\workspace\8-2-build-windows-amd64-cygwin\jdk8u131\8869\hotspot\src\share\vm\classfile\
Event: 1476.185 Thread 0x0000000021664800 Exception <a 'java/lang/ClassNotFoundException': org/springframework/scheduling/concurrent/ThreadPoolTaskExecutorCustomizer> (0x00000000dd5ecc58) thrown at [C:\re\workspace\8-2-build-windows-amd64-cygwin\jdk8u131\8869\hotspot\src\share\vm\classfile\system
Event: 1476.186 Thread 0x0000000021664800 Exception <a 'java/lang/ClassNotFoundException': com/wemarklinks/service/SdkListener$1Customizer> (0x00000000dd6141e0) thrown at [C:\re\workspace\8-2-build-windows-amd64-cygwin\jdk8u131\8869\hotspot\src\share\vm\classfile\systemDictionary.cpp, line 210]
Event: 1476.186 Thread 0x0000000021664800 Exception <a 'java/lang/ClassNotFoundException': org/springframework/core/task/AsyncListenableTaskExecutorCustomizer> (0x00000000dd647c30) thrown at [C:\re\workspace\8-2-build-windows-amd64-cygwin\jdk8u131\8869\hotspot\src\share\vm\classfile\systemDiction
Event: 1476.187 Thread 0x0000000021664800 Exception <a 'java/lang/ClassNotFoundException': org/springframework/scheduling/SchedulingTaskExecutorCustomizer> (0x00000000dd65d128) thrown at [C:\re\workspace\8-2-build-windows-amd64-cygwin\jdk8u131\8869\hotspot\src\share\vm\classfile\systemDictionary.
Event: 1476.187 Thread 0x0000000021664800 Exception <a 'java/lang/ClassNotFoundException': org/springframework/beans/factory/BeanNameAwareCustomizer> (0x00000000dd66ddf8) thrown at [C:\re\workspace\8-2-build-windows-amd64-cygwin\jdk8u131\8869\hotspot\src\share\vm\classfile\systemDictionary.cpp, l
Event: 1476.187 Thread 0x0000000021664800 Exception <a 'java/lang/ClassNotFoundException': org/springframework/beans/factory/InitializingBeanCustomizer> (0x00000000dd67fc20) thrown at [C:\re\workspace\8-2-build-windows-amd64-cygwin\jdk8u131\8869\hotspot\src\share\vm\classfile\systemDictionary.cpp
Event: 1476.187 Thread 0x0000000021664800 Exception <a 'java/lang/ClassNotFoundException': org/springframework/beans/factory/DisposableBeanCustomizer> (0x00000000dd690790) thrown at [C:\re\workspace\8-2-build-windows-amd64-cygwin\jdk8u131\8869\hotspot\src\share\vm\classfile\systemDictionary.cpp, 
Event: 1476.187 Thread 0x0000000021664800 Exception <a 'java/lang/ClassNotFoundException': java/util/concurrent/ThreadFactoryCustomizer> (0x00000000dd698df8) thrown at [C:\re\workspace\8-2-build-windows-amd64-cygwin\jdk8u131\8869\hotspot\src\share\vm\classfile\systemDictionary.cpp, line 210]
Event: 1476.187 Thread 0x0000000021664800 Exception <a 'java/lang/ClassNotFoundException': java/io/SerializableCustomizer> (0x00000000dd69fd08) thrown at [C:\re\workspace\8-2-build-windows-amd64-cygwin\jdk8u131\8869\hotspot\src\share\vm\classfile\systemDictionary.cpp, line 210]

Events (10 events):
Event: 1482.683 Executing VM operation: RevokeBias
Event: 1482.683 Executing VM operation: RevokeBias done
Event: 1482.683 Executing VM operation: RevokeBias
Event: 1482.683 Executing VM operation: RevokeBias done
Event: 1482.683 Executing VM operation: RevokeBias
Event: 1482.683 Executing VM operation: RevokeBias done
Event: 1482.683 Executing VM operation: RevokeBias
Event: 1482.683 Executing VM operation: RevokeBias done
Event: 1482.683 Executing VM operation: RevokeBias
Event: 1482.683 Executing VM operation: RevokeBias done


Dynamic libraries:
0x00007ff6949d0000 - 0x00007ff694a07000 	C:\Program Files\Java\jdk1.8.0_131\bin\javaw.exe
0x00007ffb9ad50000 - 0x00007ffb9af30000 	C:\WINDOWS\SYSTEM32\ntdll.dll
0x00007ffb9a220000 - 0x00007ffb9a2ce000 	C:\WINDOWS\System32\KERNEL32.DLL
0x00007ffb975f0000 - 0x00007ffb97856000 	C:\WINDOWS\System32\KERNELBASE.dll
0x00007ffb957d0000 - 0x00007ffb95858000 	C:\WINDOWS\SYSTEM32\apphelp.dll
0x00007ffb765e0000 - 0x00007ffb76637000 	C:\WINDOWS\SYSTEM32\AcGenral.DLL
0x00007ffb9a500000 - 0x00007ffb9a59d000 	C:\WINDOWS\System32\msvcrt.dll
0x00007ffb9acc0000 - 0x00007ffb9ad1b000 	C:\WINDOWS\System32\sechost.dll
0x00007ffb999d0000 - 0x00007ffb99aef000 	C:\WINDOWS\System32\RPCRT4.dll
0x00007ffb984d0000 - 0x00007ffb98521000 	C:\WINDOWS\System32\SHLWAPI.dll
0x00007ffb9a980000 - 0x00007ffb9ac88000 	C:\WINDOWS\System32\combase.dll
0x00007ffb971d0000 - 0x00007ffb972c6000 	C:\WINDOWS\System32\ucrtbase.dll
0x00007ffb97150000 - 0x00007ffb971c2000 	C:\WINDOWS\System32\bcryptPrimitives.dll
0x00007ffb9ac90000 - 0x00007ffb9acb8000 	C:\WINDOWS\System32\GDI32.dll
0x00007ffb98080000 - 0x00007ffb98213000 	C:\WINDOWS\System32\gdi32full.dll
0x00007ffb972d0000 - 0x00007ffb9736b000 	C:\WINDOWS\System32\msvcp_win.dll
0x00007ffb9a370000 - 0x00007ffb9a4ff000 	C:\WINDOWS\System32\USER32.dll
0x00007ffb97910000 - 0x00007ffb97930000 	C:\WINDOWS\System32\win32u.dll
0x00007ffb99f40000 - 0x00007ffb9a089000 	C:\WINDOWS\System32\ole32.dll
0x00007ffb98530000 - 0x00007ffb99966000 	C:\WINDOWS\System32\SHELL32.dll
0x00007ffb975a0000 - 0x00007ffb975ea000 	C:\WINDOWS\System32\cfgmgr32.dll
0x00007ffb9a0c0000 - 0x00007ffb9a166000 	C:\WINDOWS\System32\shcore.dll
0x00007ffb97930000 - 0x00007ffb98077000 	C:\WINDOWS\System32\windows.storage.dll
0x00007ffb9a170000 - 0x00007ffb9a211000 	C:\WINDOWS\System32\advapi32.dll
0x00007ffb97110000 - 0x00007ffb97121000 	C:\WINDOWS\System32\kernel.appcore.dll
0x00007ffb970c0000 - 0x00007ffb9710c000 	C:\WINDOWS\System32\powrprof.dll
0x00007ffb97130000 - 0x00007ffb9714b000 	C:\WINDOWS\System32\profapi.dll
0x00007ffb96fa0000 - 0x00007ffb96fd0000 	C:\WINDOWS\SYSTEM32\SspiCli.dll
0x00007ffb96fd0000 - 0x00007ffb96ff9000 	C:\WINDOWS\SYSTEM32\USERENV.dll
0x00007ffb87670000 - 0x00007ffb8768b000 	C:\WINDOWS\SYSTEM32\MPR.dll
0x00007ffb9a090000 - 0x00007ffb9a0bd000 	C:\WINDOWS\System32\IMM32.DLL
0x00007ffb906c0000 - 0x00007ffb90929000 	C:\WINDOWS\WinSxS\amd64_microsoft.windows.common-controls_6595b64144ccf1df_6.0.16299.192_none_15c8cdae9364c23b\COMCTL32.dll
0x000000006b5b0000 - 0x000000006b682000 	C:\Program Files\Java\jdk1.8.0_131\jre\bin\msvcr100.dll
0x000000006b820000 - 0x000000006c0bc000 	C:\Program Files\Java\jdk1.8.0_131\jre\bin\server\jvm.dll
0x00007ffb9a8a0000 - 0x00007ffb9a8a8000 	C:\WINDOWS\System32\PSAPI.DLL
0x00007ffb8a1a0000 - 0x00007ffb8a1a9000 	C:\WINDOWS\SYSTEM32\WSOCK32.dll
0x00007ffb934c0000 - 0x00007ffb934ca000 	C:\WINDOWS\SYSTEM32\VERSION.dll
0x00007ffb91d80000 - 0x00007ffb91da3000 	C:\WINDOWS\SYSTEM32\WINMM.dll
0x00007ffb9a770000 - 0x00007ffb9a7dc000 	C:\WINDOWS\System32\WS2_32.dll
0x00007ffb91d50000 - 0x00007ffb91d7a000 	C:\WINDOWS\SYSTEM32\WINMMBASE.dll
0x000000006b810000 - 0x000000006b81f000 	C:\Program Files\Java\jdk1.8.0_131\jre\bin\verify.dll
0x000000006b7e0000 - 0x000000006b809000 	C:\Program Files\Java\jdk1.8.0_131\jre\bin\java.dll
0x000000006b790000 - 0x000000006b7a6000 	C:\Program Files\Java\jdk1.8.0_131\jre\bin\zip.dll
0x000000006b5a0000 - 0x000000006b5ad000 	C:\Program Files\Java\jdk1.8.0_131\jre\bin\management.dll
0x000000006b770000 - 0x000000006b78a000 	C:\Program Files\Java\jdk1.8.0_131\jre\bin\net.dll
0x00007ffb968d0000 - 0x00007ffb96936000 	C:\WINDOWS\system32\mswsock.dll
0x00007ffb80fe0000 - 0x00007ffb80ff6000 	C:\WINDOWS\system32\napinsp.dll
0x00007ffb80fc0000 - 0x00007ffb80fda000 	C:\WINDOWS\system32\pnrpnsp.dll
0x00007ffb93f40000 - 0x00007ffb93f58000 	C:\WINDOWS\system32\NLAapi.dll
0x00007ffb966a0000 - 0x00007ffb96756000 	C:\WINDOWS\SYSTEM32\DNSAPI.dll
0x00007ffb9a870000 - 0x00007ffb9a878000 	C:\WINDOWS\System32\NSI.dll
0x00007ffb96660000 - 0x00007ffb96699000 	C:\WINDOWS\SYSTEM32\IPHLPAPI.DLL
0x00007ffb80fb0000 - 0x00007ffb80fbe000 	C:\WINDOWS\System32\winrnr.dll
0x00007ffb928c0000 - 0x00007ffb928ca000 	C:\Windows\System32\rasadhlp.dll
0x00007ffb90e30000 - 0x00007ffb90ea0000 	C:\WINDOWS\System32\fwpuclnt.dll
0x00007ffb96c00000 - 0x00007ffb96c25000 	C:\WINDOWS\SYSTEM32\bcrypt.dll
0x000000006b750000 - 0x000000006b761000 	C:\Program Files\Java\jdk1.8.0_131\jre\bin\nio.dll
0x00007ffb96af0000 - 0x00007ffb96b07000 	C:\WINDOWS\SYSTEM32\CRYPTSP.dll
0x00007ffb964e0000 - 0x00007ffb96513000 	C:\WINDOWS\system32\rsaenh.dll
0x00007ffb96b10000 - 0x00007ffb96b1b000 	C:\WINDOWS\SYSTEM32\CRYPTBASE.dll
0x00007ffb92970000 - 0x00007ffb92986000 	C:\WINDOWS\SYSTEM32\dhcpcsvc6.DLL
0x00007ffb92af0000 - 0x00007ffb92b0a000 	C:\WINDOWS\SYSTEM32\dhcpcsvc.DLL
0x00007ffb765a0000 - 0x00007ffb765d8000 	C:\Windows\System32\jacob-1.18-x64.dll
0x00007ffb9a8b0000 - 0x00007ffb9a975000 	C:\WINDOWS\System32\OLEAUT32.dll
0x00007ffb9a2d0000 - 0x00007ffb9a36e000 	C:\WINDOWS\System32\clbcatq.dll
0x0000000180000000 - 0x00000001800e3000 	C:\WINDOWS\system32\zkemkeeper.dll
0x0000000020090000 - 0x00000000200bd000 	C:\WINDOWS\system32\plcommpro.dll
0x00000000200c0000 - 0x0000000020109000 	C:\WINDOWS\system32\zkemsdk.dll
0x0000000020120000 - 0x000000002013c000 	C:\WINDOWS\system32\commpro.dll
0x00007ffb96f00000 - 0x00007ffb96f9a000 	C:\WINDOWS\SYSTEM32\sxs.dll
0x00007ffb95a90000 - 0x00007ffb95b25000 	C:\WINDOWS\system32\uxtheme.dll
0x00007ffb9a5a0000 - 0x00007ffb9a707000 	C:\WINDOWS\System32\MSCTF.dll
0x0000000002fc0000 - 0x0000000002fd5000 	C:\WINDOWS\SYSTEM32\tcpcomm.dll
0x00007ffb88770000 - 0x00007ffb88938000 	C:\WINDOWS\SYSTEM32\dbghelp.dll

VM Arguments:
jvm_args: -Dfile.encoding=UTF-8 
java_command: com.wemarklinks.Demo1Application
java_class_path (initial): E:\workplace\ZkemProject\target\classes;E:\workplace\ZkemProject\lib\jacob.jar;C:\Users\dell\.m2\repository\org\springframework\boot\spring-boot-starter-web\1.5.9.RELEASE\spring-boot-starter-web-1.5.9.RELEASE.jar;C:\Users\dell\.m2\repository\org\springframework\boot\spring-boot-starter\1.5.9.RELEASE\spring-boot-starter-1.5.9.RELEASE.jar;C:\Users\dell\.m2\repository\org\springframework\boot\spring-boot-starter-logging\1.5.9.RELEASE\spring-boot-starter-logging-1.5.9.RELEASE.jar;C:\Users\dell\.m2\repository\ch\qos\logback\logback-classic\1.1.11\logback-classic-1.1.11.jar;C:\Users\dell\.m2\repository\ch\qos\logback\logback-core\1.1.11\logback-core-1.1.11.jar;C:\Users\dell\.m2\repository\org\slf4j\jcl-over-slf4j\1.7.25\jcl-over-slf4j-1.7.25.jar;C:\Users\dell\.m2\repository\org\slf4j\jul-to-slf4j\1.7.25\jul-to-slf4j-1.7.25.jar;C:\Users\dell\.m2\repository\org\slf4j\log4j-over-slf4j\1.7.25\log4j-over-slf4j-1.7.25.jar;C:\Users\dell\.m2\repository\org\yaml\snakeyaml\1.17\snakeyaml-1.17.jar;C:\Users\dell\.m2\repository\org\hibernate\hibernate-validator\5.3.6.Final\hibernate-validator-5.3.6.Final.jar;C:\Users\dell\.m2\repository\javax\validation\validation-api\1.1.0.Final\validation-api-1.1.0.Final.jar;C:\Users\dell\.m2\repository\org\jboss\logging\jboss-logging\3.3.1.Final\jboss-logging-3.3.1.Final.jar;C:\Users\dell\.m2\repository\com\fasterxml\jackson\core\jackson-databind\2.8.10\jackson-databind-2.8.10.jar;C:\Users\dell\.m2\repository\com\fasterxml\jackson\core\jackson-annotations\2.8.0\jackson-annotations-2.8.0.jar;C:\Users\dell\.m2\repository\com\fasterxml\jackson\core\jackson-core\2.8.10\jackson-core-2.8.10.jar;C:\Users\dell\.m2\repository\org\springframework\spring-web\4.3.13.RELEASE\spring-web-4.3.13.RELEASE.jar;C:\Users\dell\.m2\repository\org\springframework\spring-aop\4.3.13.RELEASE\spring-aop-4.3.13.RELEASE.jar;C:\Users\dell\.m2\repository\org\springframework\spring-beans\4.3.13.RELEASE\spring-beans-4.3.13.RELEASE.jar;C:\Users\dell\.m2\
Launcher Type: SUN_STANDARD

Environment Variables:
PATH=C:/Program Files/Java/jdk1.8.0_131/bin/../jre/bin/server;C:/Program Files/Java/jdk1.8.0_131/bin/../jre/bin;C:/Program Files/Java/jdk1.8.0_131/bin/../jre/lib/amd64;C:\Program Files (x86)\Intel\iCLS Client\;C:\Program Files\Intel\iCLS Client\;C:\WINDOWS\system32;"E:\apache-tomcat-8.0.44\lib;E:\apache-tomcat-8.0.44\bin";E:\apache-maven-3.5.0\bin;C:\WINDOWS;C:\WINDOWS\System32\Wbem;C:\WINDOWS\System32\WindowsPowerShell\v1.0\;C:\Program Files (x86)\Intel\Intel(R) Management Engine Components\DAL;C:\Program Files\Intel\Intel(R) Management Engine Components\DAL;C:\Program Files (x86)\Intel\Intel(R) Management Engine Components\IPT;C:\Program Files\Intel\Intel(R) Management Engine Components\IPT;C:\Python27;C:\Python27\Scripts;C:\PostgreSQL\pg96\bin;E:\git\Git\cmd;E:\mysql-5.7\mysql-5.7.20-winx64\bin;C:\Program Files\Java\jdk1.8.0_131\bin;C:\Program Files\dotnet\;C:\Windows\Microsoft.NET\Framework\v2.0.50727\;C:\WINDOWS\syswow64;C:\Users\dell\AppData\Local\Microsoft\WindowsApps;C:\Users\dell\AppData\Local\atom\bin;C:\Users\dell\AppData\Local\Microsoft\WindowsApps;E:\mysql-5.7\mysql-5.7.20-winx64\bin;E:\Microsoft VS Code\bin;E:\mingw-w64\mingw64\bin;C:\WINDOWS\syswow64;C:\WINDOWS\system32;;E:\fiddler;C:\Users\dell\eclipse\jee-neon\eclipse;
USERNAME=dell
OS=Windows_NT
PROCESSOR_IDENTIFIER=Intel64 Family 6 Model 94 Stepping 3, GenuineIntel



---------------  S Y S T E M  ---------------

OS: Windows 10.0 , 64 bit Build 16299 (10.0.16299.15)

CPU:total 8 (initial active 8) (4 cores per cpu, 2 threads per core) family 6 model 94 stepping 3, cmov, cx8, fxsr, mmx, sse, sse2, sse3, ssse3, sse4.1, sse4.2, popcnt, avx, avx2, aes, clmul, erms, rtm, 3dnowpref, lzcnt, ht, tsc, tscinvbit, bmi1, bmi2, adx

Memory: 4k page, physical 8250008k(1239200k free), swap 15921664k(4381184k free)

vm_info: Java HotSpot(TM) 64-Bit Server VM (25.131-b11) for windows-amd64 JRE (1.8.0_131-b11), built on Mar 15 2017 01:23:53 by "java_re" with MS VC++ 10.0 (VS2010)

time: Fri Jan 19 18:12:47 2018
elapsed time: 1482 seconds (0d 0h 24m 42s)

