#
# A fatal error has been detected by the Java Runtime Environment:
#
#  EXCEPTION_ACCESS_VIOLATION (0xc0000005) at pc=0x000000001e18776e, pid=15976, tid=0x0000000000001244
#
# JRE version: Java(TM) SE Runtime Environment (8.0_131-b11) (build 1.8.0_131-b11)
# Java VM: Java HotSpot(TM) 64-Bit Server VM (25.131-b11 mixed mode windows-amd64 compressed oops)
# Problematic frame:
# C  [zkemsdk.dll+0x1776e]
#
# Failed to write core dump. Minidumps are not enabled by default on client versions of Windows
#
# If you would like to submit a bug report, please visit:
#   http://bugreport.java.com/bugreport/crash.jsp
# The crash happened outside the Java Virtual Machine in native code.
# See problematic frame for where to report the bug.
#

---------------  T H R E A D  ---------------

Current thread (0x00000000205c3800):  JavaThread "pool-4-thread-1" [_thread_in_native, id=4676, stack(0x000000002ee30000,0x000000002ef30000)]

siginfo: ExceptionCode=0xc0000005, reading address 0x00000000225e5120

Registers:
RAX=0x000000000000005a, RBX=0x00000000225e5040, RCX=0x0000000000000009, RDX=0x0000000000000001
RSP=0x000000002ef2dae0, RBP=0x000000002ef2dbb0, RSI=0x00000000225e5120, RDI=0x000000001e1a9548
R8 =0x000000000001c200, R9 =0x0000000024baf599, R10=0x000000000277ad98, R11=0x0000000000000001
R12=0x000000002ef2dc28, R13=0x0000000000000018, R14=0x000000002ef2dc10, R15=0x000000002ef2dc20
RIP=0x000000001e18776e, EFLAGS=0x0000000000010202

Top of Stack: (sp=0x000000002ef2dae0)
0x000000002ef2dae0:   000000002238a700 0000000000000000
0x000000002ef2daf0:   000000002236fbd0 0000000000000000
0x000000002ef2db00:   0000928f35830111 000000002ef2db70
0x000000002ef2db10:   00000000027c5100 000000018006db42
0x000000002ef2db20:   0000000024ba005a 000000002ef2dc28
0x000000002ef2db30:   0000000180016250 0000000024baf599
0x000000002ef2db40:   000000002ef2db80 000000002238a700
0x000000002ef2db50:   0000000000000000 00000001800162c2
0x000000002ef2db60:   0000000024baf599 0000000000000001
0x000000002ef2db70:   000000002ef2dda0 00000000048a08da
0x000000002ef2db80:   00000000e5387148 00007fffd6c1d3df
0x000000002ef2db90:   0000000024bad2e0 0000000000000001
0x000000002ef2dba0:   000000002ef2dda0 0000000000000000
0x000000002ef2dbb0:   0000000000000000 0000000000000000
0x000000002ef2dbc0:   0000000000000000 0000000000000000
0x000000002ef2dbd0:   000000002ef2dc30 000000000277ada0 

Instructions: (pc=0x000000001e18776e)
0x000000001e18774e:   30 5b c3 48 89 74 24 48 48 89 7c 24 50 48 8d b1
0x000000001e18775e:   e0 00 00 00 48 8d 3d df 1d 02 00 b9 09 00 00 00
0x000000001e18776e:   f3 a6 48 8b 7c 24 50 48 8b 74 24 48 73 0b b8 9c
0x000000001e18777e:   ff ff ff 48 83 c4 30 5b c3 48 8b 0b 33 d2 ff 15 


Register to memory mapping:

RAX=0x000000000000005a is an unknown value
RBX=0x00000000225e5040 is an unknown value
RCX=0x0000000000000009 is an unknown value
RDX=0x0000000000000001 is an unknown value
RSP=0x000000002ef2dae0 is pointing into the stack for thread: 0x00000000205c3800
RBP=0x000000002ef2dbb0 is pointing into the stack for thread: 0x00000000205c3800
RSI=0x00000000225e5120 is an unknown value
RDI=0x000000001e1a9548 is an unknown value
R8 =0x000000000001c200 is an unknown value
R9 =0x0000000024baf599 is an unknown value
R10=0x000000000277ad98 is an unknown value
R11=0x0000000000000001 is an unknown value
R12=0x000000002ef2dc28 is pointing into the stack for thread: 0x00000000205c3800
R13=0x0000000000000018 is an unknown value
R14=0x000000002ef2dc10 is pointing into the stack for thread: 0x00000000205c3800
R15=0x000000002ef2dc20 is pointing into the stack for thread: 0x00000000205c3800


Stack: [0x000000002ee30000,0x000000002ef30000],  sp=0x000000002ef2dae0,  free space=1014k
Native frames: (J=compiled Java code, j=interpreted, Vv=VM code, C=native code)
C  [zkemsdk.dll+0x1776e]
C  [zkemkeeper.dll+0x6db42]
C  [zkemkeeper.dll+0x162c2]
C  [OLEAUT32.dll+0x1d3df]
C  [OLEAUT32.dll+0xef0e]
C  [OLEAUT32.dll+0xbd17]
C  [zkemkeeper.dll+0x28f59]
C  [zkemkeeper.dll+0x28ebb]
C  [jacob-1.18-x64.dll+0x22a8]
C  0x00000000048b7f74

Java frames: (J=compiled Java code, j=interpreted, Vv=VM code)
j  com.jacob.com.Dispatch.invokev(Lcom/jacob/com/Dispatch;Ljava/lang/String;III[Lcom/jacob/com/Variant;[I)Lcom/jacob/com/Variant;+0
j  com.jacob.com.Dispatch.invokev(Lcom/jacob/com/Dispatch;Ljava/lang/String;I[Lcom/jacob/com/Variant;[I)Lcom/jacob/com/Variant;+14
j  com.jacob.com.Dispatch.callN(Lcom/jacob/com/Dispatch;Ljava/lang/String;[Ljava/lang/Object;)Lcom/jacob/com/Variant;+15
j  com.jacob.activeX.ActiveXComponent.invoke(Ljava/lang/String;[Lcom/jacob/com/Variant;)Lcom/jacob/com/Variant;+3
j  com.wemarklinks.method.ZkemSDK.ReadRTLog(I)Z+21
j  com.wemarklinks.common.ScheduledTasks.cheakSDK()V+5
v  ~StubRoutines::call_stub
J 1729  sun.reflect.NativeMethodAccessorImpl.invoke0(Ljava/lang/reflect/Method;Ljava/lang/Object;[Ljava/lang/Object;)Ljava/lang/Object; (0 bytes) @ 0x0000000004ea9c7f [0x0000000004ea9c00+0x7f]
J 1728 C1 sun.reflect.NativeMethodAccessorImpl.invoke(Ljava/lang/Object;[Ljava/lang/Object;)Ljava/lang/Object; (104 bytes) @ 0x0000000004ea7644 [0x0000000004ea64c0+0x1184]
J 3218 C2 java.lang.reflect.Method.invoke(Ljava/lang/Object;[Ljava/lang/Object;)Ljava/lang/Object; (62 bytes) @ 0x00000000054d77c0 [0x00000000054d7720+0xa0]
j  org.springframework.scheduling.support.ScheduledMethodRunnable.run()V+19
j  org.springframework.scheduling.support.DelegatingErrorHandlingRunnable.run()V+4
j  org.springframework.scheduling.concurrent.ReschedulingRunnable.run()V+9
j  java.util.concurrent.Executors$RunnableAdapter.call()Ljava/lang/Object;+4
j  java.util.concurrent.FutureTask.run()V+42
j  java.util.concurrent.ScheduledThreadPoolExecutor$ScheduledFutureTask.access$201(Ljava/util/concurrent/ScheduledThreadPoolExecutor$ScheduledFutureTask;)V+1
j  java.util.concurrent.ScheduledThreadPoolExecutor$ScheduledFutureTask.run()V+30
j  java.util.concurrent.ThreadPoolExecutor.runWorker(Ljava/util/concurrent/ThreadPoolExecutor$Worker;)V+95
j  java.util.concurrent.ThreadPoolExecutor$Worker.run()V+5
j  java.lang.Thread.run()V+11
v  ~StubRoutines::call_stub

---------------  P R O C E S S  ---------------

Java Threads: ( => current thread )
  0x000000001d63c800 JavaThread "Thread-48" [_thread_in_native, id=8056, stack(0x0000000030130000,0x0000000030230000)]
  0x000000001d633800 JavaThread "Tomcat JDBC Pool Cleaner[1943105171:1516527711415]" daemon [_thread_blocked, id=15460, stack(0x0000000030030000,0x0000000030130000)]
  0x000000001d639800 JavaThread "Thread-46" [_thread_in_native, id=4408, stack(0x000000002fe30000,0x000000002ff30000)]
  0x000000001d632800 JavaThread "http-nio-8080-AsyncTimeout" daemon [_thread_blocked, id=18192, stack(0x000000002fd30000,0x000000002fe30000)]
  0x000000001d638800 JavaThread "http-nio-8080-Acceptor-0" daemon [_thread_in_native, id=5180, stack(0x000000002fc30000,0x000000002fd30000)]
  0x000000001d635800 JavaThread "http-nio-8080-ClientPoller-1" daemon [_thread_in_native, id=9904, stack(0x000000002fb30000,0x000000002fc30000)]
  0x000000001d630800 JavaThread "http-nio-8080-ClientPoller-0" daemon [_thread_in_native, id=1096, stack(0x000000002fa30000,0x000000002fb30000)]
  0x000000001d632000 JavaThread "http-nio-8080-exec-10" daemon [_thread_blocked, id=12120, stack(0x000000002f930000,0x000000002fa30000)]
  0x000000001d637000 JavaThread "http-nio-8080-exec-9" daemon [_thread_blocked, id=3052, stack(0x000000002f830000,0x000000002f930000)]
  0x000000001d635000 JavaThread "http-nio-8080-exec-8" daemon [_thread_blocked, id=17488, stack(0x000000002f730000,0x000000002f830000)]
  0x000000001d634000 JavaThread "http-nio-8080-exec-7" daemon [_thread_blocked, id=13316, stack(0x000000002f630000,0x000000002f730000)]
  0x00000000205c6800 JavaThread "http-nio-8080-exec-6" daemon [_thread_blocked, id=18232, stack(0x000000002f530000,0x000000002f630000)]
  0x00000000205c7000 JavaThread "http-nio-8080-exec-5" daemon [_thread_blocked, id=8296, stack(0x000000002f430000,0x000000002f530000)]
  0x00000000205c2800 JavaThread "http-nio-8080-exec-4" daemon [_thread_blocked, id=18424, stack(0x000000002f330000,0x000000002f430000)]
  0x00000000205bf000 JavaThread "http-nio-8080-exec-3" daemon [_thread_blocked, id=17828, stack(0x000000002f230000,0x000000002f330000)]
  0x00000000205c5000 JavaThread "http-nio-8080-exec-2" daemon [_thread_blocked, id=13956, stack(0x000000002f130000,0x000000002f230000)]
  0x00000000205c5800 JavaThread "http-nio-8080-exec-1" daemon [_thread_blocked, id=18248, stack(0x000000002f030000,0x000000002f130000)]
  0x00000000205bf800 JavaThread "NioBlockingSelector.BlockPoller-4" daemon [_thread_in_native, id=5156, stack(0x000000002ef30000,0x000000002f030000)]
=>0x00000000205c3800 JavaThread "pool-4-thread-1" [_thread_in_native, id=4676, stack(0x000000002ee30000,0x000000002ef30000)]
  0x00000000205c4000 JavaThread "File Watcher" daemon [_thread_blocked, id=6024, stack(0x000000002ed30000,0x000000002ee30000)]
  0x00000000205bb000 JavaThread "Thread-42" [_thread_in_native, id=14040, stack(0x000000002ec30000,0x000000002ed30000)]
  0x00000000205bd800 JavaThread "Thread-41" [_thread_in_native, id=17648, stack(0x000000002eb30000,0x000000002ec30000)]
  0x00000000205bc800 JavaThread "container-0" [_thread_blocked, id=7316, stack(0x000000002e730000,0x000000002e830000)]
  0x00000000205c2000 JavaThread "ContainerBackgroundProcessor[StandardEngine[Tomcat]]" daemon [_thread_blocked, id=6200, stack(0x000000002e630000,0x000000002e730000)]
  0x000000001d62f800 JavaThread "Thread-32" [_thread_in_native, id=6048, stack(0x000000002c830000,0x000000002c930000)]
  0x000000001d636800 JavaThread "Thread-31" [_thread_in_native, id=7876, stack(0x000000002c730000,0x000000002c830000)]
  0x000000001d631000 JavaThread "Thread-28" [_thread_in_native, id=15584, stack(0x000000002bc30000,0x000000002bd30000)]
  0x00000000205c1000 JavaThread "Thread-21" [_thread_in_native, id=15876, stack(0x000000002a330000,0x000000002a430000)]
  0x00000000205c8000 JavaThread "Abandoned connection cleanup thread" daemon [_thread_blocked, id=17480, stack(0x0000000028860000,0x0000000028960000)]
  0x00000000205c9000 JavaThread "DestroyJavaVM" [_thread_blocked, id=8632, stack(0x00000000046a0000,0x00000000047a0000)]
  0x000000001dbe9000 JavaThread "Live Reload Server" daemon [_thread_in_native, id=10268, stack(0x0000000025ee0000,0x0000000025fe0000)]
  0x000000001dbe8000 JavaThread "Thread-6" [_thread_in_native, id=1832, stack(0x00000000259e0000,0x0000000025ae0000)]
  0x000000001dbeb000 JavaThread "Thread-5" [_thread_in_native, id=3056, stack(0x00000000258e0000,0x00000000259e0000)]
  0x000000001b7d6000 JavaThread "Service Thread" daemon [_thread_blocked, id=2136, stack(0x000000001c210000,0x000000001c310000)]
  0x000000001b757000 JavaThread "C1 CompilerThread3" daemon [_thread_blocked, id=9528, stack(0x000000001c110000,0x000000001c210000)]
  0x000000001b74a000 JavaThread "C2 CompilerThread2" daemon [_thread_blocked, id=18408, stack(0x000000001c010000,0x000000001c110000)]
  0x000000001b744800 JavaThread "C2 CompilerThread1" daemon [_thread_blocked, id=7272, stack(0x000000001bf10000,0x000000001c010000)]
  0x000000001b741800 JavaThread "C2 CompilerThread0" daemon [_thread_blocked, id=8272, stack(0x000000001be10000,0x000000001bf10000)]
  0x000000001b6e9000 JavaThread "Attach Listener" daemon [_thread_blocked, id=13900, stack(0x000000001bd10000,0x000000001be10000)]
  0x000000001b740800 JavaThread "Signal Dispatcher" daemon [_thread_blocked, id=1500, stack(0x000000001bc10000,0x000000001bd10000)]
  0x000000001b6d0800 JavaThread "Finalizer" daemon [_thread_blocked, id=4420, stack(0x000000001bab0000,0x000000001bbb0000)]
  0x000000000489b000 JavaThread "Reference Handler" daemon [_thread_blocked, id=17016, stack(0x000000001b5b0000,0x000000001b6b0000)]

Other Threads:
  0x00000000197d9000 VMThread [stack: 0x000000001b4b0000,0x000000001b5b0000] [id=15660]
  0x000000001b84a800 WatcherThread [stack: 0x000000001c310000,0x000000001c410000] [id=7536]

VM state:not at safepoint (normal execution)

VM Mutex/Monitor currently owned by a thread: None

Heap:
 PSYoungGen      total 439808K, used 250427K [0x00000000d6000000, 0x00000000f1f80000, 0x0000000100000000)
  eden space 422400K, 59% used [0x00000000d6000000,0x00000000e548ef78,0x00000000efc80000)
  from space 17408K, 0% used [0x00000000f0e80000,0x00000000f0e80000,0x00000000f1f80000)
  to   space 17920K, 0% used [0x00000000efc80000,0x00000000efc80000,0x00000000f0e00000)
 ParOldGen       total 88576K, used 26805K [0x0000000082000000, 0x0000000087680000, 0x00000000d6000000)
  object space 88576K, 30% used [0x0000000082000000,0x0000000083a2d440,0x0000000087680000)
 Metaspace       used 45962K, capacity 47102K, committed 47400K, reserved 1091584K
  class space    used 5581K, capacity 5805K, committed 5928K, reserved 1048576K

Card table byte_map: [0x0000000013c60000,0x0000000014060000] byte_map_base: 0x0000000013850000

Marking Bits: (ParMarkBitMap*) 0x000000006032c720
 Begin Bits: [0x0000000014b00000, 0x0000000016a80000)
 End Bits:   [0x0000000016a80000, 0x0000000018a00000)

Polling page: 0x0000000002690000

CodeCache: size=245760Kb used=24474Kb max_used=24505Kb free=221285Kb
 bounds [0x00000000048a0000, 0x00000000060b0000, 0x00000000138a0000]
 total_blobs=6559 nmethods=6047 adapters=423
 compilation: enabled

Compilation events (10 events):
Event: 304.589 Thread 0x000000001b757000 7218       3       com.fasterxml.jackson.databind.introspect.AnnotatedWithParams::getParameterAnnotations (29 bytes)
Event: 304.589 Thread 0x000000001b757000 nmethod 7218 0x0000000006087850 code [0x00000000060879c0, 0x0000000006087bf0]
Event: 304.589 Thread 0x000000001b757000 7219       3       com.fasterxml.jackson.databind.introspect.AnnotatedParameter::<init> (34 bytes)
Event: 304.589 Thread 0x000000001b757000 nmethod 7219 0x000000000608ced0 code [0x000000000608d040, 0x000000000608d3f0]
Event: 304.589 Thread 0x000000001b757000 7220       3       com.fasterxml.jackson.databind.introspect.POJOPropertiesCollector::_addCreatorParam (133 bytes)
Event: 304.590 Thread 0x000000001b757000 nmethod 7220 0x000000000608d590 code [0x000000000608d820, 0x000000000608ebf8]
Event: 304.602 Thread 0x000000001b74a000 nmethod 7200 0x0000000006092b50 code [0x0000000006092d40, 0x0000000006093780]
Event: 304.613 Thread 0x000000001b744800 nmethod 7201 0x000000000608f910 code [0x000000000608fac0, 0x00000000060908b8]
Event: 307.515 Thread 0x000000001b741800 7221       4       org.springframework.boot.devtools.filewatch.FolderSnapshot::collectFiles (99 bytes)
Event: 307.654 Thread 0x000000001b741800 nmethod 7221 0x000000000609cb50 code [0x000000000609d100, 0x00000000060a1e68]

GC Heap History (10 events):
Event: 231.588 GC heap before
{Heap before GC invocations=11 (full 3):
 PSYoungGen      total 393728K, used 9831K [0x00000000d6000000, 0x00000000f2080000, 0x0000000100000000)
  eden space 374272K, 0% used [0x00000000d6000000,0x00000000d6000000,0x00000000ecd80000)
  from space 19456K, 50% used [0x00000000edf80000,0x00000000ee919c08,0x00000000ef280000)
  to   space 18432K, 0% used [0x00000000ecd80000,0x00000000ecd80000,0x00000000edf80000)
 ParOldGen       total 88576K, used 26201K [0x0000000082000000, 0x0000000087680000, 0x00000000d6000000)
  object space 88576K, 29% used [0x0000000082000000,0x0000000083996418,0x0000000087680000)
 Metaspace       used 41341K, capacity 42202K, committed 42280K, reserved 1085440K
  class space    used 5216K, capacity 5387K, committed 5416K, reserved 1048576K
Event: 231.695 GC heap after
Heap after GC invocations=11 (full 3):
 PSYoungGen      total 393728K, used 0K [0x00000000d6000000, 0x00000000f2080000, 0x0000000100000000)
  eden space 374272K, 0% used [0x00000000d6000000,0x00000000d6000000,0x00000000ecd80000)
  from space 19456K, 0% used [0x00000000edf80000,0x00000000edf80000,0x00000000ef280000)
  to   space 18432K, 0% used [0x00000000ecd80000,0x00000000ecd80000,0x00000000edf80000)
 ParOldGen       total 88576K, used 27898K [0x0000000082000000, 0x0000000087680000, 0x00000000d6000000)
  object space 88576K, 31% used [0x0000000082000000,0x0000000083b3e8d8,0x0000000087680000)
 Metaspace       used 41341K, capacity 42202K, committed 42280K, reserved 1085440K
  class space    used 5216K, capacity 5387K, committed 5416K, reserved 1048576K
}
Event: 251.225 GC heap before
{Heap before GC invocations=12 (full 3):
 PSYoungGen      total 393728K, used 257952K [0x00000000d6000000, 0x00000000f2080000, 0x0000000100000000)
  eden space 374272K, 68% used [0x00000000d6000000,0x00000000e5be81d8,0x00000000ecd80000)
  from space 19456K, 0% used [0x00000000edf80000,0x00000000edf80000,0x00000000ef280000)
  to   space 18432K, 0% used [0x00000000ecd80000,0x00000000ecd80000,0x00000000edf80000)
 ParOldGen       total 88576K, used 27898K [0x0000000082000000, 0x0000000087680000, 0x00000000d6000000)
  object space 88576K, 31% used [0x0000000082000000,0x0000000083b3e8d8,0x0000000087680000)
 Metaspace       used 42188K, capacity 43134K, committed 43432K, reserved 1087488K
  class space    used 5254K, capacity 5446K, committed 5544K, reserved 1048576K
Event: 251.230 GC heap after
Heap after GC invocations=12 (full 3):
 PSYoungGen      total 392704K, used 6410K [0x00000000d6000000, 0x00000000f2080000, 0x0000000100000000)
  eden space 374272K, 0% used [0x00000000d6000000,0x00000000d6000000,0x00000000ecd80000)
  from space 18432K, 34% used [0x00000000ecd80000,0x00000000ed3c2b08,0x00000000edf80000)
  to   space 18432K, 0% used [0x00000000f0e80000,0x00000000f0e80000,0x00000000f2080000)
 ParOldGen       total 88576K, used 27906K [0x0000000082000000, 0x0000000087680000, 0x00000000d6000000)
  object space 88576K, 31% used [0x0000000082000000,0x0000000083b408d8,0x0000000087680000)
 Metaspace       used 42188K, capacity 43134K, committed 43432K, reserved 1087488K
  class space    used 5254K, capacity 5446K, committed 5544K, reserved 1048576K
}
Event: 251.230 GC heap before
{Heap before GC invocations=13 (full 4):
 PSYoungGen      total 392704K, used 6410K [0x00000000d6000000, 0x00000000f2080000, 0x0000000100000000)
  eden space 374272K, 0% used [0x00000000d6000000,0x00000000d6000000,0x00000000ecd80000)
  from space 18432K, 34% used [0x00000000ecd80000,0x00000000ed3c2b08,0x00000000edf80000)
  to   space 18432K, 0% used [0x00000000f0e80000,0x00000000f0e80000,0x00000000f2080000)
 ParOldGen       total 88576K, used 27906K [0x0000000082000000, 0x0000000087680000, 0x00000000d6000000)
  object space 88576K, 31% used [0x0000000082000000,0x0000000083b408d8,0x0000000087680000)
 Metaspace       used 42188K, capacity 43134K, committed 43432K, reserved 1087488K
  class space    used 5254K, capacity 5446K, committed 5544K, reserved 1048576K
Event: 251.423 GC heap after
Heap after GC invocations=13 (full 4):
 PSYoungGen      total 392704K, used 0K [0x00000000d6000000, 0x00000000f2080000, 0x0000000100000000)
  eden space 374272K, 0% used [0x00000000d6000000,0x00000000d6000000,0x00000000ecd80000)
  from space 18432K, 0% used [0x00000000ecd80000,0x00000000ecd80000,0x00000000edf80000)
  to   space 18432K, 0% used [0x00000000f0e80000,0x00000000f0e80000,0x00000000f2080000)
 ParOldGen       total 88576K, used 28607K [0x0000000082000000, 0x0000000087680000, 0x00000000d6000000)
  object space 88576K, 32% used [0x0000000082000000,0x0000000083befde8,0x0000000087680000)
 Metaspace       used 42188K, capacity 43134K, committed 43432K, reserved 1087488K
  class space    used 5254K, capacity 5446K, committed 5544K, reserved 1048576K
}
Event: 292.123 GC heap before
{Heap before GC invocations=14 (full 4):
 PSYoungGen      total 392704K, used 256753K [0x00000000d6000000, 0x00000000f2080000, 0x0000000100000000)
  eden space 374272K, 68% used [0x00000000d6000000,0x00000000e5abc730,0x00000000ecd80000)
  from space 18432K, 0% used [0x00000000ecd80000,0x00000000ecd80000,0x00000000edf80000)
  to   space 18432K, 0% used [0x00000000f0e80000,0x00000000f0e80000,0x00000000f2080000)
 ParOldGen       total 88576K, used 28607K [0x0000000082000000, 0x0000000087680000, 0x00000000d6000000)
  object space 88576K, 32% used [0x0000000082000000,0x0000000083befde8,0x0000000087680000)
 Metaspace       used 42715K, capacity 43738K, committed 43944K, reserved 1087488K
  class space    used 5284K, capacity 5493K, committed 5544K, reserved 1048576K
Event: 292.129 GC heap after
Heap after GC invocations=14 (full 4):
 PSYoungGen      total 439808K, used 6372K [0x00000000d6000000, 0x00000000f1f80000, 0x0000000100000000)
  eden space 422400K, 0% used [0x00000000d6000000,0x00000000d6000000,0x00000000efc80000)
  from space 17408K, 36% used [0x00000000f0e80000,0x00000000f14b9218,0x00000000f1f80000)
  to   space 17920K, 0% used [0x00000000efc80000,0x00000000efc80000,0x00000000f0e00000)
 ParOldGen       total 88576K, used 28615K [0x0000000082000000, 0x0000000087680000, 0x00000000d6000000)
  object space 88576K, 32% used [0x0000000082000000,0x0000000083bf1de8,0x0000000087680000)
 Metaspace       used 42715K, capacity 43738K, committed 43944K, reserved 1087488K
  class space    used 5284K, capacity 5493K, committed 5544K, reserved 1048576K
}
Event: 292.129 GC heap before
{Heap before GC invocations=15 (full 5):
 PSYoungGen      total 439808K, used 6372K [0x00000000d6000000, 0x00000000f1f80000, 0x0000000100000000)
  eden space 422400K, 0% used [0x00000000d6000000,0x00000000d6000000,0x00000000efc80000)
  from space 17408K, 36% used [0x00000000f0e80000,0x00000000f14b9218,0x00000000f1f80000)
  to   space 17920K, 0% used [0x00000000efc80000,0x00000000efc80000,0x00000000f0e00000)
 ParOldGen       total 88576K, used 28615K [0x0000000082000000, 0x0000000087680000, 0x00000000d6000000)
  object space 88576K, 32% used [0x0000000082000000,0x0000000083bf1de8,0x0000000087680000)
 Metaspace       used 42715K, capacity 43738K, committed 43944K, reserved 1087488K
  class space    used 5284K, capacity 5493K, committed 5544K, reserved 1048576K
Event: 292.258 GC heap after
Heap after GC invocations=15 (full 5):
 PSYoungGen      total 439808K, used 0K [0x00000000d6000000, 0x00000000f1f80000, 0x0000000100000000)
  eden space 422400K, 0% used [0x00000000d6000000,0x00000000d6000000,0x00000000efc80000)
  from space 17408K, 0% used [0x00000000f0e80000,0x00000000f0e80000,0x00000000f1f80000)
  to   space 17920K, 0% used [0x00000000efc80000,0x00000000efc80000,0x00000000f0e00000)
 ParOldGen       total 88576K, used 26805K [0x0000000082000000, 0x0000000087680000, 0x00000000d6000000)
  object space 88576K, 30% used [0x0000000082000000,0x0000000083a2d440,0x0000000087680000)
 Metaspace       used 42710K, capacity 43726K, committed 43944K, reserved 1087488K
  class space    used 5282K, capacity 5489K, committed 5544K, reserved 1048576K
}

Deoptimization events (10 events):
Event: 295.434 Thread 0x00000000205b9800 Uncommon trap: reason=array_check action=maybe_recompile pc=0x0000000005ed80e4 method=sun.reflect.annotation.AnnotationParser.parseEnumArray(ILjava/lang/Class;Ljava/nio/ByteBuffer;Lsun/reflect/ConstantPool;Ljava/lang/Class;)Ljava/lang/Object; @ 53
Event: 295.434 Thread 0x00000000205b9800 Uncommon trap: reason=array_check action=maybe_recompile pc=0x0000000005ed80e4 method=sun.reflect.annotation.AnnotationParser.parseEnumArray(ILjava/lang/Class;Ljava/nio/ByteBuffer;Lsun/reflect/ConstantPool;Ljava/lang/Class;)Ljava/lang/Object; @ 53
Event: 295.434 Thread 0x00000000205b9800 Uncommon trap: reason=array_check action=maybe_recompile pc=0x0000000005ed80e4 method=sun.reflect.annotation.AnnotationParser.parseEnumArray(ILjava/lang/Class;Ljava/nio/ByteBuffer;Lsun/reflect/ConstantPool;Ljava/lang/Class;)Ljava/lang/Object; @ 53
Event: 304.147 Thread 0x00000000205c5800 Uncommon trap: reason=unstable_if action=reinterpret pc=0x0000000004aebb88 method=sun.nio.cs.UTF_8$Decoder.decode([BII[C)I @ 30
Event: 304.274 Thread 0x00000000205c5800 Uncommon trap: reason=unstable_if action=reinterpret pc=0x00000000052f11e8 method=java.net.URI.match(CJJ)Z @ 45
Event: 304.445 Thread 0x00000000205c5800 Uncommon trap: reason=bimorphic action=maybe_recompile pc=0x0000000005e6602c method=java.util.Hashtable.put(Ljava/lang/Object;Ljava/lang/Object;)Ljava/lang/Object; @ 18
Event: 304.445 Thread 0x00000000205c5800 Uncommon trap: reason=bimorphic action=maybe_recompile pc=0x0000000005e6602c method=java.util.Hashtable.put(Ljava/lang/Object;Ljava/lang/Object;)Ljava/lang/Object; @ 18
Event: 304.445 Thread 0x00000000205c5800 Uncommon trap: reason=bimorphic action=maybe_recompile pc=0x0000000005e6602c method=java.util.Hashtable.put(Ljava/lang/Object;Ljava/lang/Object;)Ljava/lang/Object; @ 18
Event: 304.445 Thread 0x00000000205c5800 Uncommon trap: reason=bimorphic action=maybe_recompile pc=0x0000000005e6602c method=java.util.Hashtable.put(Ljava/lang/Object;Ljava/lang/Object;)Ljava/lang/Object; @ 18
Event: 304.458 Thread 0x00000000205c5800 Uncommon trap: reason=unstable_if action=reinterpret pc=0x0000000004ad71a0 method=java.net.URI.match(CJJ)Z @ 45

Internal exceptions (10 events):
Event: 296.745 Thread 0x00000000205b9800 Exception <a 'java/lang/ClassNotFoundException': org/springframework/core/task/AsyncListenableTaskExecutorCustomizer> (0x00000000e06cf4d0) thrown at [C:\re\workspace\8-2-build-windows-amd64-cygwin\jdk8u131\8869\hotspot\src\share\vm\classfile\systemDiction
Event: 296.746 Thread 0x00000000205b9800 Exception <a 'java/lang/ClassNotFoundException': org/springframework/scheduling/SchedulingTaskExecutorCustomizer> (0x00000000e06e6fc8) thrown at [C:\re\workspace\8-2-build-windows-amd64-cygwin\jdk8u131\8869\hotspot\src\share\vm\classfile\systemDictionary.
Event: 296.746 Thread 0x00000000205b9800 Exception <a 'java/lang/ClassNotFoundException': org/springframework/beans/factory/BeanNameAwareCustomizer> (0x00000000e06f9f40) thrown at [C:\re\workspace\8-2-build-windows-amd64-cygwin\jdk8u131\8869\hotspot\src\share\vm\classfile\systemDictionary.cpp, l
Event: 296.746 Thread 0x00000000205b9800 Exception <a 'java/lang/ClassNotFoundException': org/springframework/beans/factory/InitializingBeanCustomizer> (0x00000000e070e250) thrown at [C:\re\workspace\8-2-build-windows-amd64-cygwin\jdk8u131\8869\hotspot\src\share\vm\classfile\systemDictionary.cpp
Event: 296.746 Thread 0x00000000205b9800 Exception <a 'java/lang/ClassNotFoundException': org/springframework/beans/factory/DisposableBeanCustomizer> (0x00000000e07210d8) thrown at [C:\re\workspace\8-2-build-windows-amd64-cygwin\jdk8u131\8869\hotspot\src\share\vm\classfile\systemDictionary.cpp, 
Event: 296.746 Thread 0x00000000205b9800 Exception <a 'java/lang/ClassNotFoundException': java/util/concurrent/ThreadFactoryCustomizer> (0x00000000e072a5c8) thrown at [C:\re\workspace\8-2-build-windows-amd64-cygwin\jdk8u131\8869\hotspot\src\share\vm\classfile\systemDictionary.cpp, line 210]
Event: 296.746 Thread 0x00000000205b9800 Exception <a 'java/lang/ClassNotFoundException': java/io/SerializableCustomizer> (0x00000000e0731fd8) thrown at [C:\re\workspace\8-2-build-windows-amd64-cygwin\jdk8u131\8869\hotspot\src\share\vm\classfile\systemDictionary.cpp, line 210]
Event: 304.579 Thread 0x00000000205c5800 Exception <a 'java/lang/reflect/InvocationTargetException'> (0x00000000e5040918) thrown at [C:\re\workspace\8-2-build-windows-amd64-cygwin\jdk8u131\8869\hotspot\src\share\vm\runtime\reflection.cpp, line 1092]
Event: 304.580 Thread 0x00000000205c5800 Exception <a 'java/lang/reflect/InvocationTargetException'> (0x00000000e5055060) thrown at [C:\re\workspace\8-2-build-windows-amd64-cygwin\jdk8u131\8869\hotspot\src\share\vm\runtime\reflection.cpp, line 1092]
Event: 304.580 Thread 0x00000000205c5800 Exception <a 'java/lang/reflect/InvocationTargetException'> (0x00000000e5065a98) thrown at [C:\re\workspace\8-2-build-windows-amd64-cygwin\jdk8u131\8869\hotspot\src\share\vm\runtime\reflection.cpp, line 1092]

Events (10 events):
Event: 304.586 Executing VM operation: RevokeBias done
Event: 304.586 Executing VM operation: RevokeBias
Event: 304.587 Executing VM operation: RevokeBias done
Event: 304.587 Executing VM operation: RevokeBias
Event: 304.587 Executing VM operation: RevokeBias done
Event: 312.080 Thread 0x000000001d63c800 Thread added: 0x000000001d63c800
Event: 312.082 Thread 0x00000000205b9800 Thread exited: 0x00000000205b9800
Event: 312.082 Executing VM operation: RevokeBias
Event: 312.082 Executing VM operation: RevokeBias done
Event: 312.082 Thread 0x00000000205c0800 Thread exited: 0x00000000205c0800


Dynamic libraries:
0x00007ff7896b0000 - 0x00007ff7896e7000 	C:\Program Files\Java\jdk1.8.0_131\bin\javaw.exe
0x00007fffd75f0000 - 0x00007fffd77d0000 	C:\WINDOWS\SYSTEM32\ntdll.dll
0x00007fffd6ee0000 - 0x00007fffd6f8e000 	C:\WINDOWS\System32\KERNEL32.DLL
0x00007fffd45d0000 - 0x00007fffd4836000 	C:\WINDOWS\System32\KERNELBASE.dll
0x00007fffd2070000 - 0x00007fffd20f8000 	C:\WINDOWS\SYSTEM32\apphelp.dll
0x00007fffb9910000 - 0x00007fffb9967000 	C:\WINDOWS\SYSTEM32\AcGenral.DLL
0x00007fffd6980000 - 0x00007fffd6a1d000 	C:\WINDOWS\System32\msvcrt.dll
0x00007fffd5230000 - 0x00007fffd528b000 	C:\WINDOWS\System32\sechost.dll
0x00007fffd4ac0000 - 0x00007fffd4bdf000 	C:\WINDOWS\System32\RPCRT4.dll
0x00007fffd6e80000 - 0x00007fffd6ed1000 	C:\WINDOWS\System32\SHLWAPI.dll
0x00007fffd4be0000 - 0x00007fffd4ee8000 	C:\WINDOWS\System32\combase.dll
0x00007fffd4840000 - 0x00007fffd4936000 	C:\WINDOWS\System32\ucrtbase.dll
0x00007fffd49f0000 - 0x00007fffd4a62000 	C:\WINDOWS\System32\bcryptPrimitives.dll
0x00007fffd6cd0000 - 0x00007fffd6cf8000 	C:\WINDOWS\System32\GDI32.dll
0x00007fffd3ce0000 - 0x00007fffd3e73000 	C:\WINDOWS\System32\gdi32full.dll
0x00007fffd3bc0000 - 0x00007fffd3c5b000 	C:\WINDOWS\System32\msvcp_win.dll
0x00007fffd50a0000 - 0x00007fffd522f000 	C:\WINDOWS\System32\USER32.dll
0x00007fffd3c60000 - 0x00007fffd3c80000 	C:\WINDOWS\System32\win32u.dll
0x00007fffd6fa0000 - 0x00007fffd70e9000 	C:\WINDOWS\System32\ole32.dll
0x00007fffd5350000 - 0x00007fffd6786000 	C:\WINDOWS\System32\SHELL32.dll
0x00007fffd4a70000 - 0x00007fffd4aba000 	C:\WINDOWS\System32\cfgmgr32.dll
0x00007fffd52a0000 - 0x00007fffd5346000 	C:\WINDOWS\System32\shcore.dll
0x00007fffd3e80000 - 0x00007fffd45c7000 	C:\WINDOWS\System32\windows.storage.dll
0x00007fffd4ef0000 - 0x00007fffd4f91000 	C:\WINDOWS\System32\advapi32.dll
0x00007fffd3940000 - 0x00007fffd3951000 	C:\WINDOWS\System32\kernel.appcore.dll
0x00007fffd3980000 - 0x00007fffd39cc000 	C:\WINDOWS\System32\powrprof.dll
0x00007fffd3960000 - 0x00007fffd397b000 	C:\WINDOWS\System32\profapi.dll
0x00007fffd3840000 - 0x00007fffd3870000 	C:\WINDOWS\SYSTEM32\SspiCli.dll
0x00007fffd3870000 - 0x00007fffd3899000 	C:\WINDOWS\SYSTEM32\USERENV.dll
0x00007fffc0a60000 - 0x00007fffc0a7b000 	C:\WINDOWS\SYSTEM32\MPR.dll
0x00007fffd6a20000 - 0x00007fffd6a4d000 	C:\WINDOWS\System32\IMM32.DLL
0x00007fffcaf60000 - 0x00007fffcb1c9000 	C:\WINDOWS\WinSxS\amd64_microsoft.windows.common-controls_6595b64144ccf1df_6.0.16299.192_none_15c8cdae9364c23b\COMCTL32.dll
0x000000005f8f0000 - 0x000000005f9c2000 	C:\Program Files\Java\jdk1.8.0_131\jre\bin\msvcr100.dll
0x000000005fb10000 - 0x00000000603ac000 	C:\Program Files\Java\jdk1.8.0_131\jre\bin\server\jvm.dll
0x00007fffd6f90000 - 0x00007fffd6f98000 	C:\WINDOWS\System32\PSAPI.DLL
0x00007fffd1f50000 - 0x00007fffd1f73000 	C:\WINDOWS\SYSTEM32\WINMM.dll
0x00007fffc1430000 - 0x00007fffc1439000 	C:\WINDOWS\SYSTEM32\WSOCK32.dll
0x00007fffce1f0000 - 0x00007fffce1fa000 	C:\WINDOWS\SYSTEM32\VERSION.dll
0x00007fffd6e10000 - 0x00007fffd6e7c000 	C:\WINDOWS\System32\WS2_32.dll
0x00007fffd1f20000 - 0x00007fffd1f4a000 	C:\WINDOWS\SYSTEM32\winmmbase.dll
0x0000000062050000 - 0x000000006205f000 	C:\Program Files\Java\jdk1.8.0_131\jre\bin\verify.dll
0x0000000060530000 - 0x0000000060559000 	C:\Program Files\Java\jdk1.8.0_131\jre\bin\java.dll
0x000000005fac0000 - 0x000000005fad6000 	C:\Program Files\Java\jdk1.8.0_131\jre\bin\zip.dll
0x000000005f8e0000 - 0x000000005f8ed000 	C:\Program Files\Java\jdk1.8.0_131\jre\bin\management.dll
0x000000005faa0000 - 0x000000005faba000 	C:\Program Files\Java\jdk1.8.0_131\jre\bin\net.dll
0x00007fffd31d0000 - 0x00007fffd3236000 	C:\WINDOWS\system32\mswsock.dll
0x00007fffbd170000 - 0x00007fffbd186000 	C:\WINDOWS\system32\napinsp.dll
0x00007fffbd150000 - 0x00007fffbd16a000 	C:\WINDOWS\system32\pnrpnsp.dll
0x00007fffd0720000 - 0x00007fffd0738000 	C:\WINDOWS\system32\NLAapi.dll
0x00007fffd2fa0000 - 0x00007fffd3056000 	C:\WINDOWS\SYSTEM32\DNSAPI.dll
0x00007fffd5290000 - 0x00007fffd5298000 	C:\WINDOWS\System32\NSI.dll
0x00007fffd2f60000 - 0x00007fffd2f99000 	C:\WINDOWS\SYSTEM32\IPHLPAPI.DLL
0x00007fffc1df0000 - 0x00007fffc1dfe000 	C:\WINDOWS\System32\winrnr.dll
0x00007fffd00c0000 - 0x00007fffd00ca000 	C:\Windows\System32\rasadhlp.dll
0x00007fffd0350000 - 0x00007fffd03c0000 	C:\WINDOWS\System32\fwpuclnt.dll
0x00007fffd34a0000 - 0x00007fffd34c5000 	C:\WINDOWS\SYSTEM32\bcrypt.dll
0x000000005fa80000 - 0x000000005fa91000 	C:\Program Files\Java\jdk1.8.0_131\jre\bin\nio.dll
0x00007fffd3390000 - 0x00007fffd33a7000 	C:\WINDOWS\SYSTEM32\CRYPTSP.dll
0x00007fffd2de0000 - 0x00007fffd2e13000 	C:\WINDOWS\system32\rsaenh.dll
0x00007fffd33b0000 - 0x00007fffd33bb000 	C:\WINDOWS\SYSTEM32\CRYPTBASE.dll
0x00007fffce760000 - 0x00007fffce776000 	C:\WINDOWS\SYSTEM32\dhcpcsvc6.DLL
0x00007fffcee40000 - 0x00007fffcee5a000 	C:\WINDOWS\SYSTEM32\dhcpcsvc.DLL
0x00007fffb99b0000 - 0x00007fffb99e8000 	C:\Windows\System32\jacob-1.18-x64.dll
0x00007fffd6c00000 - 0x00007fffd6cc5000 	C:\WINDOWS\System32\OLEAUT32.dll
0x00007fffd5000000 - 0x00007fffd509e000 	C:\WINDOWS\System32\clbcatq.dll
0x0000000180000000 - 0x00000001800e3000 	C:\WINDOWS\system32\zkemkeeper.dll
0x000000001e130000 - 0x000000001e15d000 	C:\WINDOWS\system32\plcommpro.dll
0x000000001e170000 - 0x000000001e1b9000 	C:\WINDOWS\system32\zkemsdk.dll
0x000000001e1d0000 - 0x000000001e1ec000 	C:\WINDOWS\system32\commpro.dll
0x00007fffd37a0000 - 0x00007fffd383a000 	C:\WINDOWS\SYSTEM32\sxs.dll
0x00007fffd2400000 - 0x00007fffd2495000 	C:\WINDOWS\system32\uxtheme.dll
0x00007fffd6790000 - 0x00007fffd68f7000 	C:\WINDOWS\System32\MSCTF.dll
0x00007fffc0020000 - 0x00007fffc009c000 	E:\teamviewer\tv_x64.dll
0x00000000220a0000 - 0x00000000220b5000 	C:\WINDOWS\SYSTEM32\tcpcomm.dll
0x00007fffc1be0000 - 0x00007fffc1da8000 	C:\WINDOWS\SYSTEM32\dbghelp.dll

VM Arguments:
jvm_args: -Dfile.encoding=UTF-8 
java_command: com.wemarklinks.Demo1Application
java_class_path (initial): E:\workplace\ZkemProject\target\classes;E:\workplace\ZkemProject\lib\jacob.jar;C:\Users\dell\.m2\repository\org\springframework\boot\spring-boot-starter-web\1.5.9.RELEASE\spring-boot-starter-web-1.5.9.RELEASE.jar;C:\Users\dell\.m2\repository\org\springframework\boot\spring-boot-starter\1.5.9.RELEASE\spring-boot-starter-1.5.9.RELEASE.jar;C:\Users\dell\.m2\repository\org\springframework\boot\spring-boot-starter-logging\1.5.9.RELEASE\spring-boot-starter-logging-1.5.9.RELEASE.jar;C:\Users\dell\.m2\repository\ch\qos\logback\logback-classic\1.1.11\logback-classic-1.1.11.jar;C:\Users\dell\.m2\repository\ch\qos\logback\logback-core\1.1.11\logback-core-1.1.11.jar;C:\Users\dell\.m2\repository\org\slf4j\jcl-over-slf4j\1.7.25\jcl-over-slf4j-1.7.25.jar;C:\Users\dell\.m2\repository\org\slf4j\jul-to-slf4j\1.7.25\jul-to-slf4j-1.7.25.jar;C:\Users\dell\.m2\repository\org\slf4j\log4j-over-slf4j\1.7.25\log4j-over-slf4j-1.7.25.jar;C:\Users\dell\.m2\repository\org\yaml\snakeyaml\1.17\snakeyaml-1.17.jar;C:\Users\dell\.m2\repository\org\hibernate\hibernate-validator\5.3.6.Final\hibernate-validator-5.3.6.Final.jar;C:\Users\dell\.m2\repository\javax\validation\validation-api\1.1.0.Final\validation-api-1.1.0.Final.jar;C:\Users\dell\.m2\repository\org\jboss\logging\jboss-logging\3.3.1.Final\jboss-logging-3.3.1.Final.jar;C:\Users\dell\.m2\repository\com\fasterxml\jackson\core\jackson-databind\2.8.10\jackson-databind-2.8.10.jar;C:\Users\dell\.m2\repository\com\fasterxml\jackson\core\jackson-annotations\2.8.0\jackson-annotations-2.8.0.jar;C:\Users\dell\.m2\repository\com\fasterxml\jackson\core\jackson-core\2.8.10\jackson-core-2.8.10.jar;C:\Users\dell\.m2\repository\org\springframework\spring-web\4.3.13.RELEASE\spring-web-4.3.13.RELEASE.jar;C:\Users\dell\.m2\repository\org\springframework\spring-aop\4.3.13.RELEASE\spring-aop-4.3.13.RELEASE.jar;C:\Users\dell\.m2\repository\org\springframework\spring-beans\4.3.13.RELEASE\spring-beans-4.3.13.RELEASE.jar;C:\Users\dell\.m2\
Launcher Type: SUN_STANDARD

Environment Variables:
PATH=C:/Program Files/Java/jdk1.8.0_131/bin/../jre/bin/server;C:/Program Files/Java/jdk1.8.0_131/bin/../jre/bin;C:/Program Files/Java/jdk1.8.0_131/bin/../jre/lib/amd64;C:\Program Files (x86)\Intel\iCLS Client\;C:\Program Files\Intel\iCLS Client\;C:\WINDOWS\system32;"E:\apache-tomcat-8.0.44\lib;E:\apache-tomcat-8.0.44\bin";E:\apache-maven-3.5.0\bin;C:\WINDOWS;C:\WINDOWS\System32\Wbem;C:\WINDOWS\System32\WindowsPowerShell\v1.0\;C:\Program Files (x86)\Intel\Intel(R) Management Engine Components\DAL;C:\Program Files\Intel\Intel(R) Management Engine Components\DAL;C:\Program Files (x86)\Intel\Intel(R) Management Engine Components\IPT;C:\Program Files\Intel\Intel(R) Management Engine Components\IPT;C:\Python27;C:\Python27\Scripts;C:\PostgreSQL\pg96\bin;E:\git\Git\cmd;E:\mysql-5.7\mysql-5.7.20-winx64\bin;C:\Program Files\Java\jdk1.8.0_131\bin;C:\Program Files\dotnet\;C:\Windows\Microsoft.NET\Framework\v2.0.50727\;%windir%\syswow64;E:\node\;E:\yarn\bin;C:\Users\dell\AppData\Local\Microsoft\WindowsApps;C:\Users\dell\AppData\Local\atom\bin;C:\Users\dell\AppData\Local\Microsoft\WindowsApps;E:\mysql-5.7\mysql-5.7.20-winx64\bin;E:\Microsoft VS Code\bin;E:\mingw-w64\mingw64\bin;C:\WINDOWS\syswow64;C:\WINDOWS\system32;;E:\fiddler;C:\Users\dell\AppData\Roaming\npm;C:\Users\dell\AppData\Local\Yarn\bin;C:\Users\dell\eclipse\jee-neon\eclipse;
USERNAME=dell
OS=Windows_NT
PROCESSOR_IDENTIFIER=Intel64 Family 6 Model 94 Stepping 3, GenuineIntel



---------------  S Y S T E M  ---------------

OS: Windows 10.0 , 64 bit Build 16299 (10.0.16299.15)

CPU:total 8 (initial active 8) (4 cores per cpu, 2 threads per core) family 6 model 94 stepping 3, cmov, cx8, fxsr, mmx, sse, sse2, sse3, ssse3, sse4.1, sse4.2, popcnt, avx, avx2, aes, clmul, erms, rtm, 3dnowpref, lzcnt, ht, tsc, tscinvbit, bmi1, bmi2, adx

Memory: 4k page, physical 8250008k(1259088k free), swap 16402216k(2822668k free)

vm_info: Java HotSpot(TM) 64-Bit Server VM (25.131-b11) for windows-amd64 JRE (1.8.0_131-b11), built on Mar 15 2017 01:23:53 by "java_re" with MS VC++ 10.0 (VS2010)

time: Sun Jan 21 17:42:00 2018
elapsed time: 312 seconds (0d 0h 5m 12s)

